2020-08-31 16:19:08 ERROR XMLTooling.ParserPool : error on line 6, column 21, message: no declaration found for element 'SPConfig'
2020-08-31 16:19:08 ERROR XMLTooling.ParserPool : error on line 6, column 21, message: attribute 'clockSkew' is not declared for element 'SPConfig'
2020-08-31 16:19:08 ERROR Shibboleth.Config : error while loading resource (/etc/shibboleth/shibboleth2.xml): XML error(s) during parsing, check log for specifics
2020-08-31 16:19:08 FATAL Shibboleth.Config : caught exception while loading configuration: XML error(s) during parsing, check log for specifics
2020-08-31 16:25:33 ERROR XMLTooling.ParserPool : error on line 6, column 21, message: no declaration found for element 'SPConfig'
2020-08-31 16:25:33 ERROR XMLTooling.ParserPool : error on line 6, column 21, message: attribute 'clockSkew' is not declared for element 'SPConfig'
2020-08-31 16:25:33 ERROR Shibboleth.Config : error while loading resource (/etc/shibboleth/shibboleth2.xml): XML error(s) during parsing, check log for specifics
2020-08-31 16:25:33 FATAL Shibboleth.Config : caught exception while loading configuration: XML error(s) during parsing, check log for specifics
2020-08-31 16:29:37 WARN Shibboleth.Application : insecure cookieProps setting, set to "https" for SSL/TLS-only usage
2020-08-31 16:29:37 WARN Shibboleth.Application : handlerSSL should be enabled for SSL/TLS-enabled web sites
2020-08-31 16:29:37 WARN Shibboleth.Application : no MetadataProvider available, configure at least one for standard SSO usage
2020-08-31 16:29:37 ERROR OpenSSL : error code: 33599509 in bss_file.c, line 251
2020-08-31 16:29:37 ERROR OpenSSL : error code: 537403394 in bss_file.c, line 252
2020-08-31 16:29:37 CRIT Shibboleth.Application : error building CredentialResolver: Error loading key: BIO_read() can't read from the stream.
2020-08-31 16:34:13 ERROR XMLTooling.ParserPool : error on line 6, column 21, message: no declaration found for element 'SPConfig'
2020-08-31 16:34:13 ERROR XMLTooling.ParserPool : error on line 6, column 21, message: attribute 'clockSkew' is not declared for element 'SPConfig'
2020-08-31 16:34:13 ERROR Shibboleth.Config : error while loading resource (/etc/shibboleth/shibboleth2.xml): XML error(s) during parsing, check log for specifics
2020-08-31 16:34:13 FATAL Shibboleth.Config : caught exception while loading configuration: XML error(s) during parsing, check log for specifics
2020-08-31 16:37:26 ERROR XMLTooling.ParserPool : error on line 6, column 21, message: no declaration found for element 'SPConfig'
2020-08-31 16:37:26 ERROR XMLTooling.ParserPool : error on line 6, column 21, message: attribute 'clockSkew' is not declared for element 'SPConfig'
2020-08-31 16:37:26 ERROR Shibboleth.Config : error while loading resource (/etc/shibboleth/shibboleth2.xml): XML error(s) during parsing, check log for specifics
2020-08-31 16:37:26 FATAL Shibboleth.Config : caught exception while loading configuration: XML error(s) during parsing, check log for specifics
2020-08-31 16:38:45 ERROR XMLTooling.ParserPool : error on line 6, column 21, message: no declaration found for element 'SPConfig'
2020-08-31 16:38:45 ERROR XMLTooling.ParserPool : error on line 6, column 21, message: attribute 'clockSkew' is not declared for element 'SPConfig'
2020-08-31 16:38:45 ERROR Shibboleth.Config : error while loading resource (/etc/shibboleth/shibboleth2.xml): XML error(s) during parsing, check log for specifics
2020-08-31 16:38:45 FATAL Shibboleth.Config : caught exception while loading configuration: XML error(s) during parsing, check log for specifics
2020-08-31 16:39:52 ERROR XMLTooling.ParserPool : error on line 6, column 21, message: no declaration found for element 'SPConfig'
2020-08-31 16:39:52 ERROR XMLTooling.ParserPool : error on line 6, column 21, message: attribute 'clockSkew' is not declared for element 'SPConfig'
2020-08-31 16:39:52 ERROR Shibboleth.Config : error while loading resource (/etc/shibboleth/shibboleth2.xml): XML error(s) during parsing, check log for specifics
2020-08-31 16:39:52 FATAL Shibboleth.Config : caught exception while loading configuration: XML error(s) during parsing, check log for specifics
2020-09-01 07:42:12 ERROR XMLTooling.ParserPool : error on line 4, column 44, message: no declaration found for element 'SPConfig'
2020-09-01 07:42:12 ERROR XMLTooling.ParserPool : error on line 4, column 44, message: attribute 'logger' is not declared for element 'SPConfig'
2020-09-01 07:42:12 ERROR XMLTooling.ParserPool : error on line 4, column 44, message: attribute 'clockSkew' is not declared for element 'SPConfig'
2020-09-01 07:42:12 ERROR XMLTooling.ParserPool : fatal error on line 30, column 20, message: prefix 'ds' can not be resolved to namespace URI
2020-09-01 07:42:12 ERROR Shibboleth.Config : error while loading resource (/etc/shibboleth/shibboleth2.xml): XML error(s) during parsing, check log for specifics
2020-09-01 07:42:12 FATAL Shibboleth.Config : caught exception while loading configuration: XML error(s) during parsing, check log for specifics
2020-09-01 07:44:00 ERROR XMLTooling.ParserPool : error on line 4, column 44, message: no declaration found for element 'SPConfig'
2020-09-01 07:44:00 ERROR XMLTooling.ParserPool : error on line 4, column 44, message: attribute 'logger' is not declared for element 'SPConfig'
2020-09-01 07:44:00 ERROR XMLTooling.ParserPool : error on line 4, column 44, message: attribute 'clockSkew' is not declared for element 'SPConfig'
2020-09-01 07:44:00 ERROR XMLTooling.ParserPool : fatal error on line 30, column 20, message: prefix 'ds' can not be resolved to namespace URI
2020-09-01 07:44:00 ERROR Shibboleth.Config : error while loading resource (/etc/shibboleth/shibboleth2.xml): XML error(s) during parsing, check log for specifics
2020-09-01 07:44:00 FATAL Shibboleth.Config : caught exception while loading configuration: XML error(s) during parsing, check log for specifics
2020-09-01 07:57:52 ERROR XMLTooling.ParserPool : error on line 4, column 44, message: no declaration found for element 'SPConfig'
2020-09-01 07:57:52 ERROR XMLTooling.ParserPool : error on line 4, column 44, message: attribute 'logger' is not declared for element 'SPConfig'
2020-09-01 07:57:52 ERROR XMLTooling.ParserPool : error on line 4, column 44, message: attribute 'clockSkew' is not declared for element 'SPConfig'
2020-09-01 07:57:52 ERROR XMLTooling.ParserPool : fatal error on line 30, column 20, message: prefix 'ds' can not be resolved to namespace URI
2020-09-01 07:57:52 ERROR Shibboleth.Config : error while loading resource (/etc/shibboleth/shibboleth2.xml): XML error(s) during parsing, check log for specifics
2020-09-01 07:57:52 FATAL Shibboleth.Config : caught exception while loading configuration: XML error(s) during parsing, check log for specifics
2020-09-01 07:58:36 ERROR XMLTooling.ParserPool : error on line 4, column 44, message: no declaration found for element 'SPConfig'
2020-09-01 07:58:36 ERROR XMLTooling.ParserPool : error on line 4, column 44, message: attribute 'logger' is not declared for element 'SPConfig'
2020-09-01 07:58:36 ERROR XMLTooling.ParserPool : error on line 4, column 44, message: attribute 'clockSkew' is not declared for element 'SPConfig'
2020-09-01 07:58:36 ERROR XMLTooling.ParserPool : fatal error on line 30, column 20, message: prefix 'ds' can not be resolved to namespace URI
2020-09-01 07:58:36 ERROR Shibboleth.Config : error while loading resource (/etc/shibboleth//shibboleth2.xml): XML error(s) during parsing, check log for specifics
2020-09-01 07:58:36 FATAL Shibboleth.Config : caught exception while loading configuration: XML error(s) during parsing, check log for specifics
2020-09-01 14:17:00 ERROR XMLTooling.ParserPool : error on line 4, column 44, message: no declaration found for element 'SPConfig'
2020-09-01 14:17:00 ERROR XMLTooling.ParserPool : error on line 4, column 44, message: attribute 'logger' is not declared for element 'SPConfig'
2020-09-01 14:17:00 ERROR XMLTooling.ParserPool : error on line 4, column 44, message: attribute 'clockSkew' is not declared for element 'SPConfig'
2020-09-01 14:17:00 ERROR XMLTooling.ParserPool : fatal error on line 30, column 20, message: prefix 'ds' can not be resolved to namespace URI
2020-09-01 14:17:00 ERROR Shibboleth.Config : error while loading resource (/etc/shibboleth/shibboleth2.xml): XML error(s) during parsing, check log for specifics
2020-09-01 14:17:00 FATAL Shibboleth.Config : caught exception while loading configuration: XML error(s) during parsing, check log for specifics
2020-09-01 14:35:00 ERROR XMLTooling.ParserPool : error on line 4, column 44, message: no declaration found for element 'SPConfig'
2020-09-01 14:35:00 ERROR XMLTooling.ParserPool : error on line 4, column 44, message: attribute 'logger' is not declared for element 'SPConfig'
2020-09-01 14:35:00 ERROR XMLTooling.ParserPool : error on line 4, column 44, message: attribute 'clockSkew' is not declared for element 'SPConfig'
2020-09-01 14:35:00 ERROR XMLTooling.ParserPool : fatal error on line 30, column 20, message: prefix 'ds' can not be resolved to namespace URI
2020-09-01 14:35:00 ERROR Shibboleth.Config : error while loading resource (/etc/shibboleth/shibboleth2.xml): XML error(s) during parsing, check log for specifics
2020-09-01 14:35:00 FATAL Shibboleth.Config : caught exception while loading configuration: XML error(s) during parsing, check log for specifics
2020-09-09 20:31:52 ERROR XMLTooling.ParserPool : error on line 6, column 21, message: no declaration found for element 'SPConfig'
2020-09-09 20:31:52 ERROR XMLTooling.ParserPool : error on line 6, column 21, message: attribute 'clockSkew' is not declared for element 'SPConfig'
2020-09-09 20:31:52 ERROR Shibboleth.Config : error while loading resource (/etc/shibboleth/shibboleth2.xml): XML error(s) during parsing, check log for specifics
2020-09-09 20:31:52 FATAL Shibboleth.Config : caught exception while loading configuration: XML error(s) during parsing, check log for specifics
