2020-08-31 16:19:08 INFO XMLTooling.Config : xmltooling 1.5.6 library initialization complete
2020-08-31 16:19:08 INFO OpenSAML.Config : opensaml 2.5.5 library initialization complete
2020-08-31 16:19:08 INFO Shibboleth.Config : shibboleth 2.5.3 library initialization complete
2020-08-31 16:19:08 INFO Shibboleth.Config : reload thread started...running when signaled
2020-08-31 16:19:08 ERROR XMLTooling.ParserPool : error on line 6, column 21, message: no declaration found for element 'SPConfig'
2020-08-31 16:19:08 ERROR XMLTooling.ParserPool : error on line 6, column 21, message: attribute 'clockSkew' is not declared for element 'SPConfig'
2020-08-31 16:19:08 ERROR Shibboleth.Config : error while loading resource (/etc/shibboleth/shibboleth2.xml): XML error(s) during parsing, check log for specifics
2020-08-31 16:19:08 FATAL Shibboleth.Config : caught exception while loading configuration: XML error(s) during parsing, check log for specifics
2020-08-31 16:19:08 INFO Shibboleth.Config : shibboleth 2.5.3 library shutting down
2020-08-31 16:19:08 INFO Shibboleth.Config : reload thread finished
2020-08-31 16:19:08 INFO XMLTooling.Config : xmltooling 1.5.6 library shutdown complete
2020-08-31 16:19:08 INFO OpenSAML.Config : opensaml 2.5.5 library shutdown complete
2020-08-31 16:19:08 INFO Shibboleth.Config : shibboleth 2.5.3 library shutdown complete
2020-08-31 16:25:33 INFO XMLTooling.Config : xmltooling 1.5.6 library initialization complete
2020-08-31 16:25:33 INFO OpenSAML.Config : opensaml 2.5.5 library initialization complete
2020-08-31 16:25:33 INFO Shibboleth.Config : shibboleth 2.5.3 library initialization complete
2020-08-31 16:25:33 INFO Shibboleth.Config : reload thread started...running when signaled
2020-08-31 16:25:33 ERROR XMLTooling.ParserPool : error on line 6, column 21, message: no declaration found for element 'SPConfig'
2020-08-31 16:25:33 ERROR XMLTooling.ParserPool : error on line 6, column 21, message: attribute 'clockSkew' is not declared for element 'SPConfig'
2020-08-31 16:25:33 ERROR Shibboleth.Config : error while loading resource (/etc/shibboleth/shibboleth2.xml): XML error(s) during parsing, check log for specifics
2020-08-31 16:25:33 FATAL Shibboleth.Config : caught exception while loading configuration: XML error(s) during parsing, check log for specifics
2020-08-31 16:25:33 INFO Shibboleth.Config : shibboleth 2.5.3 library shutting down
2020-08-31 16:25:33 INFO Shibboleth.Config : reload thread finished
2020-08-31 16:25:33 INFO XMLTooling.Config : xmltooling 1.5.6 library shutdown complete
2020-08-31 16:25:33 INFO OpenSAML.Config : opensaml 2.5.5 library shutdown complete
2020-08-31 16:25:33 INFO Shibboleth.Config : shibboleth 2.5.3 library shutdown complete
2020-08-31 16:29:37 INFO XMLTooling.Config : xmltooling 1.5.6 library initialization complete
2020-08-31 16:29:37 INFO OpenSAML.Config : opensaml 2.5.5 library initialization complete
2020-08-31 16:29:37 INFO Shibboleth.Config : shibboleth 2.5.3 library initialization complete
2020-08-31 16:29:37 INFO Shibboleth.Config : reload thread started...running when signaled
2020-08-31 16:29:37 INFO Shibboleth.Config : loaded XML resource (/etc/shibboleth/shibboleth2.xml)
2020-08-31 16:29:37 INFO Shibboleth.Config : Shibboleth SP Version 2.5.3
2020-08-31 16:29:37 INFO Shibboleth.Config : Library versions: log4shib 1.0.8, Xerces-C 3.1.1, XML-Security-C 1.7.2, XMLTooling-C 1.5.6, OpenSAML-C 2.5.5, Shibboleth 1.5.3
2020-08-31 16:29:37 INFO Shibboleth.Config : building ListenerService of type UnixListener...
2020-08-31 16:29:37 INFO Shibboleth.Listener : registered remoted message endpoint (set::RelayState)
2020-08-31 16:29:37 INFO Shibboleth.Listener : registered remoted message endpoint (get::RelayState)
2020-08-31 16:29:37 INFO Shibboleth.Listener : registered remoted message endpoint (set::PostData)
2020-08-31 16:29:37 INFO Shibboleth.Listener : registered remoted message endpoint (get::PostData)
2020-08-31 16:29:37 INFO Shibboleth.Config : no StorageService plugin(s) installed, using (mem) in-memory instance
2020-08-31 16:29:37 INFO Shibboleth.Config : no ReplayCache specified, using arbitrary StorageService instance
2020-08-31 16:29:37 INFO Shibboleth.Config : no ArtifactMap specified, building in-memory ArtifactMap...
2020-08-31 16:29:37 INFO Shibboleth.Config : no SessionCache specified, using StorageService-backed instance
2020-08-31 16:29:37 INFO Shibboleth.SessionCache : bound to arbitrary StorageService
2020-08-31 16:29:37 INFO Shibboleth.SessionCache : StorageService for 'lite' use not set, using standard StorageService
2020-08-31 16:29:37 INFO Shibboleth.Listener : registered remoted message endpoint (find::StorageService::SessionCache)
2020-08-31 16:29:37 INFO Shibboleth.Listener : registered remoted message endpoint (remove::StorageService::SessionCache)
2020-08-31 16:29:37 INFO Shibboleth.Listener : registered remoted message endpoint (touch::StorageService::SessionCache)
2020-08-31 16:29:37 INFO Shibboleth.Config : building SecurityPolicyProvider of type XML...
2020-08-31 16:29:37 INFO Shibboleth.SecurityPolicyProvider.XML : loaded XML resource (/etc/shibboleth/security-policy.xml)
2020-08-31 16:29:37 INFO OpenSAML.SecurityPolicyRule.Conditions : building SecurityPolicyRule of type Audience
2020-08-31 16:29:37 INFO OpenSAML.SecurityPolicyRule.Conditions : building SecurityPolicyRule of type Audience
2020-08-31 16:29:37 INFO OpenSAML.SecurityPolicyRule.Conditions : building SecurityPolicyRule of type Ignore
2020-08-31 16:29:37 INFO OpenSAML.SecurityPolicyRule.Conditions : building SecurityPolicyRule of type Ignore
2020-08-31 16:29:37 INFO OpenSAML.SecurityPolicyRule.Conditions : building SecurityPolicyRule of type Ignore
2020-08-31 16:29:37 INFO Shibboleth.Config : automatically blacklisting security algorithm (http://www.w3.org/2001/04/xmldsig-more#rsa-md5)
2020-08-31 16:29:37 INFO Shibboleth.Config : automatically blacklisting security algorithm (http://www.w3.org/2001/04/xmldsig-more#md5)
2020-08-31 16:29:37 INFO Shibboleth.Config : automatically blacklisting security algorithm (http://www.w3.org/2001/04/xmlenc#rsa-1_5)
2020-08-31 16:29:37 INFO Shibboleth.Config : building ProtocolProvider of type XML...
2020-08-31 16:29:37 INFO Shibboleth.ProtocolProvider.XML : loaded XML resource (/etc/shibboleth/protocols.xml)
2020-08-31 16:29:37 WARN Shibboleth.Application : insecure cookieProps setting, set to "https" for SSL/TLS-only usage
2020-08-31 16:29:37 WARN Shibboleth.Application : handlerSSL should be enabled for SSL/TLS-enabled web sites
2020-08-31 16:29:37 INFO Shibboleth.Application : auto-configuring SSO initiation for protocol (SAML2)
2020-08-31 16:29:37 INFO Shibboleth.Application : adding SessionInitiator of type (SAML2) to chain (/Login)
2020-08-31 16:29:37 INFO Shibboleth.Application : auto-configuring ArtifactResolution endpoints for protocol (SAML2)
2020-08-31 16:29:37 INFO Shibboleth.Application : adding ArtifactResolutionService for Binding (urn:oasis:names:tc:SAML:2.0:bindings:SOAP) at (/Artifact/SOAP)
2020-08-31 16:29:37 INFO Shibboleth.Listener : registered remoted message endpoint (default/Artifact/SOAP::run::SAML2Artifact)
2020-08-31 16:29:37 INFO Shibboleth.Application : auto-configuring SSO endpoints for protocol (SAML2)
2020-08-31 16:29:37 INFO Shibboleth.Application : adding AssertionConsumerService for Binding (urn:oasis:names:tc:SAML:2.0:bindings:HTTP-POST) at (/SAML2/POST)
2020-08-31 16:29:37 INFO Shibboleth.Listener : registered remoted message endpoint (default/SAML2/POST)
2020-08-31 16:29:37 INFO Shibboleth.Application : adding AssertionConsumerService for Binding (urn:oasis:names:tc:SAML:2.0:bindings:HTTP-POST-SimpleSign) at (/SAML2/POST-SimpleSign)
2020-08-31 16:29:37 INFO Shibboleth.Listener : registered remoted message endpoint (default/SAML2/POST-SimpleSign)
2020-08-31 16:29:37 INFO Shibboleth.Application : adding AssertionConsumerService for Binding (urn:oasis:names:tc:SAML:2.0:bindings:HTTP-Artifact) at (/SAML2/Artifact)
2020-08-31 16:29:37 INFO Shibboleth.Listener : registered remoted message endpoint (default/SAML2/Artifact)
2020-08-31 16:29:37 INFO Shibboleth.Application : adding AssertionConsumerService for Binding (urn:oasis:names:tc:SAML:2.0:bindings:PAOS) at (/SAML2/ECP)
2020-08-31 16:29:37 INFO Shibboleth.Listener : registered remoted message endpoint (default/SAML2/ECP)
2020-08-31 16:29:37 INFO Shibboleth.Application : auto-configuring SSO initiation for protocol (SAML1)
2020-08-31 16:29:37 INFO Shibboleth.Application : adding SessionInitiator of type (Shib1) to chain (/Login)
2020-08-31 16:29:37 INFO Shibboleth.Application : auto-configuring SSO endpoints for protocol (SAML1)
2020-08-31 16:29:37 INFO Shibboleth.Application : adding AssertionConsumerService for Binding (urn:oasis:names:tc:SAML:1.0:profiles:browser-post) at (/SAML/POST)
2020-08-31 16:29:37 INFO Shibboleth.Listener : registered remoted message endpoint (default/SAML/POST)
2020-08-31 16:29:37 INFO Shibboleth.Application : adding AssertionConsumerService for Binding (urn:oasis:names:tc:SAML:1.0:profiles:artifact-01) at (/SAML/Artifact)
2020-08-31 16:29:37 INFO Shibboleth.Listener : registered remoted message endpoint (default/SAML/Artifact)
2020-08-31 16:29:37 INFO Shibboleth.Application : adding SessionInitiator of type (SAMLDS) to chain (/Login)
2020-08-31 16:29:37 INFO Shibboleth.Listener : registered remoted message endpoint (default/Login::run::SAML2SI)
2020-08-31 16:29:37 INFO Shibboleth.Listener : registered remoted message endpoint (default/Login::run::Shib1SI)
2020-08-31 16:29:37 INFO Shibboleth.Application : auto-configuring Logout initiation for protocol (SAML2)
2020-08-31 16:29:37 INFO Shibboleth.Application : adding LogoutInitiator of type (SAML2) to chain (/Logout)
2020-08-31 16:29:37 INFO Shibboleth.Application : auto-configuring Logout endpoints for protocol (SAML2)
2020-08-31 16:29:37 INFO Shibboleth.Application : adding SingleLogoutService for Binding (urn:oasis:names:tc:SAML:2.0:bindings:SOAP) at (/SLO/SOAP)
2020-08-31 16:29:37 INFO Shibboleth.Listener : registered remoted message endpoint (default/SLO/SOAP)
2020-08-31 16:29:37 INFO Shibboleth.Application : adding SingleLogoutService for Binding (urn:oasis:names:tc:SAML:2.0:bindings:HTTP-Redirect) at (/SLO/Redirect)
2020-08-31 16:29:37 INFO Shibboleth.Listener : registered remoted message endpoint (default/SLO/Redirect)
2020-08-31 16:29:37 INFO Shibboleth.Application : adding SingleLogoutService for Binding (urn:oasis:names:tc:SAML:2.0:bindings:HTTP-POST) at (/SLO/POST)
2020-08-31 16:29:37 INFO Shibboleth.Listener : registered remoted message endpoint (default/SLO/POST)
2020-08-31 16:29:37 INFO Shibboleth.Application : adding SingleLogoutService for Binding (urn:oasis:names:tc:SAML:2.0:bindings:HTTP-Artifact) at (/SLO/Artifact)
2020-08-31 16:29:37 INFO Shibboleth.Listener : registered remoted message endpoint (default/SLO/Artifact)
2020-08-31 16:29:37 INFO Shibboleth.Application : auto-configuring Logout initiation for protocol (Local)
2020-08-31 16:29:37 INFO Shibboleth.Application : adding LogoutInitiator of type (Local) to chain (/Logout)
2020-08-31 16:29:37 INFO Shibboleth.Listener : registered remoted message endpoint (default/Logout::run::SAML2LI)
2020-08-31 16:29:37 INFO Shibboleth.Listener : registered remoted message endpoint (default/Logout::run::LocalLI)
2020-08-31 16:29:37 INFO Shibboleth.Listener : registered remoted message endpoint (default/Metadata)
2020-08-31 16:29:37 INFO Shibboleth.Listener : registered remoted message endpoint (default/Status)
2020-08-31 16:29:37 INFO Shibboleth.Listener : registered remoted message endpoint (default/DiscoFeed)
2020-08-31 16:29:37 INFO Shibboleth.DiscoveryFeed : feed files will be cached in /var/cache/shibboleth/
2020-08-31 16:29:37 WARN Shibboleth.Application : no MetadataProvider available, configure at least one for standard SSO usage
2020-08-31 16:29:37 INFO Shibboleth.Application : no TrustEngine specified or installed, using default chain {ExplicitKey, PKIX}
2020-08-31 16:29:37 INFO Shibboleth.Application : building AttributeExtractor of type XML...
2020-08-31 16:29:37 INFO XMLTooling.StorageService : cleanup thread started...running every 900 seconds
2020-08-31 16:29:37 INFO Shibboleth.AttributeExtractor.XML : loaded XML resource (/etc/shibboleth/attribute-map.xml)
2020-08-31 16:29:37 INFO Shibboleth.AttributeExtractor.XML : creating mapping for Attribute urn:oid:1.3.6.1.4.1.5923.1.1.1.10
2020-08-31 16:29:37 INFO Shibboleth.AttributeExtractor.XML : creating mapping for Attribute urn:oasis:names:tc:SAML:2.0:nameid-format:persistent
2020-08-31 16:29:37 INFO Shibboleth.AttributeExtractor.XML : creating mapping for Attribute urn:oid:1.3.6.1.4.1.5923.1.1.1.6
2020-08-31 16:29:37 INFO Shibboleth.AttributeExtractor.XML : creating mapping for Attribute urn:oid:1.3.6.1.4.1.5923.1.1.1.12
2020-08-31 16:29:37 INFO Shibboleth.AttributeExtractor.XML : creating mapping for Attribute urn:oid:1.3.6.1.4.1.5923.1.1.1.9
2020-08-31 16:29:37 INFO Shibboleth.AttributeExtractor.XML : creating mapping for Attribute urn:oid:1.3.6.1.4.1.5923.1.1.1.1
2020-08-31 16:29:37 INFO Shibboleth.AttributeExtractor.XML : creating mapping for Attribute urn:oid:1.3.6.1.4.1.5923.1.1.1.7
2020-08-31 16:29:37 INFO Shibboleth.AttributeExtractor.XML : creating mapping for Attribute urn:oid:1.3.6.1.4.1.5923.1.1.1.5
2020-08-31 16:29:37 INFO Shibboleth.AttributeExtractor.XML : creating mapping for Attribute urn:oid:1.3.6.1.4.1.5923.1.1.1.2
2020-08-31 16:29:37 INFO Shibboleth.AttributeExtractor.XML : creating mapping for Attribute urn:oid:1.3.6.1.4.1.5923.1.1.1.8
2020-08-31 16:29:37 INFO Shibboleth.AttributeExtractor.XML : creating mapping for Attribute urn:oid:1.3.6.1.4.1.5923.1.1.1.4
2020-08-31 16:29:37 INFO Shibboleth.AttributeExtractor.XML : creating mapping for Attribute urn:oid:1.3.6.1.4.1.5923.1.1.1.3
2020-08-31 16:29:37 INFO Shibboleth.AttributeExtractor.XML : creating mapping for Attribute urn:oid:1.3.6.1.4.1.5923.1.1.1.11
2020-08-31 16:29:37 INFO Shibboleth.AttributeExtractor.XML : creating mapping for Attribute urn:oid:1.3.6.1.4.1.5923.1.1.1.13
2020-08-31 16:29:37 INFO Shibboleth.AttributeExtractor.XML : creating mapping for Attribute urn:oid:1.3.6.1.4.1.5923.1.1.1.16
2020-08-31 16:29:37 INFO Shibboleth.AttributeExtractor.XML : creating mapping for Attribute urn:oid:1.3.6.1.4.1.5923.1.5.1.1
2020-08-31 16:29:37 INFO Shibboleth.AttributeExtractor.XML : creating mapping for Attribute urn:oid:1.3.6.1.4.1.5923.1.6.1.1
2020-08-31 16:29:37 INFO Shibboleth.AttributeExtractor.XML : creating mapping for Attribute urn:oid:1.3.6.1.4.1.5923.1.6.1.2
2020-08-31 16:29:37 INFO Shibboleth.AttributeExtractor.XML : creating mapping for Attribute urn:oid:1.3.6.1.4.1.2428.90.1.10
2020-08-31 16:29:37 INFO Shibboleth.AttributeExtractor.XML : creating mapping for Attribute urn:oid:1.3.6.1.4.1.2428.90.1.5
2020-08-31 16:29:37 INFO Shibboleth.AttributeExtractor.XML : creating mapping for Attribute urn:oid:1.3.6.1.4.1.2428.90.1.4
2020-08-31 16:29:37 INFO Shibboleth.AttributeExtractor.XML : creating mapping for Attribute urn:oid:1.3.6.1.4.1.2428.90.1.6
2020-08-31 16:29:37 INFO Shibboleth.AttributeExtractor.XML : creating mapping for Attribute urn:oid:1.3.6.1.4.1.2428.90.1.3
2020-08-31 16:29:37 INFO Shibboleth.AttributeExtractor.XML : creating mapping for Attribute urn:oid:1.3.6.1.4.1.2428.90.1.13
2020-08-31 16:29:37 INFO Shibboleth.AttributeExtractor.XML : creating mapping for Attribute urn:oid:1.3.6.1.4.1.2428.90.1.14
2020-08-31 16:29:37 INFO Shibboleth.AttributeExtractor.XML : creating mapping for Attribute urn:oid:1.3.6.1.4.1.2428.90.1.7
2020-08-31 16:29:37 INFO Shibboleth.AttributeExtractor.XML : creating mapping for Attribute urn:oid:1.3.6.1.4.1.2428.90.1.8
2020-08-31 16:29:37 INFO Shibboleth.AttributeExtractor.XML : creating mapping for Attribute urn:oid:1.3.6.1.4.1.2428.90.1.12
2020-08-31 16:29:37 INFO Shibboleth.AttributeExtractor.XML : creating mapping for Attribute urn:oid:1.3.6.1.4.1.2428.90.1.1
2020-08-31 16:29:37 INFO Shibboleth.AttributeExtractor.XML : creating mapping for Attribute urn:oid:1.3.6.1.4.1.2428.90.1.2
2020-08-31 16:29:37 INFO Shibboleth.AttributeExtractor.XML : creating mapping for Attribute urn:oid:1.3.6.1.4.1.25178.1.2.1
2020-08-31 16:29:37 INFO Shibboleth.AttributeExtractor.XML : creating mapping for Attribute urn:oid:1.3.6.1.4.1.25178.1.2.2
2020-08-31 16:29:37 INFO Shibboleth.AttributeExtractor.XML : creating mapping for Attribute urn:oid:1.3.6.1.4.1.25178.1.2.3
2020-08-31 16:29:37 INFO Shibboleth.AttributeExtractor.XML : creating mapping for Attribute urn:oid:1.3.6.1.4.1.25178.1.2.4
2020-08-31 16:29:37 INFO Shibboleth.AttributeExtractor.XML : creating mapping for Attribute urn:oid:1.3.6.1.4.1.25178.1.2.5
2020-08-31 16:29:37 INFO Shibboleth.AttributeExtractor.XML : creating mapping for Attribute urn:oid:1.3.6.1.4.1.25178.1.2.6
2020-08-31 16:29:37 INFO Shibboleth.AttributeExtractor.XML : creating mapping for Attribute urn:oid:1.3.6.1.4.1.25178.1.2.7
2020-08-31 16:29:37 INFO Shibboleth.AttributeExtractor.XML : creating mapping for Attribute urn:oid:1.3.6.1.4.1.25178.1.2.8
2020-08-31 16:29:37 INFO Shibboleth.AttributeExtractor.XML : creating mapping for Attribute urn:oid:1.3.6.1.4.1.25178.1.2.9
2020-08-31 16:29:37 INFO Shibboleth.AttributeExtractor.XML : creating mapping for Attribute urn:oid:1.3.6.1.4.1.25178.1.2.10
2020-08-31 16:29:37 INFO Shibboleth.AttributeExtractor.XML : creating mapping for Attribute urn:oid:1.3.6.1.4.1.25178.1.2.11
2020-08-31 16:29:37 INFO Shibboleth.AttributeExtractor.XML : creating mapping for Attribute urn:oid:1.3.6.1.4.1.25178.1.2.12
2020-08-31 16:29:37 INFO Shibboleth.AttributeExtractor.XML : creating mapping for Attribute urn:oid:1.3.6.1.4.1.25178.1.2.13
2020-08-31 16:29:37 INFO Shibboleth.AttributeExtractor.XML : creating mapping for Attribute urn:oid:1.3.6.1.4.1.25178.1.2.14
2020-08-31 16:29:37 INFO Shibboleth.AttributeExtractor.XML : creating mapping for Attribute urn:oid:1.3.6.1.4.1.25178.1.2.15
2020-08-31 16:29:37 INFO Shibboleth.AttributeExtractor.XML : creating mapping for Attribute urn:oid:1.3.6.1.4.1.25178.1.2.17
2020-08-31 16:29:37 INFO Shibboleth.AttributeExtractor.XML : creating mapping for Attribute urn:oid:1.3.6.1.4.1.25178.1.2.18
2020-08-31 16:29:37 INFO Shibboleth.AttributeExtractor.XML : creating mapping for Attribute urn:oid:1.3.6.1.4.1.25178.1.2.19
2020-08-31 16:29:37 INFO Shibboleth.AttributeExtractor.XML : creating mapping for Attribute urn:oid:1.3.6.1.4.1.25178.1.2.20
2020-08-31 16:29:37 INFO Shibboleth.AttributeExtractor.XML : creating mapping for Attribute urn:oid:1.3.6.1.4.1.25178.1.2.21
2020-08-31 16:29:37 INFO Shibboleth.AttributeExtractor.XML : creating mapping for Attribute urn:oid:1.2.752.104.2.3.1
2020-08-31 16:29:37 INFO Shibboleth.AttributeExtractor.XML : creating mapping for Attribute urn:oid:1.2.752.104.3.1.1
2020-08-31 16:29:37 INFO Shibboleth.AttributeExtractor.XML : creating mapping for Attribute urn:oid:1.2.752.104.3.1.2
2020-08-31 16:29:37 INFO Shibboleth.AttributeExtractor.XML : creating mapping for Attribute urn:oasis:names:tc:SAML:attribute:assurance-certification
2020-08-31 16:29:37 INFO Shibboleth.AttributeExtractor.XML : creating mapping for Attribute urn:oid:2.5.4.3
2020-08-31 16:29:37 INFO Shibboleth.AttributeExtractor.XML : creating mapping for Attribute urn:oid:2.5.4.4
2020-08-31 16:29:37 INFO Shibboleth.AttributeExtractor.XML : creating mapping for Attribute urn:oid:2.5.4.42
2020-08-31 16:29:37 INFO Shibboleth.AttributeExtractor.XML : creating mapping for Attribute urn:oid:2.16.840.1.113730.3.1.241
2020-08-31 16:29:37 INFO Shibboleth.AttributeExtractor.XML : creating mapping for Attribute urn:oid:0.9.2342.19200300.100.1.1
2020-08-31 16:29:37 INFO Shibboleth.AttributeExtractor.XML : creating mapping for Attribute urn:oid:0.9.2342.19200300.100.1.3
2020-08-31 16:29:37 INFO Shibboleth.AttributeExtractor.XML : creating mapping for Attribute urn:oid:2.5.4.20
2020-08-31 16:29:37 INFO Shibboleth.AttributeExtractor.XML : creating mapping for Attribute urn:oid:2.5.4.12
2020-08-31 16:29:37 INFO Shibboleth.AttributeExtractor.XML : creating mapping for Attribute urn:oid:2.5.4.43
2020-08-31 16:29:37 INFO Shibboleth.AttributeExtractor.XML : creating mapping for Attribute urn:oid:2.5.4.13
2020-08-31 16:29:37 INFO Shibboleth.AttributeExtractor.XML : creating mapping for Attribute urn:oid:2.16.840.1.113730.3.1.1
2020-08-31 16:29:37 INFO Shibboleth.AttributeExtractor.XML : creating mapping for Attribute urn:oid:2.16.840.1.113730.3.1.2
2020-08-31 16:29:37 INFO Shibboleth.AttributeExtractor.XML : creating mapping for Attribute urn:oid:2.16.840.1.113730.3.1.3
2020-08-31 16:29:37 INFO Shibboleth.AttributeExtractor.XML : creating mapping for Attribute urn:oid:2.16.840.1.113730.3.1.4
2020-08-31 16:29:37 INFO Shibboleth.AttributeExtractor.XML : creating mapping for Attribute urn:oid:2.16.840.1.113730.3.1.39
2020-08-31 16:29:37 INFO Shibboleth.AttributeExtractor.XML : creating mapping for Attribute urn:oid:0.9.2342.19200300.100.1.10
2020-08-31 16:29:37 INFO Shibboleth.AttributeExtractor.XML : creating mapping for Attribute urn:oid:2.5.4.34
2020-08-31 16:29:37 INFO Shibboleth.AttributeExtractor.XML : creating mapping for Attribute urn:oid:2.5.4.23
2020-08-31 16:29:37 INFO Shibboleth.AttributeExtractor.XML : creating mapping for Attribute urn:oid:2.5.4.9
2020-08-31 16:29:37 INFO Shibboleth.AttributeExtractor.XML : creating mapping for Attribute urn:oid:2.5.4.18
2020-08-31 16:29:37 INFO Shibboleth.AttributeExtractor.XML : creating mapping for Attribute urn:oid:2.5.4.17
2020-08-31 16:29:37 INFO Shibboleth.AttributeExtractor.XML : creating mapping for Attribute urn:oid:2.5.4.8
2020-08-31 16:29:37 INFO Shibboleth.AttributeExtractor.XML : creating mapping for Attribute urn:oid:2.5.4.7
2020-08-31 16:29:37 INFO Shibboleth.AttributeExtractor.XML : creating mapping for Attribute urn:oid:2.5.4.10
2020-08-31 16:29:37 INFO Shibboleth.AttributeExtractor.XML : creating mapping for Attribute urn:oid:2.5.4.11
2020-08-31 16:29:37 INFO Shibboleth.AttributeExtractor.XML : creating mapping for Attribute urn:oid:2.5.4.15
2020-08-31 16:29:37 INFO Shibboleth.AttributeExtractor.XML : creating mapping for Attribute urn:oid:2.5.4.19
2020-08-31 16:29:37 INFO Shibboleth.AttributeExtractor.XML : creating mapping for Attribute urn:oid:0.9.2342.19200300.100.1.43
2020-08-31 16:29:37 INFO Shibboleth.AttributeExtractor.XML : creating mapping for Attribute urn:oid:2.5.4.6
2020-08-31 16:29:37 INFO Shibboleth.Application : building AttributeFilter of type XML...
2020-08-31 16:29:37 INFO Shibboleth.AttributeFilter : loaded XML resource (/etc/shibboleth/attribute-policy.xml)
2020-08-31 16:29:37 INFO Shibboleth.Application : building AttributeResolver of type Query...
2020-08-31 16:29:37 INFO Shibboleth.Application : building CredentialResolver of type File...
2020-08-31 16:29:37 INFO XMLTooling.SecurityHelper : loading private key from file (/etc/shibboleth/sp-key.pem)
2020-08-31 16:29:37 ERROR OpenSSL : error code: 33599509 in bss_file.c, line 251
2020-08-31 16:29:37 ERROR OpenSSL : error code: 537403394 in bss_file.c, line 252
2020-08-31 16:29:37 CRIT Shibboleth.Application : error building CredentialResolver: Error loading key: BIO_read() can't read from the stream.
2020-08-31 16:29:37 INFO Shibboleth.Listener : registered remoted message endpoint (default::getHeaders::Application)
2020-08-31 16:29:37 INFO Shibboleth.Listener : listener service starting
2020-08-31 16:29:37 INFO Shibboleth.AttributeFilter : reload thread started...running when signaled
2020-08-31 16:29:37 INFO Shibboleth.SecurityPolicyProvider.XML : reload thread started...running when signaled
2020-08-31 16:34:13 INFO XMLTooling.Config : xmltooling 1.5.6 library initialization complete
2020-08-31 16:34:13 INFO OpenSAML.Config : opensaml 2.5.5 library initialization complete
2020-08-31 16:34:13 INFO Shibboleth.Config : shibboleth 2.5.3 library initialization complete
2020-08-31 16:34:13 INFO Shibboleth.Config : reload thread started...running when signaled
2020-08-31 16:34:13 ERROR XMLTooling.ParserPool : error on line 6, column 21, message: no declaration found for element 'SPConfig'
2020-08-31 16:34:13 ERROR XMLTooling.ParserPool : error on line 6, column 21, message: attribute 'clockSkew' is not declared for element 'SPConfig'
2020-08-31 16:34:13 ERROR Shibboleth.Config : error while loading resource (/etc/shibboleth/shibboleth2.xml): XML error(s) during parsing, check log for specifics
2020-08-31 16:34:13 FATAL Shibboleth.Config : caught exception while loading configuration: XML error(s) during parsing, check log for specifics
2020-08-31 16:34:13 INFO Shibboleth.Config : shibboleth 2.5.3 library shutting down
2020-08-31 16:34:13 INFO Shibboleth.Config : reload thread finished
2020-08-31 16:34:13 INFO XMLTooling.Config : xmltooling 1.5.6 library shutdown complete
2020-08-31 16:34:13 INFO OpenSAML.Config : opensaml 2.5.5 library shutdown complete
2020-08-31 16:34:13 INFO Shibboleth.Config : shibboleth 2.5.3 library shutdown complete
2020-08-31 16:37:26 INFO XMLTooling.Config : xmltooling 1.5.6 library initialization complete
2020-08-31 16:37:26 INFO OpenSAML.Config : opensaml 2.5.5 library initialization complete
2020-08-31 16:37:26 INFO Shibboleth.Config : shibboleth 2.5.3 library initialization complete
2020-08-31 16:37:26 INFO Shibboleth.Config : reload thread started...running when signaled
2020-08-31 16:37:26 ERROR XMLTooling.ParserPool : error on line 6, column 21, message: no declaration found for element 'SPConfig'
2020-08-31 16:37:26 ERROR XMLTooling.ParserPool : error on line 6, column 21, message: attribute 'clockSkew' is not declared for element 'SPConfig'
2020-08-31 16:37:26 ERROR Shibboleth.Config : error while loading resource (/etc/shibboleth/shibboleth2.xml): XML error(s) during parsing, check log for specifics
2020-08-31 16:37:26 FATAL Shibboleth.Config : caught exception while loading configuration: XML error(s) during parsing, check log for specifics
2020-08-31 16:37:26 INFO Shibboleth.Config : shibboleth 2.5.3 library shutting down
2020-08-31 16:37:26 INFO Shibboleth.Config : reload thread finished
2020-08-31 16:37:26 INFO XMLTooling.Config : xmltooling 1.5.6 library shutdown complete
2020-08-31 16:37:26 INFO OpenSAML.Config : opensaml 2.5.5 library shutdown complete
2020-08-31 16:37:26 INFO Shibboleth.Config : shibboleth 2.5.3 library shutdown complete
2020-08-31 16:38:45 INFO XMLTooling.Config : xmltooling 1.5.6 library initialization complete
2020-08-31 16:38:45 INFO OpenSAML.Config : opensaml 2.5.5 library initialization complete
2020-08-31 16:38:45 INFO Shibboleth.Config : shibboleth 2.5.3 library initialization complete
2020-08-31 16:38:45 INFO Shibboleth.Config : reload thread started...running when signaled
2020-08-31 16:38:45 ERROR XMLTooling.ParserPool : error on line 6, column 21, message: no declaration found for element 'SPConfig'
2020-08-31 16:38:45 ERROR XMLTooling.ParserPool : error on line 6, column 21, message: attribute 'clockSkew' is not declared for element 'SPConfig'
2020-08-31 16:38:45 ERROR Shibboleth.Config : error while loading resource (/etc/shibboleth/shibboleth2.xml): XML error(s) during parsing, check log for specifics
2020-08-31 16:38:45 FATAL Shibboleth.Config : caught exception while loading configuration: XML error(s) during parsing, check log for specifics
2020-08-31 16:38:45 INFO Shibboleth.Config : shibboleth 2.5.3 library shutting down
2020-08-31 16:38:45 INFO Shibboleth.Config : reload thread finished
2020-08-31 16:38:45 INFO XMLTooling.Config : xmltooling 1.5.6 library shutdown complete
2020-08-31 16:38:45 INFO OpenSAML.Config : opensaml 2.5.5 library shutdown complete
2020-08-31 16:38:45 INFO Shibboleth.Config : shibboleth 2.5.3 library shutdown complete
2020-08-31 16:39:52 INFO XMLTooling.Config : xmltooling 1.5.6 library initialization complete
2020-08-31 16:39:52 INFO OpenSAML.Config : opensaml 2.5.5 library initialization complete
2020-08-31 16:39:52 INFO Shibboleth.Config : shibboleth 2.5.3 library initialization complete
2020-08-31 16:39:52 INFO Shibboleth.Config : reload thread started...running when signaled
2020-08-31 16:39:52 ERROR XMLTooling.ParserPool : error on line 6, column 21, message: no declaration found for element 'SPConfig'
2020-08-31 16:39:52 ERROR XMLTooling.ParserPool : error on line 6, column 21, message: attribute 'clockSkew' is not declared for element 'SPConfig'
2020-08-31 16:39:52 ERROR Shibboleth.Config : error while loading resource (/etc/shibboleth/shibboleth2.xml): XML error(s) during parsing, check log for specifics
2020-08-31 16:39:52 FATAL Shibboleth.Config : caught exception while loading configuration: XML error(s) during parsing, check log for specifics
2020-08-31 16:39:52 INFO Shibboleth.Config : shibboleth 2.5.3 library shutting down
2020-08-31 16:39:52 INFO Shibboleth.Config : reload thread finished
2020-08-31 16:39:52 INFO XMLTooling.Config : xmltooling 1.5.6 library shutdown complete
2020-08-31 16:39:52 INFO OpenSAML.Config : opensaml 2.5.5 library shutdown complete
2020-08-31 16:39:52 INFO Shibboleth.Config : shibboleth 2.5.3 library shutdown complete
2020-09-01 07:42:11 INFO XMLTooling.Config : xmltooling 1.5.6 library initialization complete
2020-09-01 07:42:11 INFO OpenSAML.Config : opensaml 2.5.5 library initialization complete
2020-09-01 07:42:11 INFO Shibboleth.Config : shibboleth 2.5.3 library initialization complete
2020-09-01 07:42:11 INFO Shibboleth.Config : reload thread started...running when signaled
2020-09-01 07:42:12 ERROR XMLTooling.ParserPool : error on line 4, column 44, message: no declaration found for element 'SPConfig'
2020-09-01 07:42:12 ERROR XMLTooling.ParserPool : error on line 4, column 44, message: attribute 'logger' is not declared for element 'SPConfig'
2020-09-01 07:42:12 ERROR XMLTooling.ParserPool : error on line 4, column 44, message: attribute 'clockSkew' is not declared for element 'SPConfig'
2020-09-01 07:42:12 ERROR XMLTooling.ParserPool : fatal error on line 30, column 20, message: prefix 'ds' can not be resolved to namespace URI
2020-09-01 07:42:12 ERROR Shibboleth.Config : error while loading resource (/etc/shibboleth/shibboleth2.xml): XML error(s) during parsing, check log for specifics
2020-09-01 07:42:12 FATAL Shibboleth.Config : caught exception while loading configuration: XML error(s) during parsing, check log for specifics
2020-09-01 07:42:12 INFO Shibboleth.Config : shibboleth 2.5.3 library shutting down
2020-09-01 07:42:12 INFO Shibboleth.Config : reload thread finished
2020-09-01 07:42:12 INFO XMLTooling.Config : xmltooling 1.5.6 library shutdown complete
2020-09-01 07:42:12 INFO OpenSAML.Config : opensaml 2.5.5 library shutdown complete
2020-09-01 07:42:12 INFO Shibboleth.Config : shibboleth 2.5.3 library shutdown complete
2020-09-01 07:44:00 INFO XMLTooling.Config : xmltooling 1.5.6 library initialization complete
2020-09-01 07:44:00 INFO OpenSAML.Config : opensaml 2.5.5 library initialization complete
2020-09-01 07:44:00 INFO Shibboleth.Config : shibboleth 2.5.3 library initialization complete
2020-09-01 07:44:00 INFO Shibboleth.Config : reload thread started...running when signaled
2020-09-01 07:44:00 ERROR XMLTooling.ParserPool : error on line 4, column 44, message: no declaration found for element 'SPConfig'
2020-09-01 07:44:00 ERROR XMLTooling.ParserPool : error on line 4, column 44, message: attribute 'logger' is not declared for element 'SPConfig'
2020-09-01 07:44:00 ERROR XMLTooling.ParserPool : error on line 4, column 44, message: attribute 'clockSkew' is not declared for element 'SPConfig'
2020-09-01 07:44:00 ERROR XMLTooling.ParserPool : fatal error on line 30, column 20, message: prefix 'ds' can not be resolved to namespace URI
2020-09-01 07:44:00 ERROR Shibboleth.Config : error while loading resource (/etc/shibboleth/shibboleth2.xml): XML error(s) during parsing, check log for specifics
2020-09-01 07:44:00 FATAL Shibboleth.Config : caught exception while loading configuration: XML error(s) during parsing, check log for specifics
2020-09-01 07:44:00 INFO Shibboleth.Config : shibboleth 2.5.3 library shutting down
2020-09-01 07:44:00 INFO Shibboleth.Config : reload thread finished
2020-09-01 07:44:00 INFO XMLTooling.Config : xmltooling 1.5.6 library shutdown complete
2020-09-01 07:44:00 INFO OpenSAML.Config : opensaml 2.5.5 library shutdown complete
2020-09-01 07:44:00 INFO Shibboleth.Config : shibboleth 2.5.3 library shutdown complete
2020-09-01 07:57:52 INFO XMLTooling.Config : xmltooling 1.5.6 library initialization complete
2020-09-01 07:57:52 INFO OpenSAML.Config : opensaml 2.5.5 library initialization complete
2020-09-01 07:57:52 INFO Shibboleth.Config : shibboleth 2.5.3 library initialization complete
2020-09-01 07:57:52 INFO Shibboleth.Config : reload thread started...running when signaled
2020-09-01 07:57:52 ERROR XMLTooling.ParserPool : error on line 4, column 44, message: no declaration found for element 'SPConfig'
2020-09-01 07:57:52 ERROR XMLTooling.ParserPool : error on line 4, column 44, message: attribute 'logger' is not declared for element 'SPConfig'
2020-09-01 07:57:52 ERROR XMLTooling.ParserPool : error on line 4, column 44, message: attribute 'clockSkew' is not declared for element 'SPConfig'
2020-09-01 07:57:52 ERROR XMLTooling.ParserPool : fatal error on line 30, column 20, message: prefix 'ds' can not be resolved to namespace URI
2020-09-01 07:57:52 ERROR Shibboleth.Config : error while loading resource (/etc/shibboleth/shibboleth2.xml): XML error(s) during parsing, check log for specifics
2020-09-01 07:57:52 FATAL Shibboleth.Config : caught exception while loading configuration: XML error(s) during parsing, check log for specifics
2020-09-01 07:57:52 INFO Shibboleth.Config : shibboleth 2.5.3 library shutting down
2020-09-01 07:57:52 INFO Shibboleth.Config : reload thread finished
2020-09-01 07:57:52 INFO XMLTooling.Config : xmltooling 1.5.6 library shutdown complete
2020-09-01 07:57:52 INFO OpenSAML.Config : opensaml 2.5.5 library shutdown complete
2020-09-01 07:57:52 INFO Shibboleth.Config : shibboleth 2.5.3 library shutdown complete
2020-09-01 07:58:36 INFO XMLTooling.Config : xmltooling 1.5.6 library initialization complete
2020-09-01 07:58:36 INFO OpenSAML.Config : opensaml 2.5.5 library initialization complete
2020-09-01 07:58:36 INFO Shibboleth.Config : shibboleth 2.5.3 library initialization complete
2020-09-01 07:58:36 INFO Shibboleth.Config : reload thread started...running when signaled
2020-09-01 07:58:36 ERROR XMLTooling.ParserPool : error on line 4, column 44, message: no declaration found for element 'SPConfig'
2020-09-01 07:58:36 ERROR XMLTooling.ParserPool : error on line 4, column 44, message: attribute 'logger' is not declared for element 'SPConfig'
2020-09-01 07:58:36 ERROR XMLTooling.ParserPool : error on line 4, column 44, message: attribute 'clockSkew' is not declared for element 'SPConfig'
2020-09-01 07:58:36 ERROR XMLTooling.ParserPool : fatal error on line 30, column 20, message: prefix 'ds' can not be resolved to namespace URI
2020-09-01 07:58:36 ERROR Shibboleth.Config : error while loading resource (/etc/shibboleth//shibboleth2.xml): XML error(s) during parsing, check log for specifics
2020-09-01 07:58:36 FATAL Shibboleth.Config : caught exception while loading configuration: XML error(s) during parsing, check log for specifics
2020-09-01 07:58:36 INFO Shibboleth.Config : shibboleth 2.5.3 library shutting down
2020-09-01 07:58:36 INFO Shibboleth.Config : reload thread finished
2020-09-01 07:58:36 INFO XMLTooling.Config : xmltooling 1.5.6 library shutdown complete
2020-09-01 07:58:36 INFO OpenSAML.Config : opensaml 2.5.5 library shutdown complete
2020-09-01 07:58:36 INFO Shibboleth.Config : shibboleth 2.5.3 library shutdown complete
2020-09-01 14:17:00 INFO XMLTooling.Config : xmltooling 1.5.6 library initialization complete
2020-09-01 14:17:00 INFO OpenSAML.Config : opensaml 2.5.5 library initialization complete
2020-09-01 14:17:00 INFO Shibboleth.Config : shibboleth 2.5.3 library initialization complete
2020-09-01 14:17:00 INFO Shibboleth.Config : reload thread started...running when signaled
2020-09-01 14:17:00 ERROR XMLTooling.ParserPool : error on line 4, column 44, message: no declaration found for element 'SPConfig'
2020-09-01 14:17:00 ERROR XMLTooling.ParserPool : error on line 4, column 44, message: attribute 'logger' is not declared for element 'SPConfig'
2020-09-01 14:17:00 ERROR XMLTooling.ParserPool : error on line 4, column 44, message: attribute 'clockSkew' is not declared for element 'SPConfig'
2020-09-01 14:17:00 ERROR XMLTooling.ParserPool : fatal error on line 30, column 20, message: prefix 'ds' can not be resolved to namespace URI
2020-09-01 14:17:00 ERROR Shibboleth.Config : error while loading resource (/etc/shibboleth/shibboleth2.xml): XML error(s) during parsing, check log for specifics
2020-09-01 14:17:00 FATAL Shibboleth.Config : caught exception while loading configuration: XML error(s) during parsing, check log for specifics
2020-09-01 14:17:00 INFO Shibboleth.Config : shibboleth 2.5.3 library shutting down
2020-09-01 14:17:00 INFO Shibboleth.Config : reload thread finished
2020-09-01 14:17:00 INFO XMLTooling.Config : xmltooling 1.5.6 library shutdown complete
2020-09-01 14:17:00 INFO OpenSAML.Config : opensaml 2.5.5 library shutdown complete
2020-09-01 14:17:00 INFO Shibboleth.Config : shibboleth 2.5.3 library shutdown complete
2020-09-01 14:35:00 INFO XMLTooling.Config : xmltooling 1.5.6 library initialization complete
2020-09-01 14:35:00 INFO OpenSAML.Config : opensaml 2.5.5 library initialization complete
2020-09-01 14:35:00 INFO Shibboleth.Config : shibboleth 2.5.3 library initialization complete
2020-09-01 14:35:00 INFO Shibboleth.Config : reload thread started...running when signaled
2020-09-01 14:35:00 ERROR XMLTooling.ParserPool : error on line 4, column 44, message: no declaration found for element 'SPConfig'
2020-09-01 14:35:00 ERROR XMLTooling.ParserPool : error on line 4, column 44, message: attribute 'logger' is not declared for element 'SPConfig'
2020-09-01 14:35:00 ERROR XMLTooling.ParserPool : error on line 4, column 44, message: attribute 'clockSkew' is not declared for element 'SPConfig'
2020-09-01 14:35:00 ERROR XMLTooling.ParserPool : fatal error on line 30, column 20, message: prefix 'ds' can not be resolved to namespace URI
2020-09-01 14:35:00 ERROR Shibboleth.Config : error while loading resource (/etc/shibboleth/shibboleth2.xml): XML error(s) during parsing, check log for specifics
2020-09-01 14:35:00 FATAL Shibboleth.Config : caught exception while loading configuration: XML error(s) during parsing, check log for specifics
2020-09-01 14:35:00 INFO Shibboleth.Config : shibboleth 2.5.3 library shutting down
2020-09-01 14:35:00 INFO Shibboleth.Config : reload thread finished
2020-09-01 14:35:00 INFO XMLTooling.Config : xmltooling 1.5.6 library shutdown complete
2020-09-01 14:35:00 INFO OpenSAML.Config : opensaml 2.5.5 library shutdown complete
2020-09-01 14:35:00 INFO Shibboleth.Config : shibboleth 2.5.3 library shutdown complete
2020-09-09 20:31:52 INFO XMLTooling.Config : xmltooling 1.5.6 library initialization complete
2020-09-09 20:31:52 INFO OpenSAML.Config : opensaml 2.5.5 library initialization complete
2020-09-09 20:31:52 INFO Shibboleth.Config : shibboleth 2.5.3 library initialization complete
2020-09-09 20:31:52 INFO Shibboleth.Config : reload thread started...running when signaled
2020-09-09 20:31:52 ERROR XMLTooling.ParserPool : error on line 6, column 21, message: no declaration found for element 'SPConfig'
2020-09-09 20:31:52 ERROR XMLTooling.ParserPool : error on line 6, column 21, message: attribute 'clockSkew' is not declared for element 'SPConfig'
2020-09-09 20:31:52 ERROR Shibboleth.Config : error while loading resource (/etc/shibboleth/shibboleth2.xml): XML error(s) during parsing, check log for specifics
2020-09-09 20:31:52 FATAL Shibboleth.Config : caught exception while loading configuration: XML error(s) during parsing, check log for specifics
2020-09-09 20:31:52 INFO Shibboleth.Config : shibboleth 2.5.3 library shutting down
2020-09-09 20:31:52 INFO Shibboleth.Config : reload thread finished
2020-09-09 20:31:52 INFO XMLTooling.Config : xmltooling 1.5.6 library shutdown complete
2020-09-09 20:31:52 INFO OpenSAML.Config : opensaml 2.5.5 library shutdown complete
2020-09-09 20:31:52 INFO Shibboleth.Config : shibboleth 2.5.3 library shutdown complete
