[Wed Jun 02 07:55:30.518731 2021] [ssl:warn] [pid 63] AH01906: emu-webapp.localtest.me:443:0 server certificate is a CA certificate (BasicConstraints: CA == TRUE !?)
[Wed Jun 02 07:55:30.518741 2021] [ssl:warn] [pid 63] AH01909: emu-webapp.localtest.me:443:0 server certificate does NOT include an ID which matches the server name
[Wed Jun 02 07:55:30.586728 2021] [ssl:warn] [pid 63] AH01906: emu-webapp.localtest.me:443:0 server certificate is a CA certificate (BasicConstraints: CA == TRUE !?)
[Wed Jun 02 07:55:30.586737 2021] [ssl:warn] [pid 63] AH01909: emu-webapp.localtest.me:443:0 server certificate does NOT include an ID which matches the server name
[Thu Jun 03 07:44:19.221209 2021] [ssl:warn] [pid 63] AH01906: emu-webapp.localtest.me:443:0 server certificate is a CA certificate (BasicConstraints: CA == TRUE !?)
[Thu Jun 03 07:44:19.221218 2021] [ssl:warn] [pid 63] AH01909: emu-webapp.localtest.me:443:0 server certificate does NOT include an ID which matches the server name
[Thu Jun 03 07:44:19.245877 2021] [ssl:warn] [pid 63] AH01906: emu-webapp.localtest.me:443:0 server certificate is a CA certificate (BasicConstraints: CA == TRUE !?)
[Thu Jun 03 07:44:19.245894 2021] [ssl:warn] [pid 63] AH01909: emu-webapp.localtest.me:443:0 server certificate does NOT include an ID which matches the server name
[Thu Jun 03 13:31:18.260393 2021] [ssl:warn] [pid 63] AH01906: emu-webapp.localtest.me:443:0 server certificate is a CA certificate (BasicConstraints: CA == TRUE !?)
[Thu Jun 03 13:31:18.260402 2021] [ssl:warn] [pid 63] AH01909: emu-webapp.localtest.me:443:0 server certificate does NOT include an ID which matches the server name
[Thu Jun 03 13:31:18.283882 2021] [ssl:warn] [pid 63] AH01906: emu-webapp.localtest.me:443:0 server certificate is a CA certificate (BasicConstraints: CA == TRUE !?)
[Thu Jun 03 13:31:18.283890 2021] [ssl:warn] [pid 63] AH01909: emu-webapp.localtest.me:443:0 server certificate does NOT include an ID which matches the server name
[Mon Jun 07 06:55:08.327936 2021] [ssl:warn] [pid 93] AH01906: emu-webapp.localtest.me:443:0 server certificate is a CA certificate (BasicConstraints: CA == TRUE !?)
[Mon Jun 07 06:55:08.327953 2021] [ssl:warn] [pid 93] AH01909: emu-webapp.localtest.me:443:0 server certificate does NOT include an ID which matches the server name
[Mon Jun 07 06:55:08.448525 2021] [ssl:warn] [pid 93] AH01906: emu-webapp.localtest.me:443:0 server certificate is a CA certificate (BasicConstraints: CA == TRUE !?)
[Mon Jun 07 06:55:08.448543 2021] [ssl:warn] [pid 93] AH01909: emu-webapp.localtest.me:443:0 server certificate does NOT include an ID which matches the server name
[Mon Jun 07 10:22:06.973439 2021] [ssl:warn] [pid 78] AH01906: emu-webapp.localtest.me:443:0 server certificate is a CA certificate (BasicConstraints: CA == TRUE !?)
[Mon Jun 07 10:22:06.973473 2021] [ssl:warn] [pid 78] AH01909: emu-webapp.localtest.me:443:0 server certificate does NOT include an ID which matches the server name
[Mon Jun 07 10:22:07.018769 2021] [ssl:warn] [pid 78] AH01906: emu-webapp.localtest.me:443:0 server certificate is a CA certificate (BasicConstraints: CA == TRUE !?)
[Mon Jun 07 10:22:07.018779 2021] [ssl:warn] [pid 78] AH01909: emu-webapp.localtest.me:443:0 server certificate does NOT include an ID which matches the server name
[Tue Jun 08 07:02:49.127468 2021] [ssl:warn] [pid 78] AH01906: emu-webapp.localtest.me:443:0 server certificate is a CA certificate (BasicConstraints: CA == TRUE !?)
[Tue Jun 08 07:02:49.127947 2021] [ssl:warn] [pid 78] AH01909: emu-webapp.localtest.me:443:0 server certificate does NOT include an ID which matches the server name
[Tue Jun 08 07:02:49.206541 2021] [ssl:warn] [pid 78] AH01906: emu-webapp.localtest.me:443:0 server certificate is a CA certificate (BasicConstraints: CA == TRUE !?)
[Tue Jun 08 07:02:49.206549 2021] [ssl:warn] [pid 78] AH01909: emu-webapp.localtest.me:443:0 server certificate does NOT include an ID which matches the server name
[Tue Jun 08 12:11:33.019205 2021] [ssl:warn] [pid 76] AH01906: emu-webapp.localtest.me:443:0 server certificate is a CA certificate (BasicConstraints: CA == TRUE !?)
[Tue Jun 08 12:11:33.019487 2021] [ssl:warn] [pid 76] AH01909: emu-webapp.localtest.me:443:0 server certificate does NOT include an ID which matches the server name
[Tue Jun 08 12:11:33.117055 2021] [ssl:warn] [pid 76] AH01906: emu-webapp.localtest.me:443:0 server certificate is a CA certificate (BasicConstraints: CA == TRUE !?)
[Tue Jun 08 12:11:33.117079 2021] [ssl:warn] [pid 76] AH01909: emu-webapp.localtest.me:443:0 server certificate does NOT include an ID which matches the server name
[Tue Jun 08 13:31:43.647645 2021] [ssl:warn] [pid 85] AH01906: emu-webapp.localtest.me:443:0 server certificate is a CA certificate (BasicConstraints: CA == TRUE !?)
[Tue Jun 08 13:31:43.647662 2021] [ssl:warn] [pid 85] AH01909: emu-webapp.localtest.me:443:0 server certificate does NOT include an ID which matches the server name
[Tue Jun 08 13:31:43.703581 2021] [ssl:warn] [pid 85] AH01906: emu-webapp.localtest.me:443:0 server certificate is a CA certificate (BasicConstraints: CA == TRUE !?)
[Tue Jun 08 13:31:43.703599 2021] [ssl:warn] [pid 85] AH01909: emu-webapp.localtest.me:443:0 server certificate does NOT include an ID which matches the server name
[Tue Jun 08 14:19:52.776933 2021] [ssl:warn] [pid 77] AH01906: emu-webapp.localtest.me:443:0 server certificate is a CA certificate (BasicConstraints: CA == TRUE !?)
[Tue Jun 08 14:19:52.776949 2021] [ssl:warn] [pid 77] AH01909: emu-webapp.localtest.me:443:0 server certificate does NOT include an ID which matches the server name
[Tue Jun 08 14:19:52.846200 2021] [ssl:warn] [pid 77] AH01906: emu-webapp.localtest.me:443:0 server certificate is a CA certificate (BasicConstraints: CA == TRUE !?)
[Tue Jun 08 14:19:52.846221 2021] [ssl:warn] [pid 77] AH01909: emu-webapp.localtest.me:443:0 server certificate does NOT include an ID which matches the server name
[Tue Jun 08 14:24:31.042755 2021] [ssl:warn] [pid 81] AH01906: emu-webapp.localtest.me:443:0 server certificate is a CA certificate (BasicConstraints: CA == TRUE !?)
[Tue Jun 08 14:24:31.042789 2021] [ssl:warn] [pid 81] AH01909: emu-webapp.localtest.me:443:0 server certificate does NOT include an ID which matches the server name
[Tue Jun 08 14:24:31.107450 2021] [ssl:warn] [pid 81] AH01906: emu-webapp.localtest.me:443:0 server certificate is a CA certificate (BasicConstraints: CA == TRUE !?)
[Tue Jun 08 14:24:31.107463 2021] [ssl:warn] [pid 81] AH01909: emu-webapp.localtest.me:443:0 server certificate does NOT include an ID which matches the server name
[Wed Jun 09 07:51:50.210282 2021] [ssl:warn] [pid 73] AH01906: emu-webapp.localtest.me:443:0 server certificate is a CA certificate (BasicConstraints: CA == TRUE !?)
[Wed Jun 09 07:51:50.210297 2021] [ssl:warn] [pid 73] AH01909: emu-webapp.localtest.me:443:0 server certificate does NOT include an ID which matches the server name
[Wed Jun 09 07:51:50.248559 2021] [ssl:warn] [pid 73] AH01906: emu-webapp.localtest.me:443:0 server certificate is a CA certificate (BasicConstraints: CA == TRUE !?)
[Wed Jun 09 07:51:50.248570 2021] [ssl:warn] [pid 73] AH01909: emu-webapp.localtest.me:443:0 server certificate does NOT include an ID which matches the server name
[Thu Jun 10 07:27:27.764582 2021] [ssl:warn] [pid 87] AH01906: emu-webapp.localtest.me:443:0 server certificate is a CA certificate (BasicConstraints: CA == TRUE !?)
[Thu Jun 10 07:27:27.764886 2021] [ssl:warn] [pid 87] AH01909: emu-webapp.localtest.me:443:0 server certificate does NOT include an ID which matches the server name
[Thu Jun 10 07:27:27.877621 2021] [ssl:warn] [pid 87] AH01906: emu-webapp.localtest.me:443:0 server certificate is a CA certificate (BasicConstraints: CA == TRUE !?)
[Thu Jun 10 07:27:27.877634 2021] [ssl:warn] [pid 87] AH01909: emu-webapp.localtest.me:443:0 server certificate does NOT include an ID which matches the server name
[Fri Jun 11 07:20:44.883484 2021] [ssl:warn] [pid 80] AH01906: emu-webapp.localtest.me:443:0 server certificate is a CA certificate (BasicConstraints: CA == TRUE !?)
[Fri Jun 11 07:20:44.883732 2021] [ssl:warn] [pid 80] AH01909: emu-webapp.localtest.me:443:0 server certificate does NOT include an ID which matches the server name
[Fri Jun 11 07:20:44.980695 2021] [ssl:warn] [pid 80] AH01906: emu-webapp.localtest.me:443:0 server certificate is a CA certificate (BasicConstraints: CA == TRUE !?)
[Fri Jun 11 07:20:44.980707 2021] [ssl:warn] [pid 80] AH01909: emu-webapp.localtest.me:443:0 server certificate does NOT include an ID which matches the server name
[Mon Jun 14 07:04:54.912912 2021] [ssl:warn] [pid 81] AH01906: emu-webapp.localtest.me:443:0 server certificate is a CA certificate (BasicConstraints: CA == TRUE !?)
[Mon Jun 14 07:04:54.913199 2021] [ssl:warn] [pid 81] AH01909: emu-webapp.localtest.me:443:0 server certificate does NOT include an ID which matches the server name
[Mon Jun 14 07:04:55.007994 2021] [ssl:warn] [pid 81] AH01906: emu-webapp.localtest.me:443:0 server certificate is a CA certificate (BasicConstraints: CA == TRUE !?)
[Mon Jun 14 07:04:55.008005 2021] [ssl:warn] [pid 81] AH01909: emu-webapp.localtest.me:443:0 server certificate does NOT include an ID which matches the server name
[Tue Jun 15 07:31:10.439614 2021] [ssl:warn] [pid 75] AH01906: emu-webapp.localtest.me:443:0 server certificate is a CA certificate (BasicConstraints: CA == TRUE !?)
[Tue Jun 15 07:31:10.439912 2021] [ssl:warn] [pid 75] AH01909: emu-webapp.localtest.me:443:0 server certificate does NOT include an ID which matches the server name
[Tue Jun 15 07:31:10.518736 2021] [ssl:warn] [pid 75] AH01906: emu-webapp.localtest.me:443:0 server certificate is a CA certificate (BasicConstraints: CA == TRUE !?)
[Tue Jun 15 07:31:10.518744 2021] [ssl:warn] [pid 75] AH01909: emu-webapp.localtest.me:443:0 server certificate does NOT include an ID which matches the server name
[Wed Jun 16 06:39:27.589550 2021] [ssl:warn] [pid 83] AH01906: emu-webapp.localtest.me:443:0 server certificate is a CA certificate (BasicConstraints: CA == TRUE !?)
[Wed Jun 16 06:39:27.589761 2021] [ssl:warn] [pid 83] AH01909: emu-webapp.localtest.me:443:0 server certificate does NOT include an ID which matches the server name
[Wed Jun 16 06:39:27.688245 2021] [ssl:warn] [pid 83] AH01906: emu-webapp.localtest.me:443:0 server certificate is a CA certificate (BasicConstraints: CA == TRUE !?)
[Wed Jun 16 06:39:27.688256 2021] [ssl:warn] [pid 83] AH01909: emu-webapp.localtest.me:443:0 server certificate does NOT include an ID which matches the server name
[Wed Jun 16 07:33:43.786255 2021] [ssl:warn] [pid 77] AH01906: emu-webapp.localtest.me:443:0 server certificate is a CA certificate (BasicConstraints: CA == TRUE !?)
[Wed Jun 16 07:33:43.786274 2021] [ssl:warn] [pid 77] AH01909: emu-webapp.localtest.me:443:0 server certificate does NOT include an ID which matches the server name
[Wed Jun 16 07:33:43.840065 2021] [ssl:warn] [pid 77] AH01906: emu-webapp.localtest.me:443:0 server certificate is a CA certificate (BasicConstraints: CA == TRUE !?)
[Wed Jun 16 07:33:43.840082 2021] [ssl:warn] [pid 77] AH01909: emu-webapp.localtest.me:443:0 server certificate does NOT include an ID which matches the server name
[Thu Jun 17 07:55:42.382804 2021] [ssl:warn] [pid 80] AH01906: emu-webapp.localtest.me:443:0 server certificate is a CA certificate (BasicConstraints: CA == TRUE !?)
[Thu Jun 17 07:55:42.383129 2021] [ssl:warn] [pid 80] AH01909: emu-webapp.localtest.me:443:0 server certificate does NOT include an ID which matches the server name
[Thu Jun 17 07:55:42.489635 2021] [ssl:warn] [pid 80] AH01906: emu-webapp.localtest.me:443:0 server certificate is a CA certificate (BasicConstraints: CA == TRUE !?)
[Thu Jun 17 07:55:42.489646 2021] [ssl:warn] [pid 80] AH01909: emu-webapp.localtest.me:443:0 server certificate does NOT include an ID which matches the server name
[Fri Jun 18 06:34:53.253658 2021] [ssl:warn] [pid 81] AH01906: emu-webapp.localtest.me:443:0 server certificate is a CA certificate (BasicConstraints: CA == TRUE !?)
[Fri Jun 18 06:34:53.253908 2021] [ssl:warn] [pid 81] AH01909: emu-webapp.localtest.me:443:0 server certificate does NOT include an ID which matches the server name
[Fri Jun 18 06:34:53.350736 2021] [ssl:warn] [pid 81] AH01906: emu-webapp.localtest.me:443:0 server certificate is a CA certificate (BasicConstraints: CA == TRUE !?)
[Fri Jun 18 06:34:53.350756 2021] [ssl:warn] [pid 81] AH01909: emu-webapp.localtest.me:443:0 server certificate does NOT include an ID which matches the server name
[Fri Jun 18 07:55:28.037072 2021] [ssl:warn] [pid 42] AH01906: emu-webapp.localtest.me:443:0 server certificate is a CA certificate (BasicConstraints: CA == TRUE !?)
[Fri Jun 18 07:55:28.037084 2021] [ssl:warn] [pid 42] AH01909: emu-webapp.localtest.me:443:0 server certificate does NOT include an ID which matches the server name
[Fri Jun 18 07:55:28.087432 2021] [ssl:warn] [pid 42] AH01906: emu-webapp.localtest.me:443:0 server certificate is a CA certificate (BasicConstraints: CA == TRUE !?)
[Fri Jun 18 07:55:28.087468 2021] [ssl:warn] [pid 42] AH01909: emu-webapp.localtest.me:443:0 server certificate does NOT include an ID which matches the server name
[Mon Jun 21 06:51:13.309070 2021] [ssl:warn] [pid 78] AH01906: emu-webapp.localtest.me:443:0 server certificate is a CA certificate (BasicConstraints: CA == TRUE !?)
[Mon Jun 21 06:51:13.309320 2021] [ssl:warn] [pid 78] AH01909: emu-webapp.localtest.me:443:0 server certificate does NOT include an ID which matches the server name
[Mon Jun 21 06:51:13.406902 2021] [ssl:warn] [pid 78] AH01906: emu-webapp.localtest.me:443:0 server certificate is a CA certificate (BasicConstraints: CA == TRUE !?)
[Mon Jun 21 06:51:13.406917 2021] [ssl:warn] [pid 78] AH01909: emu-webapp.localtest.me:443:0 server certificate does NOT include an ID which matches the server name
[Tue Jun 22 07:11:51.399116 2021] [ssl:warn] [pid 75] AH01906: emu-webapp.localtest.me:443:0 server certificate is a CA certificate (BasicConstraints: CA == TRUE !?)
[Tue Jun 22 07:11:51.399329 2021] [ssl:warn] [pid 75] AH01909: emu-webapp.localtest.me:443:0 server certificate does NOT include an ID which matches the server name
[Tue Jun 22 07:11:51.489160 2021] [ssl:warn] [pid 75] AH01906: emu-webapp.localtest.me:443:0 server certificate is a CA certificate (BasicConstraints: CA == TRUE !?)
[Tue Jun 22 07:11:51.489171 2021] [ssl:warn] [pid 75] AH01909: emu-webapp.localtest.me:443:0 server certificate does NOT include an ID which matches the server name
[Wed Jun 23 07:00:57.238124 2021] [ssl:warn] [pid 77] AH01906: emu-webapp.localtest.me:443:0 server certificate is a CA certificate (BasicConstraints: CA == TRUE !?)
[Wed Jun 23 07:00:57.238415 2021] [ssl:warn] [pid 77] AH01909: emu-webapp.localtest.me:443:0 server certificate does NOT include an ID which matches the server name
[Wed Jun 23 07:00:57.359821 2021] [ssl:warn] [pid 77] AH01906: emu-webapp.localtest.me:443:0 server certificate is a CA certificate (BasicConstraints: CA == TRUE !?)
[Wed Jun 23 07:00:57.359832 2021] [ssl:warn] [pid 77] AH01909: emu-webapp.localtest.me:443:0 server certificate does NOT include an ID which matches the server name
[Wed Jun 23 08:03:59.569041 2021] [ssl:warn] [pid 75] AH01906: emu-webapp.localtest.me:443:0 server certificate is a CA certificate (BasicConstraints: CA == TRUE !?)
[Wed Jun 23 08:03:59.569050 2021] [ssl:warn] [pid 75] AH01909: emu-webapp.localtest.me:443:0 server certificate does NOT include an ID which matches the server name
[Wed Jun 23 08:03:59.598282 2021] [ssl:warn] [pid 75] AH01906: emu-webapp.localtest.me:443:0 server certificate is a CA certificate (BasicConstraints: CA == TRUE !?)
[Wed Jun 23 08:03:59.598290 2021] [ssl:warn] [pid 75] AH01909: emu-webapp.localtest.me:443:0 server certificate does NOT include an ID which matches the server name
[Wed Jun 23 08:09:43.577472 2021] [ssl:warn] [pid 79] AH01906: emu-webapp.localtest.me:443:0 server certificate is a CA certificate (BasicConstraints: CA == TRUE !?)
[Wed Jun 23 08:09:43.577485 2021] [ssl:warn] [pid 79] AH01909: emu-webapp.localtest.me:443:0 server certificate does NOT include an ID which matches the server name
[Wed Jun 23 08:09:43.628893 2021] [ssl:warn] [pid 79] AH01906: emu-webapp.localtest.me:443:0 server certificate is a CA certificate (BasicConstraints: CA == TRUE !?)
[Wed Jun 23 08:09:43.628925 2021] [ssl:warn] [pid 79] AH01909: emu-webapp.localtest.me:443:0 server certificate does NOT include an ID which matches the server name
[Wed Jun 23 09:15:22.583828 2021] [ssl:warn] [pid 76] AH01906: emu-webapp.localtest.me:443:0 server certificate is a CA certificate (BasicConstraints: CA == TRUE !?)
[Wed Jun 23 09:15:22.583843 2021] [ssl:warn] [pid 76] AH01909: emu-webapp.localtest.me:443:0 server certificate does NOT include an ID which matches the server name
[Wed Jun 23 09:15:22.632786 2021] [ssl:warn] [pid 76] AH01906: emu-webapp.localtest.me:443:0 server certificate is a CA certificate (BasicConstraints: CA == TRUE !?)
[Wed Jun 23 09:15:22.632800 2021] [ssl:warn] [pid 76] AH01909: emu-webapp.localtest.me:443:0 server certificate does NOT include an ID which matches the server name
[Wed Jun 23 12:10:32.335727 2021] [ssl:warn] [pid 77] AH01906: emu-webapp.localtest.me:443:0 server certificate is a CA certificate (BasicConstraints: CA == TRUE !?)
[Wed Jun 23 12:10:32.335738 2021] [ssl:warn] [pid 77] AH01909: emu-webapp.localtest.me:443:0 server certificate does NOT include an ID which matches the server name
[Wed Jun 23 12:10:32.377124 2021] [ssl:warn] [pid 77] AH01906: emu-webapp.localtest.me:443:0 server certificate is a CA certificate (BasicConstraints: CA == TRUE !?)
[Wed Jun 23 12:10:32.377137 2021] [ssl:warn] [pid 77] AH01909: emu-webapp.localtest.me:443:0 server certificate does NOT include an ID which matches the server name
[Wed Jun 23 12:21:43.696562 2021] [ssl:warn] [pid 83] AH01906: emu-webapp.localtest.me:443:0 server certificate is a CA certificate (BasicConstraints: CA == TRUE !?)
[Wed Jun 23 12:21:43.696574 2021] [ssl:warn] [pid 83] AH01909: emu-webapp.localtest.me:443:0 server certificate does NOT include an ID which matches the server name
[Wed Jun 23 12:21:43.749800 2021] [ssl:warn] [pid 83] AH01906: emu-webapp.localtest.me:443:0 server certificate is a CA certificate (BasicConstraints: CA == TRUE !?)
[Wed Jun 23 12:21:43.749821 2021] [ssl:warn] [pid 83] AH01909: emu-webapp.localtest.me:443:0 server certificate does NOT include an ID which matches the server name
[Thu Jun 24 07:10:23.441423 2021] [ssl:warn] [pid 79] AH01906: emu-webapp.localtest.me:443:0 server certificate is a CA certificate (BasicConstraints: CA == TRUE !?)
[Thu Jun 24 07:10:23.441863 2021] [ssl:warn] [pid 79] AH01909: emu-webapp.localtest.me:443:0 server certificate does NOT include an ID which matches the server name
[Thu Jun 24 07:10:23.528746 2021] [ssl:warn] [pid 79] AH01906: emu-webapp.localtest.me:443:0 server certificate is a CA certificate (BasicConstraints: CA == TRUE !?)
[Thu Jun 24 07:10:23.528761 2021] [ssl:warn] [pid 79] AH01909: emu-webapp.localtest.me:443:0 server certificate does NOT include an ID which matches the server name
[Mon Jun 28 07:16:53.852563 2021] [ssl:warn] [pid 75] AH01906: emu-webapp.localtest.me:443:0 server certificate is a CA certificate (BasicConstraints: CA == TRUE !?)
[Mon Jun 28 07:16:53.852575 2021] [ssl:warn] [pid 75] AH01909: emu-webapp.localtest.me:443:0 server certificate does NOT include an ID which matches the server name
[Mon Jun 28 07:16:53.904605 2021] [ssl:warn] [pid 75] AH01906: emu-webapp.localtest.me:443:0 server certificate is a CA certificate (BasicConstraints: CA == TRUE !?)
[Mon Jun 28 07:16:53.904621 2021] [ssl:warn] [pid 75] AH01909: emu-webapp.localtest.me:443:0 server certificate does NOT include an ID which matches the server name
[Mon Jun 28 12:50:55.386032 2021] [ssl:warn] [pid 83] AH01906: emu-webapp.localtest.me:443:0 server certificate is a CA certificate (BasicConstraints: CA == TRUE !?)
[Mon Jun 28 12:50:55.386102 2021] [ssl:warn] [pid 83] AH01909: emu-webapp.localtest.me:443:0 server certificate does NOT include an ID which matches the server name
[Mon Jun 28 12:50:55.491416 2021] [ssl:warn] [pid 83] AH01906: emu-webapp.localtest.me:443:0 server certificate is a CA certificate (BasicConstraints: CA == TRUE !?)
[Mon Jun 28 12:50:55.491455 2021] [ssl:warn] [pid 83] AH01909: emu-webapp.localtest.me:443:0 server certificate does NOT include an ID which matches the server name
[Mon Aug 02 08:51:55.478055 2021] [ssl:warn] [pid 52] AH01906: emu-webapp.localtest.me:443:0 server certificate is a CA certificate (BasicConstraints: CA == TRUE !?)
[Mon Aug 02 08:51:55.478670 2021] [ssl:warn] [pid 52] AH01909: emu-webapp.localtest.me:443:0 server certificate does NOT include an ID which matches the server name
[Mon Aug 02 08:51:55.580172 2021] [ssl:warn] [pid 52] AH01906: emu-webapp.localtest.me:443:0 server certificate is a CA certificate (BasicConstraints: CA == TRUE !?)
[Mon Aug 02 08:51:55.580191 2021] [ssl:warn] [pid 52] AH01909: emu-webapp.localtest.me:443:0 server certificate does NOT include an ID which matches the server name
[Mon Aug 02 09:27:17.051752 2021] [ssl:warn] [pid 73] AH01906: emu-webapp.localtest.me:443:0 server certificate is a CA certificate (BasicConstraints: CA == TRUE !?)
[Mon Aug 02 09:27:17.051770 2021] [ssl:warn] [pid 73] AH01909: emu-webapp.localtest.me:443:0 server certificate does NOT include an ID which matches the server name
[Mon Aug 02 09:27:17.094748 2021] [ssl:warn] [pid 73] AH01906: emu-webapp.localtest.me:443:0 server certificate is a CA certificate (BasicConstraints: CA == TRUE !?)
[Mon Aug 02 09:27:17.094758 2021] [ssl:warn] [pid 73] AH01909: emu-webapp.localtest.me:443:0 server certificate does NOT include an ID which matches the server name
[Tue Aug 03 07:00:52.544124 2021] [ssl:warn] [pid 76] AH01906: emu-webapp.localtest.me:443:0 server certificate is a CA certificate (BasicConstraints: CA == TRUE !?)
[Tue Aug 03 07:00:52.545074 2021] [ssl:warn] [pid 76] AH01909: emu-webapp.localtest.me:443:0 server certificate does NOT include an ID which matches the server name
[Tue Aug 03 07:00:52.662484 2021] [ssl:warn] [pid 76] AH01906: emu-webapp.localtest.me:443:0 server certificate is a CA certificate (BasicConstraints: CA == TRUE !?)
[Tue Aug 03 07:00:52.662494 2021] [ssl:warn] [pid 76] AH01909: emu-webapp.localtest.me:443:0 server certificate does NOT include an ID which matches the server name
[Tue Aug 03 14:12:11.232623 2021] [ssl:warn] [pid 77] AH01906: emu-webapp.localtest.me:443:0 server certificate is a CA certificate (BasicConstraints: CA == TRUE !?)
[Tue Aug 03 14:12:11.232641 2021] [ssl:warn] [pid 77] AH01909: emu-webapp.localtest.me:443:0 server certificate does NOT include an ID which matches the server name
[Tue Aug 03 14:12:11.271923 2021] [ssl:warn] [pid 77] AH01906: emu-webapp.localtest.me:443:0 server certificate is a CA certificate (BasicConstraints: CA == TRUE !?)
[Tue Aug 03 14:12:11.271933 2021] [ssl:warn] [pid 77] AH01909: emu-webapp.localtest.me:443:0 server certificate does NOT include an ID which matches the server name
[Wed Aug 04 07:01:38.700489 2021] [ssl:warn] [pid 71] AH01906: emu-webapp.localtest.me:443:0 server certificate is a CA certificate (BasicConstraints: CA == TRUE !?)
[Wed Aug 04 07:01:38.701083 2021] [ssl:warn] [pid 71] AH01909: emu-webapp.localtest.me:443:0 server certificate does NOT include an ID which matches the server name
[Wed Aug 04 07:01:38.778735 2021] [ssl:warn] [pid 71] AH01906: emu-webapp.localtest.me:443:0 server certificate is a CA certificate (BasicConstraints: CA == TRUE !?)
[Wed Aug 04 07:01:38.778743 2021] [ssl:warn] [pid 71] AH01909: emu-webapp.localtest.me:443:0 server certificate does NOT include an ID which matches the server name
[Thu Aug 05 06:42:53.216322 2021] [ssl:warn] [pid 73] AH01906: emu-webapp.localtest.me:443:0 server certificate is a CA certificate (BasicConstraints: CA == TRUE !?)
[Thu Aug 05 06:42:53.216764 2021] [ssl:warn] [pid 73] AH01909: emu-webapp.localtest.me:443:0 server certificate does NOT include an ID which matches the server name
[Thu Aug 05 06:42:53.309603 2021] [ssl:warn] [pid 73] AH01906: emu-webapp.localtest.me:443:0 server certificate is a CA certificate (BasicConstraints: CA == TRUE !?)
[Thu Aug 05 06:42:53.309614 2021] [ssl:warn] [pid 73] AH01909: emu-webapp.localtest.me:443:0 server certificate does NOT include an ID which matches the server name
[Thu Aug 05 07:23:51.211315 2021] [ssl:warn] [pid 42] AH01906: emu-webapp.localtest.me:443:0 server certificate is a CA certificate (BasicConstraints: CA == TRUE !?)
[Thu Aug 05 07:23:51.211333 2021] [ssl:warn] [pid 42] AH01909: emu-webapp.localtest.me:443:0 server certificate does NOT include an ID which matches the server name
[Thu Aug 05 07:23:51.241076 2021] [ssl:warn] [pid 42] AH01906: emu-webapp.localtest.me:443:0 server certificate is a CA certificate (BasicConstraints: CA == TRUE !?)
[Thu Aug 05 07:23:51.241084 2021] [ssl:warn] [pid 42] AH01909: emu-webapp.localtest.me:443:0 server certificate does NOT include an ID which matches the server name
[Thu Aug 05 07:32:35.556538 2021] [ssl:warn] [pid 67] AH01906: emu-webapp.localtest.me:443:0 server certificate is a CA certificate (BasicConstraints: CA == TRUE !?)
[Thu Aug 05 07:32:35.556559 2021] [ssl:warn] [pid 67] AH01909: emu-webapp.localtest.me:443:0 server certificate does NOT include an ID which matches the server name
[Thu Aug 05 07:32:35.600143 2021] [ssl:warn] [pid 67] AH01906: emu-webapp.localtest.me:443:0 server certificate is a CA certificate (BasicConstraints: CA == TRUE !?)
[Thu Aug 05 07:32:35.600156 2021] [ssl:warn] [pid 67] AH01909: emu-webapp.localtest.me:443:0 server certificate does NOT include an ID which matches the server name
[Thu Aug 05 11:16:31.674439 2021] [ssl:warn] [pid 75] AH01906: emu-webapp.localtest.me:443:0 server certificate is a CA certificate (BasicConstraints: CA == TRUE !?)
[Thu Aug 05 11:16:31.674452 2021] [ssl:warn] [pid 75] AH01909: emu-webapp.localtest.me:443:0 server certificate does NOT include an ID which matches the server name
[Thu Aug 05 11:16:31.714978 2021] [ssl:warn] [pid 75] AH01906: emu-webapp.localtest.me:443:0 server certificate is a CA certificate (BasicConstraints: CA == TRUE !?)
[Thu Aug 05 11:16:31.714987 2021] [ssl:warn] [pid 75] AH01909: emu-webapp.localtest.me:443:0 server certificate does NOT include an ID which matches the server name
[Thu Aug 05 11:51:22.780513 2021] [ssl:warn] [pid 75] AH01906: emu-webapp.localtest.me:443:0 server certificate is a CA certificate (BasicConstraints: CA == TRUE !?)
[Thu Aug 05 11:51:22.780531 2021] [ssl:warn] [pid 75] AH01909: emu-webapp.localtest.me:443:0 server certificate does NOT include an ID which matches the server name
[Thu Aug 05 11:51:22.808276 2021] [ssl:warn] [pid 75] AH01906: emu-webapp.localtest.me:443:0 server certificate is a CA certificate (BasicConstraints: CA == TRUE !?)
[Thu Aug 05 11:51:22.808283 2021] [ssl:warn] [pid 75] AH01909: emu-webapp.localtest.me:443:0 server certificate does NOT include an ID which matches the server name
[Fri Aug 06 06:41:50.765950 2021] [ssl:warn] [pid 73] AH01906: emu-webapp.localtest.me:443:0 server certificate is a CA certificate (BasicConstraints: CA == TRUE !?)
[Fri Aug 06 06:41:50.766680 2021] [ssl:warn] [pid 73] AH01909: emu-webapp.localtest.me:443:0 server certificate does NOT include an ID which matches the server name
[Fri Aug 06 06:41:50.857847 2021] [ssl:warn] [pid 73] AH01906: emu-webapp.localtest.me:443:0 server certificate is a CA certificate (BasicConstraints: CA == TRUE !?)
[Fri Aug 06 06:41:50.857859 2021] [ssl:warn] [pid 73] AH01909: emu-webapp.localtest.me:443:0 server certificate does NOT include an ID which matches the server name
[Mon Aug 09 07:06:26.921276 2021] [ssl:warn] [pid 69] AH01906: emu-webapp.localtest.me:443:0 server certificate is a CA certificate (BasicConstraints: CA == TRUE !?)
[Mon Aug 09 07:06:26.921859 2021] [ssl:warn] [pid 69] AH01909: emu-webapp.localtest.me:443:0 server certificate does NOT include an ID which matches the server name
[Mon Aug 09 07:06:27.024328 2021] [ssl:warn] [pid 69] AH01906: emu-webapp.localtest.me:443:0 server certificate is a CA certificate (BasicConstraints: CA == TRUE !?)
[Mon Aug 09 07:06:27.024339 2021] [ssl:warn] [pid 69] AH01909: emu-webapp.localtest.me:443:0 server certificate does NOT include an ID which matches the server name
[Mon Aug 09 07:17:27.824000 2021] [ssl:warn] [pid 74] AH01906: emu-webapp.localtest.me:443:0 server certificate is a CA certificate (BasicConstraints: CA == TRUE !?)
[Mon Aug 09 07:17:27.824045 2021] [ssl:warn] [pid 74] AH01909: emu-webapp.localtest.me:443:0 server certificate does NOT include an ID which matches the server name
[Mon Aug 09 07:17:27.922741 2021] [ssl:warn] [pid 74] AH01906: emu-webapp.localtest.me:443:0 server certificate is a CA certificate (BasicConstraints: CA == TRUE !?)
[Mon Aug 09 07:17:27.922792 2021] [ssl:warn] [pid 74] AH01909: emu-webapp.localtest.me:443:0 server certificate does NOT include an ID which matches the server name
[Mon Aug 09 11:08:22.184152 2021] [ssl:warn] [pid 72] AH01906: emu-webapp.localtest.me:443:0 server certificate is a CA certificate (BasicConstraints: CA == TRUE !?)
[Mon Aug 09 11:08:22.184170 2021] [ssl:warn] [pid 72] AH01909: emu-webapp.localtest.me:443:0 server certificate does NOT include an ID which matches the server name
[Mon Aug 09 11:08:22.227395 2021] [ssl:warn] [pid 72] AH01906: emu-webapp.localtest.me:443:0 server certificate is a CA certificate (BasicConstraints: CA == TRUE !?)
[Mon Aug 09 11:08:22.227404 2021] [ssl:warn] [pid 72] AH01909: emu-webapp.localtest.me:443:0 server certificate does NOT include an ID which matches the server name
[Tue Aug 10 07:07:36.171646 2021] [ssl:warn] [pid 81] AH01906: emu-webapp.localtest.me:443:0 server certificate is a CA certificate (BasicConstraints: CA == TRUE !?)
[Tue Aug 10 07:07:36.172227 2021] [ssl:warn] [pid 81] AH01909: emu-webapp.localtest.me:443:0 server certificate does NOT include an ID which matches the server name
[Tue Aug 10 07:07:36.259492 2021] [ssl:warn] [pid 81] AH01906: emu-webapp.localtest.me:443:0 server certificate is a CA certificate (BasicConstraints: CA == TRUE !?)
[Tue Aug 10 07:07:36.259501 2021] [ssl:warn] [pid 81] AH01909: emu-webapp.localtest.me:443:0 server certificate does NOT include an ID which matches the server name
[Wed Aug 11 06:37:32.131218 2021] [ssl:warn] [pid 74] AH01906: emu-webapp.localtest.me:443:0 server certificate is a CA certificate (BasicConstraints: CA == TRUE !?)
[Wed Aug 11 06:37:32.131700 2021] [ssl:warn] [pid 74] AH01909: emu-webapp.localtest.me:443:0 server certificate does NOT include an ID which matches the server name
[Wed Aug 11 06:37:32.234277 2021] [ssl:warn] [pid 74] AH01906: emu-webapp.localtest.me:443:0 server certificate is a CA certificate (BasicConstraints: CA == TRUE !?)
[Wed Aug 11 06:37:32.234302 2021] [ssl:warn] [pid 74] AH01909: emu-webapp.localtest.me:443:0 server certificate does NOT include an ID which matches the server name
[Thu Aug 12 07:13:55.669052 2021] [ssl:warn] [pid 75] AH01906: emu-webapp.localtest.me:443:0 server certificate is a CA certificate (BasicConstraints: CA == TRUE !?)
[Thu Aug 12 07:13:55.669700 2021] [ssl:warn] [pid 75] AH01909: emu-webapp.localtest.me:443:0 server certificate does NOT include an ID which matches the server name
[Thu Aug 12 07:13:55.769061 2021] [ssl:warn] [pid 75] AH01906: emu-webapp.localtest.me:443:0 server certificate is a CA certificate (BasicConstraints: CA == TRUE !?)
[Thu Aug 12 07:13:55.769074 2021] [ssl:warn] [pid 75] AH01909: emu-webapp.localtest.me:443:0 server certificate does NOT include an ID which matches the server name
[Thu Aug 12 11:24:53.650961 2021] [ssl:warn] [pid 52] AH01906: emu-webapp.localtest.me:443:0 server certificate is a CA certificate (BasicConstraints: CA == TRUE !?)
[Thu Aug 12 11:24:53.651606 2021] [ssl:warn] [pid 52] AH01909: emu-webapp.localtest.me:443:0 server certificate does NOT include an ID which matches the server name
[Thu Aug 12 11:24:53.762210 2021] [ssl:warn] [pid 52] AH01906: emu-webapp.localtest.me:443:0 server certificate is a CA certificate (BasicConstraints: CA == TRUE !?)
[Thu Aug 12 11:24:53.762228 2021] [ssl:warn] [pid 52] AH01909: emu-webapp.localtest.me:443:0 server certificate does NOT include an ID which matches the server name
[Thu Aug 12 11:37:00.506465 2021] [ssl:warn] [pid 64] AH01906: emu-webapp.localtest.me:443:0 server certificate is a CA certificate (BasicConstraints: CA == TRUE !?)
[Thu Aug 12 11:37:00.507077 2021] [ssl:warn] [pid 64] AH01909: emu-webapp.localtest.me:443:0 server certificate does NOT include an ID which matches the server name
[Thu Aug 12 11:37:00.666687 2021] [ssl:warn] [pid 64] AH01906: emu-webapp.localtest.me:443:0 server certificate is a CA certificate (BasicConstraints: CA == TRUE !?)
[Thu Aug 12 11:37:00.666712 2021] [ssl:warn] [pid 64] AH01909: emu-webapp.localtest.me:443:0 server certificate does NOT include an ID which matches the server name
[Thu Aug 12 11:50:01.081636 2021] [ssl:warn] [pid 74] AH01906: emu-webapp.localtest.me:443:0 server certificate is a CA certificate (BasicConstraints: CA == TRUE !?)
[Thu Aug 12 11:50:01.081662 2021] [ssl:warn] [pid 74] AH01909: emu-webapp.localtest.me:443:0 server certificate does NOT include an ID which matches the server name
[Thu Aug 12 11:50:01.143148 2021] [ssl:warn] [pid 74] AH01906: emu-webapp.localtest.me:443:0 server certificate is a CA certificate (BasicConstraints: CA == TRUE !?)
[Thu Aug 12 11:50:01.143170 2021] [ssl:warn] [pid 74] AH01909: emu-webapp.localtest.me:443:0 server certificate does NOT include an ID which matches the server name
[Thu Aug 12 13:58:04.932510 2021] [ssl:warn] [pid 72] AH01906: emu-webapp.localtest.me:443:0 server certificate is a CA certificate (BasicConstraints: CA == TRUE !?)
[Thu Aug 12 13:58:04.932524 2021] [ssl:warn] [pid 72] AH01909: emu-webapp.localtest.me:443:0 server certificate does NOT include an ID which matches the server name
[Thu Aug 12 13:58:04.989797 2021] [ssl:warn] [pid 72] AH01906: emu-webapp.localtest.me:443:0 server certificate is a CA certificate (BasicConstraints: CA == TRUE !?)
[Thu Aug 12 13:58:04.989819 2021] [ssl:warn] [pid 72] AH01909: emu-webapp.localtest.me:443:0 server certificate does NOT include an ID which matches the server name
[Fri Aug 13 06:50:41.613625 2021] [ssl:warn] [pid 74] AH01906: emu-webapp.localtest.me:443:0 server certificate is a CA certificate (BasicConstraints: CA == TRUE !?)
[Fri Aug 13 06:50:41.614137 2021] [ssl:warn] [pid 74] AH01909: emu-webapp.localtest.me:443:0 server certificate does NOT include an ID which matches the server name
[Fri Aug 13 06:50:41.697046 2021] [ssl:warn] [pid 74] AH01906: emu-webapp.localtest.me:443:0 server certificate is a CA certificate (BasicConstraints: CA == TRUE !?)
[Fri Aug 13 06:50:41.697055 2021] [ssl:warn] [pid 74] AH01909: emu-webapp.localtest.me:443:0 server certificate does NOT include an ID which matches the server name
[Fri Aug 13 07:15:30.134118 2021] [ssl:warn] [pid 75] AH01906: emu-webapp.localtest.me:443:0 server certificate is a CA certificate (BasicConstraints: CA == TRUE !?)
[Fri Aug 13 07:15:30.134130 2021] [ssl:warn] [pid 75] AH01909: emu-webapp.localtest.me:443:0 server certificate does NOT include an ID which matches the server name
[Fri Aug 13 07:15:30.185932 2021] [ssl:warn] [pid 75] AH01906: emu-webapp.localtest.me:443:0 server certificate is a CA certificate (BasicConstraints: CA == TRUE !?)
[Fri Aug 13 07:15:30.185949 2021] [ssl:warn] [pid 75] AH01909: emu-webapp.localtest.me:443:0 server certificate does NOT include an ID which matches the server name
[Fri Aug 13 07:54:22.744953 2021] [ssl:warn] [pid 68] AH01906: emu-webapp.localtest.me:443:0 server certificate is a CA certificate (BasicConstraints: CA == TRUE !?)
[Fri Aug 13 07:54:22.744960 2021] [ssl:warn] [pid 68] AH01909: emu-webapp.localtest.me:443:0 server certificate does NOT include an ID which matches the server name
[Fri Aug 13 07:54:22.771218 2021] [ssl:warn] [pid 68] AH01906: emu-webapp.localtest.me:443:0 server certificate is a CA certificate (BasicConstraints: CA == TRUE !?)
[Fri Aug 13 07:54:22.771225 2021] [ssl:warn] [pid 68] AH01909: emu-webapp.localtest.me:443:0 server certificate does NOT include an ID which matches the server name
[Mon Aug 16 06:59:34.394010 2021] [ssl:warn] [pid 71] AH01906: emu-webapp.localtest.me:443:0 server certificate is a CA certificate (BasicConstraints: CA == TRUE !?)
[Mon Aug 16 06:59:34.394540 2021] [ssl:warn] [pid 71] AH01909: emu-webapp.localtest.me:443:0 server certificate does NOT include an ID which matches the server name
[Mon Aug 16 06:59:34.475180 2021] [ssl:warn] [pid 71] AH01906: emu-webapp.localtest.me:443:0 server certificate is a CA certificate (BasicConstraints: CA == TRUE !?)
[Mon Aug 16 06:59:34.475191 2021] [ssl:warn] [pid 71] AH01909: emu-webapp.localtest.me:443:0 server certificate does NOT include an ID which matches the server name
[Tue Aug 17 07:09:59.106652 2021] [ssl:warn] [pid 74] AH01906: emu-webapp.localtest.me:443:0 server certificate is a CA certificate (BasicConstraints: CA == TRUE !?)
[Tue Aug 17 07:09:59.107250 2021] [ssl:warn] [pid 74] AH01909: emu-webapp.localtest.me:443:0 server certificate does NOT include an ID which matches the server name
[Tue Aug 17 07:09:59.200754 2021] [ssl:warn] [pid 74] AH01906: emu-webapp.localtest.me:443:0 server certificate is a CA certificate (BasicConstraints: CA == TRUE !?)
[Tue Aug 17 07:09:59.200772 2021] [ssl:warn] [pid 74] AH01909: emu-webapp.localtest.me:443:0 server certificate does NOT include an ID which matches the server name
[Wed Aug 18 06:59:45.996915 2021] [ssl:warn] [pid 77] AH01906: emu-webapp.localtest.me:443:0 server certificate is a CA certificate (BasicConstraints: CA == TRUE !?)
[Wed Aug 18 06:59:45.997671 2021] [ssl:warn] [pid 77] AH01909: emu-webapp.localtest.me:443:0 server certificate does NOT include an ID which matches the server name
[Wed Aug 18 06:59:46.089381 2021] [ssl:warn] [pid 77] AH01906: emu-webapp.localtest.me:443:0 server certificate is a CA certificate (BasicConstraints: CA == TRUE !?)
[Wed Aug 18 06:59:46.089391 2021] [ssl:warn] [pid 77] AH01909: emu-webapp.localtest.me:443:0 server certificate does NOT include an ID which matches the server name
[Thu Aug 19 07:02:02.862023 2021] [ssl:warn] [pid 73] AH01906: emu-webapp.localtest.me:443:0 server certificate is a CA certificate (BasicConstraints: CA == TRUE !?)
[Thu Aug 19 07:02:02.862776 2021] [ssl:warn] [pid 73] AH01909: emu-webapp.localtest.me:443:0 server certificate does NOT include an ID which matches the server name
[Thu Aug 19 07:02:02.956111 2021] [ssl:warn] [pid 73] AH01906: emu-webapp.localtest.me:443:0 server certificate is a CA certificate (BasicConstraints: CA == TRUE !?)
[Thu Aug 19 07:02:02.956120 2021] [ssl:warn] [pid 73] AH01909: emu-webapp.localtest.me:443:0 server certificate does NOT include an ID which matches the server name
[Fri Aug 20 06:30:29.816639 2021] [ssl:warn] [pid 56] AH01906: emu-webapp.localtest.me:443:0 server certificate is a CA certificate (BasicConstraints: CA == TRUE !?)
[Fri Aug 20 06:30:29.817247 2021] [ssl:warn] [pid 56] AH01909: emu-webapp.localtest.me:443:0 server certificate does NOT include an ID which matches the server name
[Fri Aug 20 06:30:29.924315 2021] [ssl:warn] [pid 56] AH01906: emu-webapp.localtest.me:443:0 server certificate is a CA certificate (BasicConstraints: CA == TRUE !?)
[Fri Aug 20 06:30:29.924336 2021] [ssl:warn] [pid 56] AH01909: emu-webapp.localtest.me:443:0 server certificate does NOT include an ID which matches the server name
[Fri Aug 20 06:39:17.749043 2021] [ssl:warn] [pid 71] AH01906: emu-webapp.localtest.me:443:0 server certificate is a CA certificate (BasicConstraints: CA == TRUE !?)
[Fri Aug 20 06:39:17.749053 2021] [ssl:warn] [pid 71] AH01909: emu-webapp.localtest.me:443:0 server certificate does NOT include an ID which matches the server name
[Fri Aug 20 06:39:17.797785 2021] [ssl:warn] [pid 71] AH01906: emu-webapp.localtest.me:443:0 server certificate is a CA certificate (BasicConstraints: CA == TRUE !?)
[Fri Aug 20 06:39:17.797797 2021] [ssl:warn] [pid 71] AH01909: emu-webapp.localtest.me:443:0 server certificate does NOT include an ID which matches the server name
[Fri Aug 20 09:53:06.223581 2021] [ssl:warn] [pid 71] AH01906: emu-webapp.localtest.me:443:0 server certificate is a CA certificate (BasicConstraints: CA == TRUE !?)
[Fri Aug 20 09:53:06.223603 2021] [ssl:warn] [pid 71] AH01909: emu-webapp.localtest.me:443:0 server certificate does NOT include an ID which matches the server name
[Fri Aug 20 09:53:06.266942 2021] [ssl:warn] [pid 71] AH01906: emu-webapp.localtest.me:443:0 server certificate is a CA certificate (BasicConstraints: CA == TRUE !?)
[Fri Aug 20 09:53:06.266955 2021] [ssl:warn] [pid 71] AH01909: emu-webapp.localtest.me:443:0 server certificate does NOT include an ID which matches the server name
[Fri Aug 20 12:13:43.496247 2021] [ssl:warn] [pid 73] AH01906: emu-webapp.localtest.me:443:0 server certificate is a CA certificate (BasicConstraints: CA == TRUE !?)
[Fri Aug 20 12:13:43.496260 2021] [ssl:warn] [pid 73] AH01909: emu-webapp.localtest.me:443:0 server certificate does NOT include an ID which matches the server name
[Fri Aug 20 12:13:43.530475 2021] [ssl:warn] [pid 73] AH01906: emu-webapp.localtest.me:443:0 server certificate is a CA certificate (BasicConstraints: CA == TRUE !?)
[Fri Aug 20 12:13:43.530491 2021] [ssl:warn] [pid 73] AH01909: emu-webapp.localtest.me:443:0 server certificate does NOT include an ID which matches the server name
[Mon Aug 23 09:26:54.875169 2021] [ssl:warn] [pid 75] AH01906: emu-webapp.localtest.me:443:0 server certificate is a CA certificate (BasicConstraints: CA == TRUE !?)
[Mon Aug 23 09:26:54.875655 2021] [ssl:warn] [pid 75] AH01909: emu-webapp.localtest.me:443:0 server certificate does NOT include an ID which matches the server name
[Mon Aug 23 09:26:54.975036 2021] [ssl:warn] [pid 75] AH01906: emu-webapp.localtest.me:443:0 server certificate is a CA certificate (BasicConstraints: CA == TRUE !?)
[Mon Aug 23 09:26:54.975046 2021] [ssl:warn] [pid 75] AH01909: emu-webapp.localtest.me:443:0 server certificate does NOT include an ID which matches the server name
[Tue Aug 24 07:04:12.736065 2021] [ssl:warn] [pid 70] AH01906: emu-webapp.localtest.me:443:0 server certificate is a CA certificate (BasicConstraints: CA == TRUE !?)
[Tue Aug 24 07:04:12.736793 2021] [ssl:warn] [pid 70] AH01909: emu-webapp.localtest.me:443:0 server certificate does NOT include an ID which matches the server name
[Tue Aug 24 07:04:12.829242 2021] [ssl:warn] [pid 70] AH01906: emu-webapp.localtest.me:443:0 server certificate is a CA certificate (BasicConstraints: CA == TRUE !?)
[Tue Aug 24 07:04:12.829252 2021] [ssl:warn] [pid 70] AH01909: emu-webapp.localtest.me:443:0 server certificate does NOT include an ID which matches the server name
[Tue Aug 24 13:33:58.664026 2021] [ssl:warn] [pid 41] AH01906: emu-webapp.localtest.me:443:0 server certificate is a CA certificate (BasicConstraints: CA == TRUE !?)
[Tue Aug 24 13:33:58.664035 2021] [ssl:warn] [pid 41] AH01909: emu-webapp.localtest.me:443:0 server certificate does NOT include an ID which matches the server name
[Tue Aug 24 13:33:58.693347 2021] [ssl:warn] [pid 41] AH01906: emu-webapp.localtest.me:443:0 server certificate is a CA certificate (BasicConstraints: CA == TRUE !?)
[Tue Aug 24 13:33:58.693356 2021] [ssl:warn] [pid 41] AH01909: emu-webapp.localtest.me:443:0 server certificate does NOT include an ID which matches the server name
[Tue Aug 24 13:35:18.846381 2021] [ssl:warn] [pid 81] AH01906: emu-webapp.localtest.me:443:0 server certificate is a CA certificate (BasicConstraints: CA == TRUE !?)
[Tue Aug 24 13:35:18.846391 2021] [ssl:warn] [pid 81] AH01909: emu-webapp.localtest.me:443:0 server certificate does NOT include an ID which matches the server name
[Tue Aug 24 13:35:18.882270 2021] [ssl:warn] [pid 81] AH01906: emu-webapp.localtest.me:443:0 server certificate is a CA certificate (BasicConstraints: CA == TRUE !?)
[Tue Aug 24 13:35:18.882279 2021] [ssl:warn] [pid 81] AH01909: emu-webapp.localtest.me:443:0 server certificate does NOT include an ID which matches the server name
[Tue Aug 24 13:42:32.214051 2021] [ssl:warn] [pid 91] AH01906: emu-webapp.localtest.me:443:0 server certificate is a CA certificate (BasicConstraints: CA == TRUE !?)
[Tue Aug 24 13:42:32.214084 2021] [ssl:warn] [pid 91] AH01909: emu-webapp.localtest.me:443:0 server certificate does NOT include an ID which matches the server name
[Tue Aug 24 13:42:32.288307 2021] [ssl:warn] [pid 91] AH01906: emu-webapp.localtest.me:443:0 server certificate is a CA certificate (BasicConstraints: CA == TRUE !?)
[Tue Aug 24 13:42:32.288323 2021] [ssl:warn] [pid 91] AH01909: emu-webapp.localtest.me:443:0 server certificate does NOT include an ID which matches the server name
[Tue Aug 24 13:46:58.509468 2021] [ssl:warn] [pid 73] AH01906: emu-webapp.localtest.me:443:0 server certificate is a CA certificate (BasicConstraints: CA == TRUE !?)
[Tue Aug 24 13:46:58.509489 2021] [ssl:warn] [pid 73] AH01909: emu-webapp.localtest.me:443:0 server certificate does NOT include an ID which matches the server name
[Tue Aug 24 13:46:58.551435 2021] [ssl:warn] [pid 73] AH01906: emu-webapp.localtest.me:443:0 server certificate is a CA certificate (BasicConstraints: CA == TRUE !?)
[Tue Aug 24 13:46:58.551446 2021] [ssl:warn] [pid 73] AH01909: emu-webapp.localtest.me:443:0 server certificate does NOT include an ID which matches the server name
[Tue Aug 24 14:01:42.891677 2021] [ssl:warn] [pid 73] AH01906: emu-webapp.localtest.me:443:0 server certificate is a CA certificate (BasicConstraints: CA == TRUE !?)
[Tue Aug 24 14:01:42.891690 2021] [ssl:warn] [pid 73] AH01909: emu-webapp.localtest.me:443:0 server certificate does NOT include an ID which matches the server name
[Tue Aug 24 14:01:42.937232 2021] [ssl:warn] [pid 73] AH01906: emu-webapp.localtest.me:443:0 server certificate is a CA certificate (BasicConstraints: CA == TRUE !?)
[Tue Aug 24 14:01:42.937268 2021] [ssl:warn] [pid 73] AH01909: emu-webapp.localtest.me:443:0 server certificate does NOT include an ID which matches the server name
[Tue Aug 24 14:10:12.170243 2021] [ssl:warn] [pid 76] AH01906: emu-webapp.localtest.me:443:0 server certificate is a CA certificate (BasicConstraints: CA == TRUE !?)
[Tue Aug 24 14:10:12.170293 2021] [ssl:warn] [pid 76] AH01909: emu-webapp.localtest.me:443:0 server certificate does NOT include an ID which matches the server name
[Tue Aug 24 14:10:12.222483 2021] [ssl:warn] [pid 76] AH01906: emu-webapp.localtest.me:443:0 server certificate is a CA certificate (BasicConstraints: CA == TRUE !?)
[Tue Aug 24 14:10:12.222556 2021] [ssl:warn] [pid 76] AH01909: emu-webapp.localtest.me:443:0 server certificate does NOT include an ID which matches the server name
[Tue Aug 24 14:19:46.491484 2021] [ssl:warn] [pid 74] AH01906: emu-webapp.localtest.me:443:0 server certificate is a CA certificate (BasicConstraints: CA == TRUE !?)
[Tue Aug 24 14:19:46.491547 2021] [ssl:warn] [pid 74] AH01909: emu-webapp.localtest.me:443:0 server certificate does NOT include an ID which matches the server name
[Tue Aug 24 14:19:46.540895 2021] [ssl:warn] [pid 74] AH01906: emu-webapp.localtest.me:443:0 server certificate is a CA certificate (BasicConstraints: CA == TRUE !?)
[Tue Aug 24 14:19:46.540968 2021] [ssl:warn] [pid 74] AH01909: emu-webapp.localtest.me:443:0 server certificate does NOT include an ID which matches the server name
[Tue Aug 24 14:38:36.719410 2021] [ssl:warn] [pid 75] AH01906: emu-webapp.localtest.me:443:0 server certificate is a CA certificate (BasicConstraints: CA == TRUE !?)
[Tue Aug 24 14:38:36.719463 2021] [ssl:warn] [pid 75] AH01909: emu-webapp.localtest.me:443:0 server certificate does NOT include an ID which matches the server name
[Tue Aug 24 14:38:36.752446 2021] [ssl:warn] [pid 75] AH01906: emu-webapp.localtest.me:443:0 server certificate is a CA certificate (BasicConstraints: CA == TRUE !?)
[Tue Aug 24 14:38:36.752489 2021] [ssl:warn] [pid 75] AH01909: emu-webapp.localtest.me:443:0 server certificate does NOT include an ID which matches the server name
[Tue Aug 24 14:55:27.544880 2021] [ssl:warn] [pid 76] AH01906: emu-webapp.localtest.me:443:0 server certificate is a CA certificate (BasicConstraints: CA == TRUE !?)
[Tue Aug 24 14:55:27.544927 2021] [ssl:warn] [pid 76] AH01909: emu-webapp.localtest.me:443:0 server certificate does NOT include an ID which matches the server name
[Tue Aug 24 14:55:27.610662 2021] [ssl:warn] [pid 76] AH01906: emu-webapp.localtest.me:443:0 server certificate is a CA certificate (BasicConstraints: CA == TRUE !?)
[Tue Aug 24 14:55:27.610730 2021] [ssl:warn] [pid 76] AH01909: emu-webapp.localtest.me:443:0 server certificate does NOT include an ID which matches the server name
[Tue Aug 24 15:09:10.502831 2021] [ssl:warn] [pid 77] AH01906: emu-webapp.localtest.me:443:0 server certificate is a CA certificate (BasicConstraints: CA == TRUE !?)
[Tue Aug 24 15:09:10.503179 2021] [ssl:warn] [pid 77] AH01909: emu-webapp.localtest.me:443:0 server certificate does NOT include an ID which matches the server name
[Tue Aug 24 15:09:10.546299 2021] [ssl:warn] [pid 77] AH01906: emu-webapp.localtest.me:443:0 server certificate is a CA certificate (BasicConstraints: CA == TRUE !?)
[Tue Aug 24 15:09:10.546336 2021] [ssl:warn] [pid 77] AH01909: emu-webapp.localtest.me:443:0 server certificate does NOT include an ID which matches the server name
[Wed Aug 25 07:35:25.610175 2021] [ssl:warn] [pid 81] AH01906: emu-webapp.localtest.me:443:0 server certificate is a CA certificate (BasicConstraints: CA == TRUE !?)
[Wed Aug 25 07:35:25.611024 2021] [ssl:warn] [pid 81] AH01909: emu-webapp.localtest.me:443:0 server certificate does NOT include an ID which matches the server name
[Wed Aug 25 07:35:25.739480 2021] [ssl:warn] [pid 81] AH01906: emu-webapp.localtest.me:443:0 server certificate is a CA certificate (BasicConstraints: CA == TRUE !?)
[Wed Aug 25 07:35:25.739503 2021] [ssl:warn] [pid 81] AH01909: emu-webapp.localtest.me:443:0 server certificate does NOT include an ID which matches the server name
[Wed Aug 25 08:23:04.404950 2021] [ssl:warn] [pid 72] AH01906: emu-webapp.localtest.me:443:0 server certificate is a CA certificate (BasicConstraints: CA == TRUE !?)
[Wed Aug 25 08:23:04.404960 2021] [ssl:warn] [pid 72] AH01909: emu-webapp.localtest.me:443:0 server certificate does NOT include an ID which matches the server name
[Wed Aug 25 08:23:04.455256 2021] [ssl:warn] [pid 72] AH01906: emu-webapp.localtest.me:443:0 server certificate is a CA certificate (BasicConstraints: CA == TRUE !?)
[Wed Aug 25 08:23:04.455266 2021] [ssl:warn] [pid 72] AH01909: emu-webapp.localtest.me:443:0 server certificate does NOT include an ID which matches the server name
[Wed Aug 25 08:30:52.746759 2021] [ssl:warn] [pid 79] AH01906: emu-webapp.localtest.me:443:0 server certificate is a CA certificate (BasicConstraints: CA == TRUE !?)
[Wed Aug 25 08:30:52.746788 2021] [ssl:warn] [pid 79] AH01909: emu-webapp.localtest.me:443:0 server certificate does NOT include an ID which matches the server name
[Wed Aug 25 08:30:52.799470 2021] [ssl:warn] [pid 79] AH01906: emu-webapp.localtest.me:443:0 server certificate is a CA certificate (BasicConstraints: CA == TRUE !?)
[Wed Aug 25 08:30:52.799497 2021] [ssl:warn] [pid 79] AH01909: emu-webapp.localtest.me:443:0 server certificate does NOT include an ID which matches the server name
[Wed Aug 25 08:59:46.085165 2021] [ssl:warn] [pid 41] AH01906: emu-webapp.localtest.me:443:0 server certificate is a CA certificate (BasicConstraints: CA == TRUE !?)
[Wed Aug 25 08:59:46.085173 2021] [ssl:warn] [pid 41] AH01909: emu-webapp.localtest.me:443:0 server certificate does NOT include an ID which matches the server name
[Wed Aug 25 08:59:46.118788 2021] [ssl:warn] [pid 41] AH01906: emu-webapp.localtest.me:443:0 server certificate is a CA certificate (BasicConstraints: CA == TRUE !?)
[Wed Aug 25 08:59:46.118800 2021] [ssl:warn] [pid 41] AH01909: emu-webapp.localtest.me:443:0 server certificate does NOT include an ID which matches the server name
[Thu Aug 26 06:41:01.106372 2021] [ssl:warn] [pid 72] AH01906: emu-webapp.localtest.me:443:0 server certificate is a CA certificate (BasicConstraints: CA == TRUE !?)
[Thu Aug 26 06:41:01.106946 2021] [ssl:warn] [pid 72] AH01909: emu-webapp.localtest.me:443:0 server certificate does NOT include an ID which matches the server name
[Thu Aug 26 06:41:01.195903 2021] [ssl:warn] [pid 72] AH01906: emu-webapp.localtest.me:443:0 server certificate is a CA certificate (BasicConstraints: CA == TRUE !?)
[Thu Aug 26 06:41:01.195912 2021] [ssl:warn] [pid 72] AH01909: emu-webapp.localtest.me:443:0 server certificate does NOT include an ID which matches the server name
[Thu Aug 26 08:52:44.965902 2021] [ssl:warn] [pid 81] AH01906: emu-webapp.localtest.me:443:0 server certificate is a CA certificate (BasicConstraints: CA == TRUE !?)
[Thu Aug 26 08:52:44.965916 2021] [ssl:warn] [pid 81] AH01909: emu-webapp.localtest.me:443:0 server certificate does NOT include an ID which matches the server name
[Thu Aug 26 08:52:45.024758 2021] [ssl:warn] [pid 81] AH01906: emu-webapp.localtest.me:443:0 server certificate is a CA certificate (BasicConstraints: CA == TRUE !?)
[Thu Aug 26 08:52:45.024781 2021] [ssl:warn] [pid 81] AH01909: emu-webapp.localtest.me:443:0 server certificate does NOT include an ID which matches the server name
[Thu Aug 26 09:13:42.610777 2021] [ssl:warn] [pid 77] AH01906: emu-webapp.localtest.me:443:0 server certificate is a CA certificate (BasicConstraints: CA == TRUE !?)
[Thu Aug 26 09:13:42.610812 2021] [ssl:warn] [pid 77] AH01909: emu-webapp.localtest.me:443:0 server certificate does NOT include an ID which matches the server name
[Thu Aug 26 09:13:42.650613 2021] [ssl:warn] [pid 77] AH01906: emu-webapp.localtest.me:443:0 server certificate is a CA certificate (BasicConstraints: CA == TRUE !?)
[Thu Aug 26 09:13:42.650624 2021] [ssl:warn] [pid 77] AH01909: emu-webapp.localtest.me:443:0 server certificate does NOT include an ID which matches the server name
[Thu Aug 26 11:45:00.324019 2021] [ssl:warn] [pid 78] AH01906: emu-webapp.localtest.me:443:0 server certificate is a CA certificate (BasicConstraints: CA == TRUE !?)
[Thu Aug 26 11:45:00.324089 2021] [ssl:warn] [pid 78] AH01909: emu-webapp.localtest.me:443:0 server certificate does NOT include an ID which matches the server name
[Thu Aug 26 11:45:00.380874 2021] [ssl:warn] [pid 78] AH01906: emu-webapp.localtest.me:443:0 server certificate is a CA certificate (BasicConstraints: CA == TRUE !?)
[Thu Aug 26 11:45:00.380885 2021] [ssl:warn] [pid 78] AH01909: emu-webapp.localtest.me:443:0 server certificate does NOT include an ID which matches the server name
[Thu Aug 26 15:33:23.530491 2021] [ssl:warn] [pid 82] AH01906: emu-webapp.localtest.me:443:0 server certificate is a CA certificate (BasicConstraints: CA == TRUE !?)
[Thu Aug 26 15:33:23.530615 2021] [ssl:warn] [pid 82] AH01909: emu-webapp.localtest.me:443:0 server certificate does NOT include an ID which matches the server name
[Thu Aug 26 15:33:23.583276 2021] [ssl:warn] [pid 82] AH01906: emu-webapp.localtest.me:443:0 server certificate is a CA certificate (BasicConstraints: CA == TRUE !?)
[Thu Aug 26 15:33:23.583287 2021] [ssl:warn] [pid 82] AH01909: emu-webapp.localtest.me:443:0 server certificate does NOT include an ID which matches the server name
[Fri Aug 27 06:56:35.810802 2021] [ssl:warn] [pid 77] AH01906: emu-webapp.localtest.me:443:0 server certificate is a CA certificate (BasicConstraints: CA == TRUE !?)
[Fri Aug 27 06:56:35.811503 2021] [ssl:warn] [pid 77] AH01909: emu-webapp.localtest.me:443:0 server certificate does NOT include an ID which matches the server name
[Fri Aug 27 06:56:35.916431 2021] [ssl:warn] [pid 77] AH01906: emu-webapp.localtest.me:443:0 server certificate is a CA certificate (BasicConstraints: CA == TRUE !?)
[Fri Aug 27 06:56:35.916445 2021] [ssl:warn] [pid 77] AH01909: emu-webapp.localtest.me:443:0 server certificate does NOT include an ID which matches the server name
[Fri Aug 27 08:02:36.386093 2021] [ssl:warn] [pid 75] AH01906: emu-webapp.localtest.me:443:0 server certificate is a CA certificate (BasicConstraints: CA == TRUE !?)
[Fri Aug 27 08:02:36.386103 2021] [ssl:warn] [pid 75] AH01909: emu-webapp.localtest.me:443:0 server certificate does NOT include an ID which matches the server name
[Fri Aug 27 08:02:36.432957 2021] [ssl:warn] [pid 75] AH01906: emu-webapp.localtest.me:443:0 server certificate is a CA certificate (BasicConstraints: CA == TRUE !?)
[Fri Aug 27 08:02:36.432966 2021] [ssl:warn] [pid 75] AH01909: emu-webapp.localtest.me:443:0 server certificate does NOT include an ID which matches the server name
[Fri Aug 27 08:12:01.492376 2021] [ssl:warn] [pid 79] AH01906: emu-webapp.localtest.me:443:0 server certificate is a CA certificate (BasicConstraints: CA == TRUE !?)
[Fri Aug 27 08:12:01.492388 2021] [ssl:warn] [pid 79] AH01909: emu-webapp.localtest.me:443:0 server certificate does NOT include an ID which matches the server name
[Fri Aug 27 08:12:01.541684 2021] [ssl:warn] [pid 79] AH01906: emu-webapp.localtest.me:443:0 server certificate is a CA certificate (BasicConstraints: CA == TRUE !?)
[Fri Aug 27 08:12:01.541709 2021] [ssl:warn] [pid 79] AH01909: emu-webapp.localtest.me:443:0 server certificate does NOT include an ID which matches the server name
[Fri Aug 27 12:33:11.758242 2021] [ssl:warn] [pid 76] AH01906: emu-webapp.localtest.me:443:0 server certificate is a CA certificate (BasicConstraints: CA == TRUE !?)
[Fri Aug 27 12:33:11.758317 2021] [ssl:warn] [pid 76] AH01909: emu-webapp.localtest.me:443:0 server certificate does NOT include an ID which matches the server name
[Fri Aug 27 12:33:11.837147 2021] [ssl:warn] [pid 76] AH01906: emu-webapp.localtest.me:443:0 server certificate is a CA certificate (BasicConstraints: CA == TRUE !?)
[Fri Aug 27 12:33:11.837159 2021] [ssl:warn] [pid 76] AH01909: emu-webapp.localtest.me:443:0 server certificate does NOT include an ID which matches the server name
[Mon Aug 30 09:14:33.246551 2021] [ssl:warn] [pid 62] AH01906: emu-webapp.localtest.me:443:0 server certificate is a CA certificate (BasicConstraints: CA == TRUE !?)
[Mon Aug 30 09:14:33.246566 2021] [ssl:warn] [pid 62] AH01909: emu-webapp.localtest.me:443:0 server certificate does NOT include an ID which matches the server name
[Mon Aug 30 09:14:33.385026 2021] [ssl:warn] [pid 62] AH01906: emu-webapp.localtest.me:443:0 server certificate is a CA certificate (BasicConstraints: CA == TRUE !?)
[Mon Aug 30 09:14:33.385040 2021] [ssl:warn] [pid 62] AH01909: emu-webapp.localtest.me:443:0 server certificate does NOT include an ID which matches the server name
[Mon Aug 30 09:40:22.814405 2021] [ssl:warn] [pid 64] AH01906: emu-webapp.localtest.me:443:0 server certificate is a CA certificate (BasicConstraints: CA == TRUE !?)
[Mon Aug 30 09:40:22.814415 2021] [ssl:warn] [pid 64] AH01909: emu-webapp.localtest.me:443:0 server certificate does NOT include an ID which matches the server name
[Mon Aug 30 09:40:22.848076 2021] [ssl:warn] [pid 64] AH01906: emu-webapp.localtest.me:443:0 server certificate is a CA certificate (BasicConstraints: CA == TRUE !?)
[Mon Aug 30 09:40:22.848083 2021] [ssl:warn] [pid 64] AH01909: emu-webapp.localtest.me:443:0 server certificate does NOT include an ID which matches the server name
[Mon Aug 30 10:04:34.418004 2021] [ssl:warn] [pid 62] AH01906: emu-webapp.localtest.me:443:0 server certificate is a CA certificate (BasicConstraints: CA == TRUE !?)
[Mon Aug 30 10:04:34.418011 2021] [ssl:warn] [pid 62] AH01909: emu-webapp.localtest.me:443:0 server certificate does NOT include an ID which matches the server name
[Mon Aug 30 10:04:34.442812 2021] [ssl:warn] [pid 62] AH01906: emu-webapp.localtest.me:443:0 server certificate is a CA certificate (BasicConstraints: CA == TRUE !?)
[Mon Aug 30 10:04:34.442819 2021] [ssl:warn] [pid 62] AH01909: emu-webapp.localtest.me:443:0 server certificate does NOT include an ID which matches the server name
[Mon Aug 30 10:09:27.538951 2021] [ssl:warn] [pid 63] AH01906: emu-webapp.localtest.me:443:0 server certificate is a CA certificate (BasicConstraints: CA == TRUE !?)
[Mon Aug 30 10:09:27.538958 2021] [ssl:warn] [pid 63] AH01909: emu-webapp.localtest.me:443:0 server certificate does NOT include an ID which matches the server name
[Mon Aug 30 10:09:27.569687 2021] [ssl:warn] [pid 63] AH01906: emu-webapp.localtest.me:443:0 server certificate is a CA certificate (BasicConstraints: CA == TRUE !?)
[Mon Aug 30 10:09:27.569695 2021] [ssl:warn] [pid 63] AH01909: emu-webapp.localtest.me:443:0 server certificate does NOT include an ID which matches the server name
[Mon Aug 30 14:53:36.918739 2021] [ssl:warn] [pid 62] AH01906: emu-webapp.localtest.me:443:0 server certificate is a CA certificate (BasicConstraints: CA == TRUE !?)
[Mon Aug 30 14:53:36.918752 2021] [ssl:warn] [pid 62] AH01909: emu-webapp.localtest.me:443:0 server certificate does NOT include an ID which matches the server name
[Mon Aug 30 14:53:36.963341 2021] [ssl:warn] [pid 62] AH01906: emu-webapp.localtest.me:443:0 server certificate is a CA certificate (BasicConstraints: CA == TRUE !?)
[Mon Aug 30 14:53:36.963348 2021] [ssl:warn] [pid 62] AH01909: emu-webapp.localtest.me:443:0 server certificate does NOT include an ID which matches the server name
[Mon Aug 30 14:55:14.471575 2021] [ssl:warn] [pid 63] AH01906: emu-webapp.localtest.me:443:0 server certificate is a CA certificate (BasicConstraints: CA == TRUE !?)
[Mon Aug 30 14:55:14.471586 2021] [ssl:warn] [pid 63] AH01909: emu-webapp.localtest.me:443:0 server certificate does NOT include an ID which matches the server name
[Mon Aug 30 14:55:14.503731 2021] [ssl:warn] [pid 63] AH01906: emu-webapp.localtest.me:443:0 server certificate is a CA certificate (BasicConstraints: CA == TRUE !?)
[Mon Aug 30 14:55:14.503757 2021] [ssl:warn] [pid 63] AH01909: emu-webapp.localtest.me:443:0 server certificate does NOT include an ID which matches the server name
[Tue Aug 31 10:00:44.987245 2021] [ssl:warn] [pid 64] AH01906: emu-webapp.localtest.me:443:0 server certificate is a CA certificate (BasicConstraints: CA == TRUE !?)
[Tue Aug 31 10:00:44.987509 2021] [ssl:warn] [pid 64] AH01909: emu-webapp.localtest.me:443:0 server certificate does NOT include an ID which matches the server name
[Tue Aug 31 10:00:45.062349 2021] [ssl:warn] [pid 64] AH01906: emu-webapp.localtest.me:443:0 server certificate is a CA certificate (BasicConstraints: CA == TRUE !?)
[Tue Aug 31 10:00:45.062356 2021] [ssl:warn] [pid 64] AH01909: emu-webapp.localtest.me:443:0 server certificate does NOT include an ID which matches the server name
[Tue Aug 31 11:31:24.062412 2021] [ssl:warn] [pid 64] AH01906: emu-webapp.localtest.me:443:0 server certificate is a CA certificate (BasicConstraints: CA == TRUE !?)
[Tue Aug 31 11:31:24.062420 2021] [ssl:warn] [pid 64] AH01909: emu-webapp.localtest.me:443:0 server certificate does NOT include an ID which matches the server name
[Tue Aug 31 11:31:24.089203 2021] [ssl:warn] [pid 64] AH01906: emu-webapp.localtest.me:443:0 server certificate is a CA certificate (BasicConstraints: CA == TRUE !?)
[Tue Aug 31 11:31:24.089210 2021] [ssl:warn] [pid 64] AH01909: emu-webapp.localtest.me:443:0 server certificate does NOT include an ID which matches the server name
[Tue Aug 31 12:45:44.550791 2021] [ssl:warn] [pid 65] AH01906: emu-webapp.localtest.me:443:0 server certificate is a CA certificate (BasicConstraints: CA == TRUE !?)
[Tue Aug 31 12:45:44.550799 2021] [ssl:warn] [pid 65] AH01909: emu-webapp.localtest.me:443:0 server certificate does NOT include an ID which matches the server name
[Tue Aug 31 12:45:44.576039 2021] [ssl:warn] [pid 65] AH01906: emu-webapp.localtest.me:443:0 server certificate is a CA certificate (BasicConstraints: CA == TRUE !?)
[Tue Aug 31 12:45:44.576047 2021] [ssl:warn] [pid 65] AH01909: emu-webapp.localtest.me:443:0 server certificate does NOT include an ID which matches the server name
[Tue Aug 31 13:50:23.688523 2021] [ssl:warn] [pid 65] AH01906: emu-webapp.localtest.me:443:0 server certificate is a CA certificate (BasicConstraints: CA == TRUE !?)
[Tue Aug 31 13:50:23.688532 2021] [ssl:warn] [pid 65] AH01909: emu-webapp.localtest.me:443:0 server certificate does NOT include an ID which matches the server name
[Tue Aug 31 13:50:23.717107 2021] [ssl:warn] [pid 65] AH01906: emu-webapp.localtest.me:443:0 server certificate is a CA certificate (BasicConstraints: CA == TRUE !?)
[Tue Aug 31 13:50:23.717118 2021] [ssl:warn] [pid 65] AH01909: emu-webapp.localtest.me:443:0 server certificate does NOT include an ID which matches the server name
[Wed Sep 01 07:43:35.515539 2021] [ssl:warn] [pid 64] AH01906: emu-webapp.localtest.me:443:0 server certificate is a CA certificate (BasicConstraints: CA == TRUE !?)
[Wed Sep 01 07:43:35.515547 2021] [ssl:warn] [pid 64] AH01909: emu-webapp.localtest.me:443:0 server certificate does NOT include an ID which matches the server name
[Wed Sep 01 07:43:35.543370 2021] [ssl:warn] [pid 64] AH01906: emu-webapp.localtest.me:443:0 server certificate is a CA certificate (BasicConstraints: CA == TRUE !?)
[Wed Sep 01 07:43:35.543378 2021] [ssl:warn] [pid 64] AH01909: emu-webapp.localtest.me:443:0 server certificate does NOT include an ID which matches the server name
[Wed Sep 01 08:51:27.824779 2021] [ssl:warn] [pid 63] AH01906: emu-webapp.localtest.me:443:0 server certificate is a CA certificate (BasicConstraints: CA == TRUE !?)
[Wed Sep 01 08:51:27.824803 2021] [ssl:warn] [pid 63] AH01909: emu-webapp.localtest.me:443:0 server certificate does NOT include an ID which matches the server name
[Wed Sep 01 08:51:27.853228 2021] [ssl:warn] [pid 63] AH01906: emu-webapp.localtest.me:443:0 server certificate is a CA certificate (BasicConstraints: CA == TRUE !?)
[Wed Sep 01 08:51:27.853251 2021] [ssl:warn] [pid 63] AH01909: emu-webapp.localtest.me:443:0 server certificate does NOT include an ID which matches the server name
[Wed Sep 01 08:53:26.672547 2021] [ssl:warn] [pid 62] AH01906: emu-webapp.localtest.me:443:0 server certificate is a CA certificate (BasicConstraints: CA == TRUE !?)
[Wed Sep 01 08:53:26.672571 2021] [ssl:warn] [pid 62] AH01909: emu-webapp.localtest.me:443:0 server certificate does NOT include an ID which matches the server name
[Wed Sep 01 08:53:26.698600 2021] [ssl:warn] [pid 62] AH01906: emu-webapp.localtest.me:443:0 server certificate is a CA certificate (BasicConstraints: CA == TRUE !?)
[Wed Sep 01 08:53:26.698622 2021] [ssl:warn] [pid 62] AH01909: emu-webapp.localtest.me:443:0 server certificate does NOT include an ID which matches the server name
[Wed Sep 01 10:45:56.367784 2021] [ssl:warn] [pid 65] AH01906: emu-webapp.localtest.me:443:0 server certificate is a CA certificate (BasicConstraints: CA == TRUE !?)
[Wed Sep 01 10:45:56.367808 2021] [ssl:warn] [pid 65] AH01909: emu-webapp.localtest.me:443:0 server certificate does NOT include an ID which matches the server name
[Wed Sep 01 10:45:56.394624 2021] [ssl:warn] [pid 65] AH01906: emu-webapp.localtest.me:443:0 server certificate is a CA certificate (BasicConstraints: CA == TRUE !?)
[Wed Sep 01 10:45:56.394652 2021] [ssl:warn] [pid 65] AH01909: emu-webapp.localtest.me:443:0 server certificate does NOT include an ID which matches the server name
[Wed Sep 01 11:02:25.065508 2021] [ssl:warn] [pid 64] AH01906: emu-webapp.localtest.me:443:0 server certificate is a CA certificate (BasicConstraints: CA == TRUE !?)
[Wed Sep 01 11:02:25.065533 2021] [ssl:warn] [pid 64] AH01909: emu-webapp.localtest.me:443:0 server certificate does NOT include an ID which matches the server name
[Wed Sep 01 11:02:25.091854 2021] [ssl:warn] [pid 64] AH01906: emu-webapp.localtest.me:443:0 server certificate is a CA certificate (BasicConstraints: CA == TRUE !?)
[Wed Sep 01 11:02:25.091876 2021] [ssl:warn] [pid 64] AH01909: emu-webapp.localtest.me:443:0 server certificate does NOT include an ID which matches the server name
[Wed Sep 01 11:06:45.115972 2021] [ssl:warn] [pid 64] AH01906: emu-webapp.localtest.me:443:0 server certificate is a CA certificate (BasicConstraints: CA == TRUE !?)
[Wed Sep 01 11:06:45.115996 2021] [ssl:warn] [pid 64] AH01909: emu-webapp.localtest.me:443:0 server certificate does NOT include an ID which matches the server name
[Wed Sep 01 11:06:45.145817 2021] [ssl:warn] [pid 64] AH01906: emu-webapp.localtest.me:443:0 server certificate is a CA certificate (BasicConstraints: CA == TRUE !?)
[Wed Sep 01 11:06:45.145841 2021] [ssl:warn] [pid 64] AH01909: emu-webapp.localtest.me:443:0 server certificate does NOT include an ID which matches the server name
[Wed Sep 01 14:06:09.919133 2021] [ssl:warn] [pid 63] AH01906: emu-webapp.localtest.me:443:0 server certificate is a CA certificate (BasicConstraints: CA == TRUE !?)
[Wed Sep 01 14:06:09.919196 2021] [ssl:warn] [pid 63] AH01909: emu-webapp.localtest.me:443:0 server certificate does NOT include an ID which matches the server name
[Wed Sep 01 14:06:09.952239 2021] [ssl:warn] [pid 63] AH01906: emu-webapp.localtest.me:443:0 server certificate is a CA certificate (BasicConstraints: CA == TRUE !?)
[Wed Sep 01 14:06:09.952262 2021] [ssl:warn] [pid 63] AH01909: emu-webapp.localtest.me:443:0 server certificate does NOT include an ID which matches the server name
[Wed Sep 01 14:14:10.933627 2021] [ssl:warn] [pid 63] AH01906: emu-webapp.localtest.me:443:0 server certificate is a CA certificate (BasicConstraints: CA == TRUE !?)
[Wed Sep 01 14:14:10.933660 2021] [ssl:warn] [pid 63] AH01909: emu-webapp.localtest.me:443:0 server certificate does NOT include an ID which matches the server name
[Wed Sep 01 14:14:10.960121 2021] [ssl:warn] [pid 63] AH01906: emu-webapp.localtest.me:443:0 server certificate is a CA certificate (BasicConstraints: CA == TRUE !?)
[Wed Sep 01 14:14:10.960144 2021] [ssl:warn] [pid 63] AH01909: emu-webapp.localtest.me:443:0 server certificate does NOT include an ID which matches the server name
[Wed Sep 01 15:02:21.945955 2021] [ssl:warn] [pid 49] AH01906: emu-webapp.localtest.me:443:0 server certificate is a CA certificate (BasicConstraints: CA == TRUE !?)
[Wed Sep 01 15:02:21.945974 2021] [ssl:warn] [pid 49] AH01909: emu-webapp.localtest.me:443:0 server certificate does NOT include an ID which matches the server name
[Wed Sep 01 15:02:21.987272 2021] [ssl:warn] [pid 49] AH01906: emu-webapp.localtest.me:443:0 server certificate is a CA certificate (BasicConstraints: CA == TRUE !?)
[Wed Sep 01 15:02:21.987303 2021] [ssl:warn] [pid 49] AH01909: emu-webapp.localtest.me:443:0 server certificate does NOT include an ID which matches the server name
[Thu Sep 02 06:34:18.573259 2021] [ssl:warn] [pid 62] AH01906: emu-webapp.localtest.me:443:0 server certificate is a CA certificate (BasicConstraints: CA == TRUE !?)
[Thu Sep 02 06:34:18.573284 2021] [ssl:warn] [pid 62] AH01909: emu-webapp.localtest.me:443:0 server certificate does NOT include an ID which matches the server name
[Thu Sep 02 06:34:18.600653 2021] [ssl:warn] [pid 62] AH01906: emu-webapp.localtest.me:443:0 server certificate is a CA certificate (BasicConstraints: CA == TRUE !?)
[Thu Sep 02 06:34:18.600661 2021] [ssl:warn] [pid 62] AH01909: emu-webapp.localtest.me:443:0 server certificate does NOT include an ID which matches the server name
[Thu Sep 02 11:46:38.789311 2021] [ssl:warn] [pid 42] AH01906: emu-webapp.localtest.me:443:0 server certificate is a CA certificate (BasicConstraints: CA == TRUE !?)
[Thu Sep 02 11:46:38.789330 2021] [ssl:warn] [pid 42] AH01909: emu-webapp.localtest.me:443:0 server certificate does NOT include an ID which matches the server name
[Thu Sep 02 11:46:38.824478 2021] [ssl:warn] [pid 42] AH01906: emu-webapp.localtest.me:443:0 server certificate is a CA certificate (BasicConstraints: CA == TRUE !?)
[Thu Sep 02 11:46:38.824486 2021] [ssl:warn] [pid 42] AH01909: emu-webapp.localtest.me:443:0 server certificate does NOT include an ID which matches the server name
[Thu Sep 02 12:50:50.009080 2021] [ssl:warn] [pid 64] AH01906: emu-webapp.localtest.me:443:0 server certificate is a CA certificate (BasicConstraints: CA == TRUE !?)
[Thu Sep 02 12:50:50.009089 2021] [ssl:warn] [pid 64] AH01909: emu-webapp.localtest.me:443:0 server certificate does NOT include an ID which matches the server name
[Thu Sep 02 12:50:50.034244 2021] [ssl:warn] [pid 64] AH01906: emu-webapp.localtest.me:443:0 server certificate is a CA certificate (BasicConstraints: CA == TRUE !?)
[Thu Sep 02 12:50:50.034252 2021] [ssl:warn] [pid 64] AH01909: emu-webapp.localtest.me:443:0 server certificate does NOT include an ID which matches the server name
[Thu Sep 02 17:10:56.555464 2021] [ssl:warn] [pid 53] AH01906: emu-webapp.localtest.me:443:0 server certificate is a CA certificate (BasicConstraints: CA == TRUE !?)
[Thu Sep 02 17:10:56.555642 2021] [ssl:warn] [pid 53] AH01909: emu-webapp.localtest.me:443:0 server certificate does NOT include an ID which matches the server name
[Thu Sep 02 17:10:56.629537 2021] [ssl:warn] [pid 53] AH01906: emu-webapp.localtest.me:443:0 server certificate is a CA certificate (BasicConstraints: CA == TRUE !?)
[Thu Sep 02 17:10:56.629545 2021] [ssl:warn] [pid 53] AH01909: emu-webapp.localtest.me:443:0 server certificate does NOT include an ID which matches the server name
[Fri Sep 03 06:17:27.770522 2021] [ssl:warn] [pid 62] AH01906: emu-webapp.localtest.me:443:0 server certificate is a CA certificate (BasicConstraints: CA == TRUE !?)
[Fri Sep 03 06:17:27.770707 2021] [ssl:warn] [pid 62] AH01909: emu-webapp.localtest.me:443:0 server certificate does NOT include an ID which matches the server name
[Fri Sep 03 06:17:27.852597 2021] [ssl:warn] [pid 62] AH01906: emu-webapp.localtest.me:443:0 server certificate is a CA certificate (BasicConstraints: CA == TRUE !?)
[Fri Sep 03 06:17:27.852603 2021] [ssl:warn] [pid 62] AH01909: emu-webapp.localtest.me:443:0 server certificate does NOT include an ID which matches the server name
[Fri Sep 03 12:01:35.372950 2021] [ssl:warn] [pid 63] AH01906: emu-webapp.localtest.me:443:0 server certificate is a CA certificate (BasicConstraints: CA == TRUE !?)
[Fri Sep 03 12:01:35.372957 2021] [ssl:warn] [pid 63] AH01909: emu-webapp.localtest.me:443:0 server certificate does NOT include an ID which matches the server name
[Fri Sep 03 12:01:35.396997 2021] [ssl:warn] [pid 63] AH01906: emu-webapp.localtest.me:443:0 server certificate is a CA certificate (BasicConstraints: CA == TRUE !?)
[Fri Sep 03 12:01:35.397004 2021] [ssl:warn] [pid 63] AH01909: emu-webapp.localtest.me:443:0 server certificate does NOT include an ID which matches the server name
[Fri Sep 03 12:37:41.702374 2021] [ssl:warn] [pid 71] AH01906: emu-webapp.localtest.me:443:0 server certificate is a CA certificate (BasicConstraints: CA == TRUE !?)
[Fri Sep 03 12:37:41.702382 2021] [ssl:warn] [pid 71] AH01909: emu-webapp.localtest.me:443:0 server certificate does NOT include an ID which matches the server name
[Fri Sep 03 12:37:41.726373 2021] [ssl:warn] [pid 71] AH01906: emu-webapp.localtest.me:443:0 server certificate is a CA certificate (BasicConstraints: CA == TRUE !?)
[Fri Sep 03 12:37:41.726381 2021] [ssl:warn] [pid 71] AH01909: emu-webapp.localtest.me:443:0 server certificate does NOT include an ID which matches the server name
[Fri Sep 03 12:52:37.322739 2021] [ssl:warn] [pid 85] AH01906: emu-webapp.localtest.me:443:0 server certificate is a CA certificate (BasicConstraints: CA == TRUE !?)
[Fri Sep 03 12:52:37.322746 2021] [ssl:warn] [pid 85] AH01909: emu-webapp.localtest.me:443:0 server certificate does NOT include an ID which matches the server name
[Fri Sep 03 12:52:37.358744 2021] [ssl:warn] [pid 85] AH01906: emu-webapp.localtest.me:443:0 server certificate is a CA certificate (BasicConstraints: CA == TRUE !?)
[Fri Sep 03 12:52:37.358751 2021] [ssl:warn] [pid 85] AH01909: emu-webapp.localtest.me:443:0 server certificate does NOT include an ID which matches the server name
[Fri Sep 03 12:55:21.206281 2021] [ssl:warn] [pid 90] AH01906: emu-webapp.localtest.me:443:0 server certificate is a CA certificate (BasicConstraints: CA == TRUE !?)
[Fri Sep 03 12:55:21.206289 2021] [ssl:warn] [pid 90] AH01909: emu-webapp.localtest.me:443:0 server certificate does NOT include an ID which matches the server name
[Fri Sep 03 12:55:21.232879 2021] [ssl:warn] [pid 90] AH01906: emu-webapp.localtest.me:443:0 server certificate is a CA certificate (BasicConstraints: CA == TRUE !?)
[Fri Sep 03 12:55:21.232889 2021] [ssl:warn] [pid 90] AH01909: emu-webapp.localtest.me:443:0 server certificate does NOT include an ID which matches the server name
[Fri Sep 03 12:58:11.783238 2021] [ssl:warn] [pid 89] AH01906: emu-webapp.localtest.me:443:0 server certificate is a CA certificate (BasicConstraints: CA == TRUE !?)
[Fri Sep 03 12:58:11.783245 2021] [ssl:warn] [pid 89] AH01909: emu-webapp.localtest.me:443:0 server certificate does NOT include an ID which matches the server name
[Fri Sep 03 12:58:11.806572 2021] [ssl:warn] [pid 89] AH01906: emu-webapp.localtest.me:443:0 server certificate is a CA certificate (BasicConstraints: CA == TRUE !?)
[Fri Sep 03 12:58:11.806579 2021] [ssl:warn] [pid 89] AH01909: emu-webapp.localtest.me:443:0 server certificate does NOT include an ID which matches the server name
[Mon Sep 06 07:53:02.053227 2021] [ssl:warn] [pid 89] AH01906: emu-webapp.localtest.me:443:0 server certificate is a CA certificate (BasicConstraints: CA == TRUE !?)
[Mon Sep 06 07:53:02.053422 2021] [ssl:warn] [pid 89] AH01909: emu-webapp.localtest.me:443:0 server certificate does NOT include an ID which matches the server name
[Mon Sep 06 07:53:02.128432 2021] [ssl:warn] [pid 89] AH01906: emu-webapp.localtest.me:443:0 server certificate is a CA certificate (BasicConstraints: CA == TRUE !?)
[Mon Sep 06 07:53:02.128445 2021] [ssl:warn] [pid 89] AH01909: emu-webapp.localtest.me:443:0 server certificate does NOT include an ID which matches the server name
[Mon Sep 06 07:55:17.771100 2021] [ssl:warn] [pid 97] AH01906: emu-webapp.localtest.me:443:0 server certificate is a CA certificate (BasicConstraints: CA == TRUE !?)
[Mon Sep 06 07:55:17.771111 2021] [ssl:warn] [pid 97] AH01909: emu-webapp.localtest.me:443:0 server certificate does NOT include an ID which matches the server name
[Mon Sep 06 07:55:17.796325 2021] [ssl:warn] [pid 97] AH01906: emu-webapp.localtest.me:443:0 server certificate is a CA certificate (BasicConstraints: CA == TRUE !?)
[Mon Sep 06 07:55:17.796343 2021] [ssl:warn] [pid 97] AH01909: emu-webapp.localtest.me:443:0 server certificate does NOT include an ID which matches the server name
[Mon Sep 06 08:01:43.023097 2021] [ssl:warn] [pid 87] AH01906: emu-webapp.localtest.me:443:0 server certificate is a CA certificate (BasicConstraints: CA == TRUE !?)
[Mon Sep 06 08:01:43.023109 2021] [ssl:warn] [pid 87] AH01909: emu-webapp.localtest.me:443:0 server certificate does NOT include an ID which matches the server name
[Mon Sep 06 08:01:43.047823 2021] [ssl:warn] [pid 87] AH01906: emu-webapp.localtest.me:443:0 server certificate is a CA certificate (BasicConstraints: CA == TRUE !?)
[Mon Sep 06 08:01:43.047831 2021] [ssl:warn] [pid 87] AH01909: emu-webapp.localtest.me:443:0 server certificate does NOT include an ID which matches the server name
[Mon Sep 06 08:04:55.522320 2021] [ssl:warn] [pid 91] AH01906: emu-webapp.localtest.me:443:0 server certificate is a CA certificate (BasicConstraints: CA == TRUE !?)
[Mon Sep 06 08:04:55.522331 2021] [ssl:warn] [pid 91] AH01909: emu-webapp.localtest.me:443:0 server certificate does NOT include an ID which matches the server name
[Mon Sep 06 08:04:55.546854 2021] [ssl:warn] [pid 91] AH01906: emu-webapp.localtest.me:443:0 server certificate is a CA certificate (BasicConstraints: CA == TRUE !?)
[Mon Sep 06 08:04:55.546862 2021] [ssl:warn] [pid 91] AH01909: emu-webapp.localtest.me:443:0 server certificate does NOT include an ID which matches the server name
[Mon Sep 06 08:07:40.810061 2021] [ssl:warn] [pid 83] AH01906: emu-webapp.localtest.me:443:0 server certificate is a CA certificate (BasicConstraints: CA == TRUE !?)
[Mon Sep 06 08:07:40.810068 2021] [ssl:warn] [pid 83] AH01909: emu-webapp.localtest.me:443:0 server certificate does NOT include an ID which matches the server name
[Mon Sep 06 08:07:40.834536 2021] [ssl:warn] [pid 83] AH01906: emu-webapp.localtest.me:443:0 server certificate is a CA certificate (BasicConstraints: CA == TRUE !?)
[Mon Sep 06 08:07:40.834544 2021] [ssl:warn] [pid 83] AH01909: emu-webapp.localtest.me:443:0 server certificate does NOT include an ID which matches the server name
[Mon Sep 06 08:56:15.992565 2021] [ssl:warn] [pid 88] AH01906: emu-webapp.localtest.me:443:0 server certificate is a CA certificate (BasicConstraints: CA == TRUE !?)
[Mon Sep 06 08:56:15.992612 2021] [ssl:warn] [pid 88] AH01909: emu-webapp.localtest.me:443:0 server certificate does NOT include an ID which matches the server name
[Mon Sep 06 08:56:16.034530 2021] [ssl:warn] [pid 88] AH01906: emu-webapp.localtest.me:443:0 server certificate is a CA certificate (BasicConstraints: CA == TRUE !?)
[Mon Sep 06 08:56:16.034539 2021] [ssl:warn] [pid 88] AH01909: emu-webapp.localtest.me:443:0 server certificate does NOT include an ID which matches the server name
[Mon Sep 06 10:37:16.031088 2021] [ssl:warn] [pid 87] AH01906: emu-webapp.localtest.me:443:0 server certificate is a CA certificate (BasicConstraints: CA == TRUE !?)
[Mon Sep 06 10:37:16.031096 2021] [ssl:warn] [pid 87] AH01909: emu-webapp.localtest.me:443:0 server certificate does NOT include an ID which matches the server name
[Mon Sep 06 10:37:16.057370 2021] [ssl:warn] [pid 87] AH01906: emu-webapp.localtest.me:443:0 server certificate is a CA certificate (BasicConstraints: CA == TRUE !?)
[Mon Sep 06 10:37:16.057384 2021] [ssl:warn] [pid 87] AH01909: emu-webapp.localtest.me:443:0 server certificate does NOT include an ID which matches the server name
[Mon Sep 06 10:46:40.037652 2021] [ssl:warn] [pid 89] AH01906: emu-webapp.localtest.me:443:0 server certificate is a CA certificate (BasicConstraints: CA == TRUE !?)
[Mon Sep 06 10:46:40.037670 2021] [ssl:warn] [pid 89] AH01909: emu-webapp.localtest.me:443:0 server certificate does NOT include an ID which matches the server name
[Mon Sep 06 10:46:40.061558 2021] [ssl:warn] [pid 89] AH01906: emu-webapp.localtest.me:443:0 server certificate is a CA certificate (BasicConstraints: CA == TRUE !?)
[Mon Sep 06 10:46:40.061565 2021] [ssl:warn] [pid 89] AH01909: emu-webapp.localtest.me:443:0 server certificate does NOT include an ID which matches the server name
[Mon Sep 06 10:56:35.854031 2021] [ssl:warn] [pid 91] AH01906: emu-webapp.localtest.me:443:0 server certificate is a CA certificate (BasicConstraints: CA == TRUE !?)
[Mon Sep 06 10:56:35.854039 2021] [ssl:warn] [pid 91] AH01909: emu-webapp.localtest.me:443:0 server certificate does NOT include an ID which matches the server name
[Mon Sep 06 10:56:35.880257 2021] [ssl:warn] [pid 91] AH01906: emu-webapp.localtest.me:443:0 server certificate is a CA certificate (BasicConstraints: CA == TRUE !?)
[Mon Sep 06 10:56:35.880264 2021] [ssl:warn] [pid 91] AH01909: emu-webapp.localtest.me:443:0 server certificate does NOT include an ID which matches the server name
[Tue Sep 07 07:43:21.328959 2021] [ssl:warn] [pid 82] AH01906: emu-webapp.localtest.me:443:0 server certificate is a CA certificate (BasicConstraints: CA == TRUE !?)
[Tue Sep 07 07:43:21.329169 2021] [ssl:warn] [pid 82] AH01909: emu-webapp.localtest.me:443:0 server certificate does NOT include an ID which matches the server name
[Tue Sep 07 07:43:21.399048 2021] [ssl:warn] [pid 82] AH01906: emu-webapp.localtest.me:443:0 server certificate is a CA certificate (BasicConstraints: CA == TRUE !?)
[Tue Sep 07 07:43:21.399056 2021] [ssl:warn] [pid 82] AH01909: emu-webapp.localtest.me:443:0 server certificate does NOT include an ID which matches the server name
[Wed Sep 08 12:00:56.184328 2021] [ssl:warn] [pid 89] AH01906: emu-webapp.localtest.me:443:0 server certificate is a CA certificate (BasicConstraints: CA == TRUE !?)
[Wed Sep 08 12:00:56.184564 2021] [ssl:warn] [pid 89] AH01909: emu-webapp.localtest.me:443:0 server certificate does NOT include an ID which matches the server name
[Wed Sep 08 12:00:56.256518 2021] [ssl:warn] [pid 89] AH01906: emu-webapp.localtest.me:443:0 server certificate is a CA certificate (BasicConstraints: CA == TRUE !?)
[Wed Sep 08 12:00:56.256525 2021] [ssl:warn] [pid 89] AH01909: emu-webapp.localtest.me:443:0 server certificate does NOT include an ID which matches the server name
[Wed Sep 08 12:06:14.218801 2021] [ssl:warn] [pid 88] AH01906: emu-webapp.localtest.me:443:0 server certificate is a CA certificate (BasicConstraints: CA == TRUE !?)
[Wed Sep 08 12:06:14.218809 2021] [ssl:warn] [pid 88] AH01909: emu-webapp.localtest.me:443:0 server certificate does NOT include an ID which matches the server name
[Wed Sep 08 12:06:14.249531 2021] [ssl:warn] [pid 88] AH01906: emu-webapp.localtest.me:443:0 server certificate is a CA certificate (BasicConstraints: CA == TRUE !?)
[Wed Sep 08 12:06:14.249544 2021] [ssl:warn] [pid 88] AH01909: emu-webapp.localtest.me:443:0 server certificate does NOT include an ID which matches the server name
[Wed Sep 08 13:23:44.363136 2021] [ssl:warn] [pid 89] AH01906: emu-webapp.localtest.me:443:0 server certificate is a CA certificate (BasicConstraints: CA == TRUE !?)
[Wed Sep 08 13:23:44.363157 2021] [ssl:warn] [pid 89] AH01909: emu-webapp.localtest.me:443:0 server certificate does NOT include an ID which matches the server name
[Wed Sep 08 13:23:44.388023 2021] [ssl:warn] [pid 89] AH01906: emu-webapp.localtest.me:443:0 server certificate is a CA certificate (BasicConstraints: CA == TRUE !?)
[Wed Sep 08 13:23:44.388049 2021] [ssl:warn] [pid 89] AH01909: emu-webapp.localtest.me:443:0 server certificate does NOT include an ID which matches the server name
[Wed Sep 08 13:26:29.700434 2021] [ssl:warn] [pid 41] AH01906: emu-webapp.localtest.me:443:0 server certificate is a CA certificate (BasicConstraints: CA == TRUE !?)
[Wed Sep 08 13:26:29.700457 2021] [ssl:warn] [pid 41] AH01909: emu-webapp.localtest.me:443:0 server certificate does NOT include an ID which matches the server name
[Wed Sep 08 13:26:29.726560 2021] [ssl:warn] [pid 41] AH01906: emu-webapp.localtest.me:443:0 server certificate is a CA certificate (BasicConstraints: CA == TRUE !?)
[Wed Sep 08 13:26:29.726583 2021] [ssl:warn] [pid 41] AH01909: emu-webapp.localtest.me:443:0 server certificate does NOT include an ID which matches the server name
[Wed Sep 08 13:52:24.202765 2021] [ssl:warn] [pid 91] AH01906: emu-webapp.localtest.me:443:0 server certificate is a CA certificate (BasicConstraints: CA == TRUE !?)
[Wed Sep 08 13:52:24.202787 2021] [ssl:warn] [pid 91] AH01909: emu-webapp.localtest.me:443:0 server certificate does NOT include an ID which matches the server name
[Wed Sep 08 13:52:24.228079 2021] [ssl:warn] [pid 91] AH01906: emu-webapp.localtest.me:443:0 server certificate is a CA certificate (BasicConstraints: CA == TRUE !?)
[Wed Sep 08 13:52:24.228102 2021] [ssl:warn] [pid 91] AH01909: emu-webapp.localtest.me:443:0 server certificate does NOT include an ID which matches the server name
[Wed Sep 08 13:53:51.971545 2021] [ssl:warn] [pid 42] AH01906: emu-webapp.localtest.me:443:0 server certificate is a CA certificate (BasicConstraints: CA == TRUE !?)
[Wed Sep 08 13:53:51.971566 2021] [ssl:warn] [pid 42] AH01909: emu-webapp.localtest.me:443:0 server certificate does NOT include an ID which matches the server name
[Wed Sep 08 13:53:51.996210 2021] [ssl:warn] [pid 42] AH01906: emu-webapp.localtest.me:443:0 server certificate is a CA certificate (BasicConstraints: CA == TRUE !?)
[Wed Sep 08 13:53:51.996233 2021] [ssl:warn] [pid 42] AH01909: emu-webapp.localtest.me:443:0 server certificate does NOT include an ID which matches the server name
[Wed Sep 08 13:55:37.575681 2021] [ssl:warn] [pid 41] AH01906: emu-webapp.localtest.me:443:0 server certificate is a CA certificate (BasicConstraints: CA == TRUE !?)
[Wed Sep 08 13:55:37.575703 2021] [ssl:warn] [pid 41] AH01909: emu-webapp.localtest.me:443:0 server certificate does NOT include an ID which matches the server name
[Wed Sep 08 13:55:37.602977 2021] [ssl:warn] [pid 41] AH01906: emu-webapp.localtest.me:443:0 server certificate is a CA certificate (BasicConstraints: CA == TRUE !?)
[Wed Sep 08 13:55:37.603009 2021] [ssl:warn] [pid 41] AH01909: emu-webapp.localtest.me:443:0 server certificate does NOT include an ID which matches the server name
[Wed Sep 08 13:57:55.600507 2021] [ssl:warn] [pid 41] AH01906: emu-webapp.localtest.me:443:0 server certificate is a CA certificate (BasicConstraints: CA == TRUE !?)
[Wed Sep 08 13:57:55.600530 2021] [ssl:warn] [pid 41] AH01909: emu-webapp.localtest.me:443:0 server certificate does NOT include an ID which matches the server name
[Wed Sep 08 13:57:55.624126 2021] [ssl:warn] [pid 41] AH01906: emu-webapp.localtest.me:443:0 server certificate is a CA certificate (BasicConstraints: CA == TRUE !?)
[Wed Sep 08 13:57:55.624148 2021] [ssl:warn] [pid 41] AH01909: emu-webapp.localtest.me:443:0 server certificate does NOT include an ID which matches the server name
[Wed Sep 08 14:00:27.586467 2021] [ssl:warn] [pid 41] AH01906: emu-webapp.localtest.me:443:0 server certificate is a CA certificate (BasicConstraints: CA == TRUE !?)
[Wed Sep 08 14:00:27.586489 2021] [ssl:warn] [pid 41] AH01909: emu-webapp.localtest.me:443:0 server certificate does NOT include an ID which matches the server name
[Wed Sep 08 14:00:27.610183 2021] [ssl:warn] [pid 41] AH01906: emu-webapp.localtest.me:443:0 server certificate is a CA certificate (BasicConstraints: CA == TRUE !?)
[Wed Sep 08 14:00:27.610205 2021] [ssl:warn] [pid 41] AH01909: emu-webapp.localtest.me:443:0 server certificate does NOT include an ID which matches the server name
[Wed Sep 08 14:07:29.666314 2021] [ssl:warn] [pid 41] AH01906: emu-webapp.localtest.me:443:0 server certificate is a CA certificate (BasicConstraints: CA == TRUE !?)
[Wed Sep 08 14:07:29.666343 2021] [ssl:warn] [pid 41] AH01909: emu-webapp.localtest.me:443:0 server certificate does NOT include an ID which matches the server name
[Wed Sep 08 14:07:29.689809 2021] [ssl:warn] [pid 41] AH01906: emu-webapp.localtest.me:443:0 server certificate is a CA certificate (BasicConstraints: CA == TRUE !?)
[Wed Sep 08 14:07:29.689834 2021] [ssl:warn] [pid 41] AH01909: emu-webapp.localtest.me:443:0 server certificate does NOT include an ID which matches the server name
[Wed Sep 08 14:18:15.898523 2021] [ssl:warn] [pid 41] AH01906: emu-webapp.localtest.me:443:0 server certificate is a CA certificate (BasicConstraints: CA == TRUE !?)
[Wed Sep 08 14:18:15.898572 2021] [ssl:warn] [pid 41] AH01909: emu-webapp.localtest.me:443:0 server certificate does NOT include an ID which matches the server name
[Wed Sep 08 14:18:15.920483 2021] [ssl:warn] [pid 41] AH01906: emu-webapp.localtest.me:443:0 server certificate is a CA certificate (BasicConstraints: CA == TRUE !?)
[Wed Sep 08 14:18:15.920505 2021] [ssl:warn] [pid 41] AH01909: emu-webapp.localtest.me:443:0 server certificate does NOT include an ID which matches the server name
[Wed Sep 08 14:21:28.343769 2021] [ssl:warn] [pid 97] AH01906: emu-webapp.localtest.me:443:0 server certificate is a CA certificate (BasicConstraints: CA == TRUE !?)
[Wed Sep 08 14:21:28.343795 2021] [ssl:warn] [pid 97] AH01909: emu-webapp.localtest.me:443:0 server certificate does NOT include an ID which matches the server name
[Wed Sep 08 14:21:28.366255 2021] [ssl:warn] [pid 97] AH01906: emu-webapp.localtest.me:443:0 server certificate is a CA certificate (BasicConstraints: CA == TRUE !?)
[Wed Sep 08 14:21:28.366279 2021] [ssl:warn] [pid 97] AH01909: emu-webapp.localtest.me:443:0 server certificate does NOT include an ID which matches the server name
