2021-05-27 08:25:18 WARN OpenSAML.MetadataProvider.XML : minRefreshDelay setting exceeds maxRefreshDelay/reloadInterval setting, lowering to match it
2021-05-27 08:25:18 ERROR XMLTooling.libcurl.InputStream : error while fetching http://keycloak:8080/auth/realms/hird/protocol/saml/descriptor: (22) The requested URL returned error: 404 Not Found
2021-05-27 08:25:18 ERROR XMLTooling.ParserPool : fatal error on line 0, column 0, message: internal error in NetAccessor
2021-05-27 08:25:18 ERROR OpenSAML.MetadataProvider.XML : error while loading resource (http://keycloak:8080/auth/realms/hird/protocol/saml/descriptor): XML error(s) during parsing, check log for specifics
2021-05-27 08:25:18 WARN OpenSAML.MetadataProvider.XML : adjusted reload interval to 300 seconds
2021-05-27 08:25:18 WARN OpenSAML.MetadataProvider.XML : trying backup file, exception loading remote resource: XML error(s) during parsing, check log for specifics
2021-05-27 08:25:18 ERROR XMLTooling.ParserPool : fatal error on line 0, column 0, message: unable to open primary document entity '/var/cache/shibboleth/keycloak-idp-metadata.xml'
2021-05-27 08:25:18 ERROR OpenSAML.MetadataProvider.XML : error while loading resource (/var/cache/shibboleth/keycloak-idp-metadata.xml): XML error(s) during parsing, check log for specifics
2021-05-27 08:25:18 CRIT Shibboleth.Application : error initializing MetadataProvider: XML error(s) during parsing, check log for specifics
2021-05-27 08:25:18 ERROR OpenSSL : error code: 33558530 in ../crypto/bio/bss_file.c, line 288
2021-05-27 08:25:18 ERROR OpenSSL : error data: fopen('/etc/certs/localtest.me/cert.key','r')
2021-05-27 08:25:18 ERROR OpenSSL : error code: 537346050 in ../crypto/bio/bss_file.c, line 290
2021-05-27 08:25:18 CRIT Shibboleth.Application : error building CredentialResolver: Unable to load private key from file (/etc/certs/localtest.me/cert.key).
2021-05-27 08:27:39 WARN OpenSAML.MetadataProvider.XML : minRefreshDelay setting exceeds maxRefreshDelay/reloadInterval setting, lowering to match it
2021-05-27 08:27:39 ERROR XMLTooling.libcurl.InputStream : error while fetching http://keycloak:8080/auth/realms/hird/protocol/saml/descriptor: (22) The requested URL returned error: 404 Not Found
2021-05-27 08:27:39 ERROR XMLTooling.ParserPool : fatal error on line 0, column 0, message: internal error in NetAccessor
2021-05-27 08:27:39 ERROR OpenSAML.MetadataProvider.XML : error while loading resource (http://keycloak:8080/auth/realms/hird/protocol/saml/descriptor): XML error(s) during parsing, check log for specifics
2021-05-27 08:27:39 WARN OpenSAML.MetadataProvider.XML : adjusted reload interval to 300 seconds
2021-05-27 08:27:39 WARN OpenSAML.MetadataProvider.XML : trying backup file, exception loading remote resource: XML error(s) during parsing, check log for specifics
2021-05-27 08:27:39 ERROR XMLTooling.ParserPool : fatal error on line 0, column 0, message: unable to open primary document entity '/var/cache/shibboleth/keycloak-idp-metadata.xml'
2021-05-27 08:27:39 ERROR OpenSAML.MetadataProvider.XML : error while loading resource (/var/cache/shibboleth/keycloak-idp-metadata.xml): XML error(s) during parsing, check log for specifics
2021-05-27 08:27:39 CRIT Shibboleth.Application : error initializing MetadataProvider: XML error(s) during parsing, check log for specifics
2021-05-27 08:32:46 WARN OpenSAML.MetadataProvider.XML : minRefreshDelay setting exceeds maxRefreshDelay/reloadInterval setting, lowering to match it
2021-05-27 08:32:46 ERROR XMLTooling.libcurl.InputStream : error while fetching http://keycloak:8080/auth/realms/hird/protocol/saml/descriptor: (22) The requested URL returned error: 404 Not Found
2021-05-27 08:32:46 ERROR XMLTooling.ParserPool : fatal error on line 0, column 0, message: internal error in NetAccessor
2021-05-27 08:32:46 ERROR OpenSAML.MetadataProvider.XML : error while loading resource (http://keycloak:8080/auth/realms/hird/protocol/saml/descriptor): XML error(s) during parsing, check log for specifics
2021-05-27 08:32:46 WARN OpenSAML.MetadataProvider.XML : adjusted reload interval to 300 seconds
2021-05-27 08:32:46 WARN OpenSAML.MetadataProvider.XML : trying backup file, exception loading remote resource: XML error(s) during parsing, check log for specifics
2021-05-27 08:32:46 ERROR XMLTooling.ParserPool : fatal error on line 0, column 0, message: unable to open primary document entity '/var/cache/shibboleth/keycloak-idp-metadata.xml'
2021-05-27 08:32:46 ERROR OpenSAML.MetadataProvider.XML : error while loading resource (/var/cache/shibboleth/keycloak-idp-metadata.xml): XML error(s) during parsing, check log for specifics
2021-05-27 08:32:46 CRIT Shibboleth.Application : error initializing MetadataProvider: XML error(s) during parsing, check log for specifics
2021-05-27 08:32:55 WARN Shibboleth.SessionInitiator.SAML2 [1] [default]: unable to locate metadata for provider (https://idp.localtest.me/auth/realms/hird)
2021-05-27 08:34:42 WARN OpenSAML.MetadataProvider.XML : minRefreshDelay setting exceeds maxRefreshDelay/reloadInterval setting, lowering to match it
2021-05-27 09:11:40 WARN OpenSAML.MetadataProvider.XML : minRefreshDelay setting exceeds maxRefreshDelay/reloadInterval setting, lowering to match it
2021-05-27 09:26:47 WARN OpenSAML.MetadataProvider.XML : minRefreshDelay setting exceeds maxRefreshDelay/reloadInterval setting, lowering to match it
2021-05-27 09:46:30 WARN OpenSAML.MetadataProvider.XML : minRefreshDelay setting exceeds maxRefreshDelay/reloadInterval setting, lowering to match it
2021-05-27 09:54:40 WARN OpenSAML.MetadataProvider.XML : minRefreshDelay setting exceeds maxRefreshDelay/reloadInterval setting, lowering to match it
2021-05-27 09:57:18 WARN OpenSAML.MetadataProvider.XML : minRefreshDelay setting exceeds maxRefreshDelay/reloadInterval setting, lowering to match it
2021-05-27 10:01:01 WARN OpenSAML.MetadataProvider.XML : minRefreshDelay setting exceeds maxRefreshDelay/reloadInterval setting, lowering to match it
2021-05-28 07:01:03 WARN OpenSAML.MetadataProvider.XML : minRefreshDelay setting exceeds maxRefreshDelay/reloadInterval setting, lowering to match it
2021-05-28 11:33:28 WARN OpenSAML.MetadataProvider.XML : minRefreshDelay setting exceeds maxRefreshDelay/reloadInterval setting, lowering to match it
2021-05-28 11:38:17 WARN OpenSAML.MetadataProvider.XML : minRefreshDelay setting exceeds maxRefreshDelay/reloadInterval setting, lowering to match it
2021-05-31 08:25:32 WARN OpenSAML.MetadataProvider.XML : minRefreshDelay setting exceeds maxRefreshDelay/reloadInterval setting, lowering to match it
2021-05-31 08:36:19 WARN OpenSAML.MetadataProvider.XML : minRefreshDelay setting exceeds maxRefreshDelay/reloadInterval setting, lowering to match it
2021-05-31 10:21:57 WARN OpenSAML.MetadataProvider.XML : minRefreshDelay setting exceeds maxRefreshDelay/reloadInterval setting, lowering to match it
2021-05-31 10:31:55 WARN OpenSAML.MetadataProvider.XML : minRefreshDelay setting exceeds maxRefreshDelay/reloadInterval setting, lowering to match it
2021-05-31 10:39:21 WARN OpenSAML.MetadataProvider.XML : minRefreshDelay setting exceeds maxRefreshDelay/reloadInterval setting, lowering to match it
2021-05-31 10:47:45 WARN OpenSAML.MetadataProvider.XML : minRefreshDelay setting exceeds maxRefreshDelay/reloadInterval setting, lowering to match it
2021-05-31 10:53:48 WARN OpenSAML.MetadataProvider.XML : minRefreshDelay setting exceeds maxRefreshDelay/reloadInterval setting, lowering to match it
2021-05-31 10:57:03 WARN OpenSAML.MetadataProvider.XML : minRefreshDelay setting exceeds maxRefreshDelay/reloadInterval setting, lowering to match it
2021-05-31 11:02:35 WARN OpenSAML.MetadataProvider.XML : minRefreshDelay setting exceeds maxRefreshDelay/reloadInterval setting, lowering to match it
2021-05-31 11:48:35 WARN OpenSAML.MetadataProvider.XML : minRefreshDelay setting exceeds maxRefreshDelay/reloadInterval setting, lowering to match it
2021-05-31 13:09:37 WARN OpenSAML.MetadataProvider.XML : minRefreshDelay setting exceeds maxRefreshDelay/reloadInterval setting, lowering to match it
2021-06-01 07:19:54 WARN OpenSAML.MetadataProvider.XML : minRefreshDelay setting exceeds maxRefreshDelay/reloadInterval setting, lowering to match it
2021-06-01 17:08:51 WARN OpenSAML.MetadataProvider.XML : minRefreshDelay setting exceeds maxRefreshDelay/reloadInterval setting, lowering to match it
2021-06-02 07:49:18 WARN OpenSAML.MetadataProvider.XML : minRefreshDelay setting exceeds maxRefreshDelay/reloadInterval setting, lowering to match it
2021-06-02 07:55:30 WARN OpenSAML.MetadataProvider.XML : minRefreshDelay setting exceeds maxRefreshDelay/reloadInterval setting, lowering to match it
2021-06-03 07:44:19 WARN OpenSAML.MetadataProvider.XML : minRefreshDelay setting exceeds maxRefreshDelay/reloadInterval setting, lowering to match it
2021-06-03 13:31:18 WARN OpenSAML.MetadataProvider.XML : minRefreshDelay setting exceeds maxRefreshDelay/reloadInterval setting, lowering to match it
2021-06-07 06:55:08 WARN OpenSAML.MetadataProvider.XML : minRefreshDelay setting exceeds maxRefreshDelay/reloadInterval setting, lowering to match it
2021-06-07 10:22:06 WARN OpenSAML.MetadataProvider.XML : minRefreshDelay setting exceeds maxRefreshDelay/reloadInterval setting, lowering to match it
2021-06-08 07:02:48 WARN OpenSAML.MetadataProvider.XML : minRefreshDelay setting exceeds maxRefreshDelay/reloadInterval setting, lowering to match it
2021-06-08 12:11:32 WARN OpenSAML.MetadataProvider.XML : minRefreshDelay setting exceeds maxRefreshDelay/reloadInterval setting, lowering to match it
2021-06-08 13:31:43 WARN OpenSAML.MetadataProvider.XML : minRefreshDelay setting exceeds maxRefreshDelay/reloadInterval setting, lowering to match it
2021-06-08 14:19:52 WARN OpenSAML.MetadataProvider.XML : minRefreshDelay setting exceeds maxRefreshDelay/reloadInterval setting, lowering to match it
2021-06-08 14:24:30 WARN OpenSAML.MetadataProvider.XML : minRefreshDelay setting exceeds maxRefreshDelay/reloadInterval setting, lowering to match it
2021-06-09 07:51:50 WARN OpenSAML.MetadataProvider.XML : minRefreshDelay setting exceeds maxRefreshDelay/reloadInterval setting, lowering to match it
2021-06-10 07:27:27 WARN OpenSAML.MetadataProvider.XML : minRefreshDelay setting exceeds maxRefreshDelay/reloadInterval setting, lowering to match it
2021-06-11 07:20:44 WARN OpenSAML.MetadataProvider.XML : minRefreshDelay setting exceeds maxRefreshDelay/reloadInterval setting, lowering to match it
2021-06-14 07:04:54 WARN OpenSAML.MetadataProvider.XML : minRefreshDelay setting exceeds maxRefreshDelay/reloadInterval setting, lowering to match it
2021-06-15 07:31:10 WARN OpenSAML.MetadataProvider.XML : minRefreshDelay setting exceeds maxRefreshDelay/reloadInterval setting, lowering to match it
2021-06-16 06:39:27 WARN OpenSAML.MetadataProvider.XML : minRefreshDelay setting exceeds maxRefreshDelay/reloadInterval setting, lowering to match it
2021-06-16 07:33:43 WARN OpenSAML.MetadataProvider.XML : minRefreshDelay setting exceeds maxRefreshDelay/reloadInterval setting, lowering to match it
2021-06-17 07:55:42 WARN OpenSAML.MetadataProvider.XML : minRefreshDelay setting exceeds maxRefreshDelay/reloadInterval setting, lowering to match it
2021-06-18 06:34:53 WARN OpenSAML.MetadataProvider.XML : minRefreshDelay setting exceeds maxRefreshDelay/reloadInterval setting, lowering to match it
2021-06-18 07:55:27 WARN OpenSAML.MetadataProvider.XML : minRefreshDelay setting exceeds maxRefreshDelay/reloadInterval setting, lowering to match it
2021-06-21 06:51:13 WARN OpenSAML.MetadataProvider.XML : minRefreshDelay setting exceeds maxRefreshDelay/reloadInterval setting, lowering to match it
2021-06-22 07:11:51 WARN OpenSAML.MetadataProvider.XML : minRefreshDelay setting exceeds maxRefreshDelay/reloadInterval setting, lowering to match it
2021-06-23 07:00:57 WARN OpenSAML.MetadataProvider.XML : minRefreshDelay setting exceeds maxRefreshDelay/reloadInterval setting, lowering to match it
2021-06-23 08:03:59 WARN OpenSAML.MetadataProvider.XML : minRefreshDelay setting exceeds maxRefreshDelay/reloadInterval setting, lowering to match it
2021-06-23 08:09:43 WARN OpenSAML.MetadataProvider.XML : minRefreshDelay setting exceeds maxRefreshDelay/reloadInterval setting, lowering to match it
2021-06-23 09:15:22 WARN OpenSAML.MetadataProvider.XML : minRefreshDelay setting exceeds maxRefreshDelay/reloadInterval setting, lowering to match it
2021-06-23 12:10:32 WARN OpenSAML.MetadataProvider.XML : minRefreshDelay setting exceeds maxRefreshDelay/reloadInterval setting, lowering to match it
2021-06-23 12:21:43 WARN OpenSAML.MetadataProvider.XML : minRefreshDelay setting exceeds maxRefreshDelay/reloadInterval setting, lowering to match it
2021-06-24 07:10:23 WARN OpenSAML.MetadataProvider.XML : minRefreshDelay setting exceeds maxRefreshDelay/reloadInterval setting, lowering to match it
2021-06-28 07:16:53 WARN OpenSAML.MetadataProvider.XML : minRefreshDelay setting exceeds maxRefreshDelay/reloadInterval setting, lowering to match it
2021-06-28 12:50:55 WARN OpenSAML.MetadataProvider.XML : minRefreshDelay setting exceeds maxRefreshDelay/reloadInterval setting, lowering to match it
2021-08-02 08:51:55 WARN OpenSAML.MetadataProvider.XML : minRefreshDelay setting exceeds maxRefreshDelay/reloadInterval setting, lowering to match it
2021-08-02 09:27:16 WARN OpenSAML.MetadataProvider.XML : minRefreshDelay setting exceeds maxRefreshDelay/reloadInterval setting, lowering to match it
2021-08-03 07:00:52 WARN OpenSAML.MetadataProvider.XML : minRefreshDelay setting exceeds maxRefreshDelay/reloadInterval setting, lowering to match it
2021-08-03 14:12:11 WARN OpenSAML.MetadataProvider.XML : minRefreshDelay setting exceeds maxRefreshDelay/reloadInterval setting, lowering to match it
2021-08-04 07:01:38 WARN OpenSAML.MetadataProvider.XML : minRefreshDelay setting exceeds maxRefreshDelay/reloadInterval setting, lowering to match it
2021-08-05 06:42:53 WARN OpenSAML.MetadataProvider.XML : minRefreshDelay setting exceeds maxRefreshDelay/reloadInterval setting, lowering to match it
2021-08-05 07:23:51 WARN OpenSAML.MetadataProvider.XML : minRefreshDelay setting exceeds maxRefreshDelay/reloadInterval setting, lowering to match it
2021-08-05 07:32:35 WARN OpenSAML.MetadataProvider.XML : minRefreshDelay setting exceeds maxRefreshDelay/reloadInterval setting, lowering to match it
2021-08-05 11:16:31 WARN OpenSAML.MetadataProvider.XML : minRefreshDelay setting exceeds maxRefreshDelay/reloadInterval setting, lowering to match it
2021-08-05 11:51:22 WARN OpenSAML.MetadataProvider.XML : minRefreshDelay setting exceeds maxRefreshDelay/reloadInterval setting, lowering to match it
2021-08-06 06:41:50 WARN OpenSAML.MetadataProvider.XML : minRefreshDelay setting exceeds maxRefreshDelay/reloadInterval setting, lowering to match it
2021-08-09 07:06:26 WARN OpenSAML.MetadataProvider.XML : minRefreshDelay setting exceeds maxRefreshDelay/reloadInterval setting, lowering to match it
2021-08-09 07:17:27 WARN OpenSAML.MetadataProvider.XML : minRefreshDelay setting exceeds maxRefreshDelay/reloadInterval setting, lowering to match it
2021-08-09 11:08:22 WARN OpenSAML.MetadataProvider.XML : minRefreshDelay setting exceeds maxRefreshDelay/reloadInterval setting, lowering to match it
2021-08-10 07:07:36 WARN OpenSAML.MetadataProvider.XML : minRefreshDelay setting exceeds maxRefreshDelay/reloadInterval setting, lowering to match it
2021-08-11 06:37:31 WARN OpenSAML.MetadataProvider.XML : minRefreshDelay setting exceeds maxRefreshDelay/reloadInterval setting, lowering to match it
2021-08-12 07:13:55 WARN OpenSAML.MetadataProvider.XML : minRefreshDelay setting exceeds maxRefreshDelay/reloadInterval setting, lowering to match it
2021-08-12 11:24:53 WARN OpenSAML.MetadataProvider.XML : minRefreshDelay setting exceeds maxRefreshDelay/reloadInterval setting, lowering to match it
2021-08-12 11:37:00 WARN OpenSAML.MetadataProvider.XML : minRefreshDelay setting exceeds maxRefreshDelay/reloadInterval setting, lowering to match it
2021-08-12 11:50:00 WARN OpenSAML.MetadataProvider.XML : minRefreshDelay setting exceeds maxRefreshDelay/reloadInterval setting, lowering to match it
2021-08-12 13:30:08 ERROR Shibboleth.LogoutInitiator.SAML2 [8] [default]: error issuing SAML 2.0 logout request: No peer encryption credential found.
2021-08-12 13:58:04 WARN OpenSAML.MetadataProvider.XML : minRefreshDelay setting exceeds maxRefreshDelay/reloadInterval setting, lowering to match it
2021-08-13 06:50:41 WARN OpenSAML.MetadataProvider.XML : minRefreshDelay setting exceeds maxRefreshDelay/reloadInterval setting, lowering to match it
2021-08-13 07:15:30 WARN OpenSAML.MetadataProvider.XML : minRefreshDelay setting exceeds maxRefreshDelay/reloadInterval setting, lowering to match it
2021-08-13 07:54:22 WARN OpenSAML.MetadataProvider.XML : minRefreshDelay setting exceeds maxRefreshDelay/reloadInterval setting, lowering to match it
2021-08-16 06:59:34 WARN OpenSAML.MetadataProvider.XML : minRefreshDelay setting exceeds maxRefreshDelay/reloadInterval setting, lowering to match it
2021-08-17 07:09:58 WARN OpenSAML.MetadataProvider.XML : minRefreshDelay setting exceeds maxRefreshDelay/reloadInterval setting, lowering to match it
2021-08-17 12:29:11 ERROR Shibboleth.LogoutInitiator.SAML2 [7] [default]: error issuing SAML 2.0 logout request: No peer encryption credential found.
2021-08-18 06:59:45 WARN OpenSAML.MetadataProvider.XML : minRefreshDelay setting exceeds maxRefreshDelay/reloadInterval setting, lowering to match it
2021-08-19 07:02:02 WARN OpenSAML.MetadataProvider.XML : minRefreshDelay setting exceeds maxRefreshDelay/reloadInterval setting, lowering to match it
2021-08-20 06:30:29 WARN OpenSAML.MetadataProvider.XML : minRefreshDelay setting exceeds maxRefreshDelay/reloadInterval setting, lowering to match it
2021-08-20 06:39:17 WARN OpenSAML.MetadataProvider.XML : minRefreshDelay setting exceeds maxRefreshDelay/reloadInterval setting, lowering to match it
2021-08-20 09:53:06 WARN OpenSAML.MetadataProvider.XML : minRefreshDelay setting exceeds maxRefreshDelay/reloadInterval setting, lowering to match it
2021-08-20 12:13:43 WARN OpenSAML.MetadataProvider.XML : minRefreshDelay setting exceeds maxRefreshDelay/reloadInterval setting, lowering to match it
2021-08-23 09:26:54 WARN OpenSAML.MetadataProvider.XML : minRefreshDelay setting exceeds maxRefreshDelay/reloadInterval setting, lowering to match it
2021-08-24 07:04:12 WARN OpenSAML.MetadataProvider.XML : minRefreshDelay setting exceeds maxRefreshDelay/reloadInterval setting, lowering to match it
2021-08-24 13:25:56 WARN OpenSAML.MetadataProvider.XML : minRefreshDelay setting exceeds maxRefreshDelay/reloadInterval setting, lowering to match it
2021-08-24 13:25:59 WARN OpenSAML.MetadataProvider.XML : minRefreshDelay setting exceeds maxRefreshDelay/reloadInterval setting, lowering to match it
2021-08-24 13:26:02 WARN OpenSAML.MetadataProvider.XML : minRefreshDelay setting exceeds maxRefreshDelay/reloadInterval setting, lowering to match it
2021-08-24 13:26:04 WARN OpenSAML.MetadataProvider.XML : minRefreshDelay setting exceeds maxRefreshDelay/reloadInterval setting, lowering to match it
2021-08-24 13:26:07 WARN OpenSAML.MetadataProvider.XML : minRefreshDelay setting exceeds maxRefreshDelay/reloadInterval setting, lowering to match it
2021-08-24 13:26:11 WARN OpenSAML.MetadataProvider.XML : minRefreshDelay setting exceeds maxRefreshDelay/reloadInterval setting, lowering to match it
2021-08-24 13:26:17 WARN OpenSAML.MetadataProvider.XML : minRefreshDelay setting exceeds maxRefreshDelay/reloadInterval setting, lowering to match it
2021-08-24 13:26:25 WARN OpenSAML.MetadataProvider.XML : minRefreshDelay setting exceeds maxRefreshDelay/reloadInterval setting, lowering to match it
2021-08-24 13:26:40 WARN OpenSAML.MetadataProvider.XML : minRefreshDelay setting exceeds maxRefreshDelay/reloadInterval setting, lowering to match it
2021-08-24 13:27:08 WARN OpenSAML.MetadataProvider.XML : minRefreshDelay setting exceeds maxRefreshDelay/reloadInterval setting, lowering to match it
2021-08-24 13:28:01 WARN OpenSAML.MetadataProvider.XML : minRefreshDelay setting exceeds maxRefreshDelay/reloadInterval setting, lowering to match it
2021-08-24 13:29:03 WARN OpenSAML.MetadataProvider.XML : minRefreshDelay setting exceeds maxRefreshDelay/reloadInterval setting, lowering to match it
2021-08-24 13:30:05 WARN OpenSAML.MetadataProvider.XML : minRefreshDelay setting exceeds maxRefreshDelay/reloadInterval setting, lowering to match it
2021-08-24 13:31:52 WARN OpenSAML.MetadataProvider.XML : minRefreshDelay setting exceeds maxRefreshDelay/reloadInterval setting, lowering to match it
2021-08-24 13:31:55 WARN OpenSAML.MetadataProvider.XML : minRefreshDelay setting exceeds maxRefreshDelay/reloadInterval setting, lowering to match it
2021-08-24 13:31:58 WARN OpenSAML.MetadataProvider.XML : minRefreshDelay setting exceeds maxRefreshDelay/reloadInterval setting, lowering to match it
2021-08-24 13:32:01 WARN OpenSAML.MetadataProvider.XML : minRefreshDelay setting exceeds maxRefreshDelay/reloadInterval setting, lowering to match it
2021-08-24 13:32:04 WARN OpenSAML.MetadataProvider.XML : minRefreshDelay setting exceeds maxRefreshDelay/reloadInterval setting, lowering to match it
2021-08-24 13:32:08 WARN OpenSAML.MetadataProvider.XML : minRefreshDelay setting exceeds maxRefreshDelay/reloadInterval setting, lowering to match it
2021-08-24 13:32:13 WARN OpenSAML.MetadataProvider.XML : minRefreshDelay setting exceeds maxRefreshDelay/reloadInterval setting, lowering to match it
2021-08-24 13:32:22 WARN OpenSAML.MetadataProvider.XML : minRefreshDelay setting exceeds maxRefreshDelay/reloadInterval setting, lowering to match it
2021-08-24 13:32:37 WARN OpenSAML.MetadataProvider.XML : minRefreshDelay setting exceeds maxRefreshDelay/reloadInterval setting, lowering to match it
2021-08-24 13:33:05 WARN OpenSAML.MetadataProvider.XML : minRefreshDelay setting exceeds maxRefreshDelay/reloadInterval setting, lowering to match it
2021-08-24 13:33:58 WARN OpenSAML.MetadataProvider.XML : minRefreshDelay setting exceeds maxRefreshDelay/reloadInterval setting, lowering to match it
2021-08-24 13:35:18 WARN OpenSAML.MetadataProvider.XML : minRefreshDelay setting exceeds maxRefreshDelay/reloadInterval setting, lowering to match it
2021-08-24 13:42:32 WARN OpenSAML.MetadataProvider.XML : minRefreshDelay setting exceeds maxRefreshDelay/reloadInterval setting, lowering to match it
2021-08-24 13:46:58 WARN OpenSAML.MetadataProvider.XML : minRefreshDelay setting exceeds maxRefreshDelay/reloadInterval setting, lowering to match it
2021-08-24 14:01:42 WARN OpenSAML.MetadataProvider.XML : minRefreshDelay setting exceeds maxRefreshDelay/reloadInterval setting, lowering to match it
2021-08-24 14:10:12 WARN OpenSAML.MetadataProvider.XML : minRefreshDelay setting exceeds maxRefreshDelay/reloadInterval setting, lowering to match it
2021-08-24 14:19:46 WARN OpenSAML.MetadataProvider.XML : minRefreshDelay setting exceeds maxRefreshDelay/reloadInterval setting, lowering to match it
2021-08-24 14:38:36 WARN OpenSAML.MetadataProvider.XML : minRefreshDelay setting exceeds maxRefreshDelay/reloadInterval setting, lowering to match it
2021-08-24 14:39:48 ERROR Shibboleth.LogoutInitiator.SAML2 [3] [default]: error issuing SAML 2.0 logout request: No peer encryption credential found.
2021-08-24 14:55:27 WARN OpenSAML.MetadataProvider.XML : minRefreshDelay setting exceeds maxRefreshDelay/reloadInterval setting, lowering to match it
2021-08-24 14:56:52 ERROR Shibboleth.LogoutInitiator.SAML2 [3] [default]: error issuing SAML 2.0 logout request: No peer encryption credential found.
2021-08-24 15:09:10 WARN OpenSAML.MetadataProvider.XML : minRefreshDelay setting exceeds maxRefreshDelay/reloadInterval setting, lowering to match it
2021-08-25 07:35:25 WARN OpenSAML.MetadataProvider.XML : minRefreshDelay setting exceeds maxRefreshDelay/reloadInterval setting, lowering to match it
2021-08-25 08:23:04 WARN OpenSAML.MetadataProvider.XML : minRefreshDelay setting exceeds maxRefreshDelay/reloadInterval setting, lowering to match it
2021-08-25 08:24:29 ERROR Shibboleth.LogoutInitiator.SAML2 [3] [default]: error issuing SAML 2.0 logout request: No peer encryption credential found.
2021-08-25 08:30:52 WARN OpenSAML.MetadataProvider.XML : minRefreshDelay setting exceeds maxRefreshDelay/reloadInterval setting, lowering to match it
2021-08-25 08:59:46 WARN OpenSAML.MetadataProvider.XML : minRefreshDelay setting exceeds maxRefreshDelay/reloadInterval setting, lowering to match it
2021-08-26 06:41:00 WARN OpenSAML.MetadataProvider.XML : minRefreshDelay setting exceeds maxRefreshDelay/reloadInterval setting, lowering to match it
2021-08-26 08:52:44 WARN OpenSAML.MetadataProvider.XML : minRefreshDelay setting exceeds maxRefreshDelay/reloadInterval setting, lowering to match it
2021-08-26 09:13:42 WARN OpenSAML.MetadataProvider.XML : minRefreshDelay setting exceeds maxRefreshDelay/reloadInterval setting, lowering to match it
2021-08-26 11:45:00 WARN OpenSAML.MetadataProvider.XML : minRefreshDelay setting exceeds maxRefreshDelay/reloadInterval setting, lowering to match it
2021-08-26 15:33:23 WARN OpenSAML.MetadataProvider.XML : minRefreshDelay setting exceeds maxRefreshDelay/reloadInterval setting, lowering to match it
2021-08-27 06:56:35 WARN OpenSAML.MetadataProvider.XML : minRefreshDelay setting exceeds maxRefreshDelay/reloadInterval setting, lowering to match it
2021-08-27 07:00:52 ERROR Shibboleth.LogoutInitiator.SAML2 [2] [default]: error issuing SAML 2.0 logout request: No peer encryption credential found.
2021-08-27 08:02:36 WARN OpenSAML.MetadataProvider.XML : minRefreshDelay setting exceeds maxRefreshDelay/reloadInterval setting, lowering to match it
2021-08-27 08:12:01 WARN OpenSAML.MetadataProvider.XML : minRefreshDelay setting exceeds maxRefreshDelay/reloadInterval setting, lowering to match it
2021-08-27 12:33:11 WARN OpenSAML.MetadataProvider.XML : minRefreshDelay setting exceeds maxRefreshDelay/reloadInterval setting, lowering to match it
2021-08-30 09:14:33 WARN OpenSAML.MetadataProvider.XML : minRefreshDelay setting exceeds maxRefreshDelay/reloadInterval setting, lowering to match it
2021-08-30 09:40:22 WARN OpenSAML.MetadataProvider.XML : minRefreshDelay setting exceeds maxRefreshDelay/reloadInterval setting, lowering to match it
2021-08-30 10:04:34 WARN OpenSAML.MetadataProvider.XML : minRefreshDelay setting exceeds maxRefreshDelay/reloadInterval setting, lowering to match it
2021-08-30 10:09:27 WARN OpenSAML.MetadataProvider.XML : minRefreshDelay setting exceeds maxRefreshDelay/reloadInterval setting, lowering to match it
2021-08-30 14:53:36 WARN OpenSAML.MetadataProvider.XML : minRefreshDelay setting exceeds maxRefreshDelay/reloadInterval setting, lowering to match it
2021-08-30 14:55:14 WARN OpenSAML.MetadataProvider.XML : minRefreshDelay setting exceeds maxRefreshDelay/reloadInterval setting, lowering to match it
2021-08-31 10:00:44 WARN OpenSAML.MetadataProvider.XML : minRefreshDelay setting exceeds maxRefreshDelay/reloadInterval setting, lowering to match it
2021-08-31 11:31:23 WARN OpenSAML.MetadataProvider.XML : minRefreshDelay setting exceeds maxRefreshDelay/reloadInterval setting, lowering to match it
2021-08-31 12:45:44 WARN OpenSAML.MetadataProvider.XML : minRefreshDelay setting exceeds maxRefreshDelay/reloadInterval setting, lowering to match it
2021-08-31 13:50:23 WARN OpenSAML.MetadataProvider.XML : minRefreshDelay setting exceeds maxRefreshDelay/reloadInterval setting, lowering to match it
2021-09-01 07:43:35 WARN OpenSAML.MetadataProvider.XML : minRefreshDelay setting exceeds maxRefreshDelay/reloadInterval setting, lowering to match it
2021-09-01 08:51:27 WARN OpenSAML.MetadataProvider.XML : minRefreshDelay setting exceeds maxRefreshDelay/reloadInterval setting, lowering to match it
2021-09-01 08:53:26 WARN OpenSAML.MetadataProvider.XML : minRefreshDelay setting exceeds maxRefreshDelay/reloadInterval setting, lowering to match it
2021-09-01 10:45:56 WARN OpenSAML.MetadataProvider.XML : minRefreshDelay setting exceeds maxRefreshDelay/reloadInterval setting, lowering to match it
2021-09-01 11:02:25 WARN OpenSAML.MetadataProvider.XML : minRefreshDelay setting exceeds maxRefreshDelay/reloadInterval setting, lowering to match it
2021-09-01 11:06:45 WARN OpenSAML.MetadataProvider.XML : minRefreshDelay setting exceeds maxRefreshDelay/reloadInterval setting, lowering to match it
2021-09-01 14:06:09 WARN OpenSAML.MetadataProvider.XML : minRefreshDelay setting exceeds maxRefreshDelay/reloadInterval setting, lowering to match it
2021-09-01 14:14:10 WARN OpenSAML.MetadataProvider.XML : minRefreshDelay setting exceeds maxRefreshDelay/reloadInterval setting, lowering to match it
2021-09-01 15:02:21 WARN OpenSAML.MetadataProvider.XML : minRefreshDelay setting exceeds maxRefreshDelay/reloadInterval setting, lowering to match it
2021-09-02 06:34:18 WARN OpenSAML.MetadataProvider.XML : minRefreshDelay setting exceeds maxRefreshDelay/reloadInterval setting, lowering to match it
2021-09-02 11:46:38 WARN OpenSAML.MetadataProvider.XML : minRefreshDelay setting exceeds maxRefreshDelay/reloadInterval setting, lowering to match it
2021-09-02 12:50:49 WARN OpenSAML.MetadataProvider.XML : minRefreshDelay setting exceeds maxRefreshDelay/reloadInterval setting, lowering to match it
2021-09-02 17:10:56 WARN OpenSAML.MetadataProvider.XML : minRefreshDelay setting exceeds maxRefreshDelay/reloadInterval setting, lowering to match it
2021-09-03 06:17:27 WARN OpenSAML.MetadataProvider.XML : minRefreshDelay setting exceeds maxRefreshDelay/reloadInterval setting, lowering to match it
2021-09-03 12:01:35 WARN OpenSAML.MetadataProvider.XML : minRefreshDelay setting exceeds maxRefreshDelay/reloadInterval setting, lowering to match it
2021-09-03 12:37:41 WARN OpenSAML.MetadataProvider.XML : minRefreshDelay setting exceeds maxRefreshDelay/reloadInterval setting, lowering to match it
2021-09-03 12:52:37 WARN OpenSAML.MetadataProvider.XML : minRefreshDelay setting exceeds maxRefreshDelay/reloadInterval setting, lowering to match it
2021-09-03 12:55:21 WARN OpenSAML.MetadataProvider.XML : minRefreshDelay setting exceeds maxRefreshDelay/reloadInterval setting, lowering to match it
2021-09-03 12:58:11 WARN OpenSAML.MetadataProvider.XML : minRefreshDelay setting exceeds maxRefreshDelay/reloadInterval setting, lowering to match it
2021-09-06 07:53:01 WARN OpenSAML.MetadataProvider.XML : minRefreshDelay setting exceeds maxRefreshDelay/reloadInterval setting, lowering to match it
2021-09-06 07:55:17 WARN OpenSAML.MetadataProvider.XML : minRefreshDelay setting exceeds maxRefreshDelay/reloadInterval setting, lowering to match it
2021-09-06 08:01:42 WARN OpenSAML.MetadataProvider.XML : minRefreshDelay setting exceeds maxRefreshDelay/reloadInterval setting, lowering to match it
2021-09-06 08:04:55 WARN OpenSAML.MetadataProvider.XML : minRefreshDelay setting exceeds maxRefreshDelay/reloadInterval setting, lowering to match it
2021-09-06 08:07:40 WARN OpenSAML.MetadataProvider.XML : minRefreshDelay setting exceeds maxRefreshDelay/reloadInterval setting, lowering to match it
2021-09-06 08:56:15 WARN OpenSAML.MetadataProvider.XML : minRefreshDelay setting exceeds maxRefreshDelay/reloadInterval setting, lowering to match it
2021-09-06 10:37:15 WARN OpenSAML.MetadataProvider.XML : minRefreshDelay setting exceeds maxRefreshDelay/reloadInterval setting, lowering to match it
2021-09-06 10:46:39 WARN OpenSAML.MetadataProvider.XML : minRefreshDelay setting exceeds maxRefreshDelay/reloadInterval setting, lowering to match it
2021-09-06 10:56:35 WARN OpenSAML.MetadataProvider.XML : minRefreshDelay setting exceeds maxRefreshDelay/reloadInterval setting, lowering to match it
2021-09-07 07:43:21 WARN OpenSAML.MetadataProvider.XML : minRefreshDelay setting exceeds maxRefreshDelay/reloadInterval setting, lowering to match it
2021-09-08 12:00:56 WARN OpenSAML.MetadataProvider.XML : minRefreshDelay setting exceeds maxRefreshDelay/reloadInterval setting, lowering to match it
2021-09-08 12:06:14 WARN OpenSAML.MetadataProvider.XML : minRefreshDelay setting exceeds maxRefreshDelay/reloadInterval setting, lowering to match it
2021-09-08 13:23:44 WARN OpenSAML.MetadataProvider.XML : minRefreshDelay setting exceeds maxRefreshDelay/reloadInterval setting, lowering to match it
2021-09-08 13:26:29 WARN OpenSAML.MetadataProvider.XML : minRefreshDelay setting exceeds maxRefreshDelay/reloadInterval setting, lowering to match it
2021-09-08 13:52:24 WARN OpenSAML.MetadataProvider.XML : minRefreshDelay setting exceeds maxRefreshDelay/reloadInterval setting, lowering to match it
2021-09-08 13:53:51 WARN OpenSAML.MetadataProvider.XML : minRefreshDelay setting exceeds maxRefreshDelay/reloadInterval setting, lowering to match it
2021-09-08 13:55:37 WARN OpenSAML.MetadataProvider.XML : minRefreshDelay setting exceeds maxRefreshDelay/reloadInterval setting, lowering to match it
2021-09-08 13:57:52 WARN OpenSAML.MetadataProvider.XML : minRefreshDelay setting exceeds maxRefreshDelay/reloadInterval setting, lowering to match it
2021-09-08 13:57:53 WARN OpenSAML.MetadataProvider.XML : minRefreshDelay setting exceeds maxRefreshDelay/reloadInterval setting, lowering to match it
2021-09-08 13:57:54 WARN OpenSAML.MetadataProvider.XML : minRefreshDelay setting exceeds maxRefreshDelay/reloadInterval setting, lowering to match it
2021-09-08 13:57:55 WARN OpenSAML.MetadataProvider.XML : minRefreshDelay setting exceeds maxRefreshDelay/reloadInterval setting, lowering to match it
2021-09-08 14:00:25 WARN OpenSAML.MetadataProvider.XML : minRefreshDelay setting exceeds maxRefreshDelay/reloadInterval setting, lowering to match it
2021-09-08 14:00:25 WARN OpenSAML.MetadataProvider.XML : minRefreshDelay setting exceeds maxRefreshDelay/reloadInterval setting, lowering to match it
2021-09-08 14:00:26 WARN OpenSAML.MetadataProvider.XML : minRefreshDelay setting exceeds maxRefreshDelay/reloadInterval setting, lowering to match it
2021-09-08 14:00:27 WARN OpenSAML.MetadataProvider.XML : minRefreshDelay setting exceeds maxRefreshDelay/reloadInterval setting, lowering to match it
2021-09-08 14:05:41 WARN OpenSAML.MetadataProvider.XML : minRefreshDelay setting exceeds maxRefreshDelay/reloadInterval setting, lowering to match it
2021-09-08 14:05:42 WARN OpenSAML.MetadataProvider.XML : minRefreshDelay setting exceeds maxRefreshDelay/reloadInterval setting, lowering to match it
2021-09-08 14:05:43 WARN OpenSAML.MetadataProvider.XML : minRefreshDelay setting exceeds maxRefreshDelay/reloadInterval setting, lowering to match it
2021-09-08 14:05:44 WARN OpenSAML.MetadataProvider.XML : minRefreshDelay setting exceeds maxRefreshDelay/reloadInterval setting, lowering to match it
2021-09-08 14:05:45 WARN OpenSAML.MetadataProvider.XML : minRefreshDelay setting exceeds maxRefreshDelay/reloadInterval setting, lowering to match it
2021-09-08 14:05:47 WARN OpenSAML.MetadataProvider.XML : minRefreshDelay setting exceeds maxRefreshDelay/reloadInterval setting, lowering to match it
2021-09-08 14:05:51 WARN OpenSAML.MetadataProvider.XML : minRefreshDelay setting exceeds maxRefreshDelay/reloadInterval setting, lowering to match it
2021-09-08 14:05:58 WARN OpenSAML.MetadataProvider.XML : minRefreshDelay setting exceeds maxRefreshDelay/reloadInterval setting, lowering to match it
2021-09-08 14:06:11 WARN OpenSAML.MetadataProvider.XML : minRefreshDelay setting exceeds maxRefreshDelay/reloadInterval setting, lowering to match it
2021-09-08 14:06:37 WARN OpenSAML.MetadataProvider.XML : minRefreshDelay setting exceeds maxRefreshDelay/reloadInterval setting, lowering to match it
2021-09-08 14:07:27 WARN OpenSAML.MetadataProvider.XML : minRefreshDelay setting exceeds maxRefreshDelay/reloadInterval setting, lowering to match it
2021-09-08 14:07:27 WARN OpenSAML.MetadataProvider.XML : minRefreshDelay setting exceeds maxRefreshDelay/reloadInterval setting, lowering to match it
2021-09-08 14:07:28 WARN OpenSAML.MetadataProvider.XML : minRefreshDelay setting exceeds maxRefreshDelay/reloadInterval setting, lowering to match it
2021-09-08 14:07:29 WARN OpenSAML.MetadataProvider.XML : minRefreshDelay setting exceeds maxRefreshDelay/reloadInterval setting, lowering to match it
2021-09-08 14:18:15 WARN OpenSAML.MetadataProvider.XML : minRefreshDelay setting exceeds maxRefreshDelay/reloadInterval setting, lowering to match it
2021-09-08 14:18:15 WARN OpenSAML.MetadataProvider.XML : minRefreshDelay setting exceeds maxRefreshDelay/reloadInterval setting, lowering to match it
2021-09-08 14:21:28 WARN OpenSAML.MetadataProvider.XML : minRefreshDelay setting exceeds maxRefreshDelay/reloadInterval setting, lowering to match it
